{
"contracts/ERC20PatronageReceipt_v2.sol":{"l":{},"path":"/home/jasoons/Documents/code/contracts/contracts/ERC20PatronageReceipt_v2.sol","s":{},"b":{},"f":{"1":62},"fnMap":{"1":{"name":"constructor","line":16,"loc":{"start":{"line":14,"column":4},"end":{"line":17,"column":5}}}},"statementMap":{},"branchMap":{}},
"contracts/ERC721Patronage_v1.sol":{"l":{"25":62,"26":62,"27":62,"28":62,"30":62,"31":62,"32":62,"40":93},"path":"/home/jasoons/Documents/code/contracts/contracts/ERC721Patronage_v1.sol","s":{"1":62,"2":62,"3":62,"4":62,"5":62,"6":62,"7":62,"8":93},"b":{},"f":{"1":62,"2":93},"fnMap":{"1":{"name":"setup","line":24,"loc":{"start":{"line":19,"column":4},"end":{"line":33,"column":4}}},"2":{"name":"_isApprovedOrOwner","line":35,"loc":{"start":{"line":35,"column":4},"end":{"line":46,"column":4}}}},"statementMap":{"1":{"start":{"line":25,"column":8},"end":{"line":25,"column":25}},"2":{"start":{"line":26,"column":8},"end":{"line":26,"column":26}},"3":{"start":{"line":27,"column":8},"end":{"line":27,"column":36}},"4":{"start":{"line":28,"column":8},"end":{"line":28,"column":46}},"5":{"start":{"line":30,"column":8},"end":{"line":30,"column":55}},"6":{"start":{"line":31,"column":8},"end":{"line":31,"column":35}},"7":{"start":{"line":32,"column":8},"end":{"line":32,"column":25}},"8":{"start":{"line":40,"column":8},"end":{"line":40,"column":35}}},"branchMap":{}},
"contracts/MintManager_v2.sol":{"l":{"15":185,"16":185,"24":62,"25":62,"26":62,"34":185,"35":185,"36":185,"37":185},"path":"/home/jasoons/Documents/code/contracts/contracts/MintManager_v2.sol","s":{"1":185,"2":62,"3":62,"4":62,"5":185,"6":185,"7":185,"8":185},"b":{"1":[185,0]},"f":{"1":185,"2":62,"3":185},"fnMap":{"1":{"name":"onlySteward","line":14,"loc":{"start":{"line":14,"column":4},"end":{"line":17,"column":4}}},"2":{"name":"initialize","line":23,"loc":{"start":{"line":19,"column":4},"end":{"line":27,"column":4}}},"3":{"name":"tokenMint","line":33,"loc":{"start":{"line":29,"column":4},"end":{"line":38,"column":4}}}},"statementMap":{"1":{"start":{"line":15,"column":8},"end":{"line":15,"column":52}},"2":{"start":{"line":24,"column":8},"end":{"line":24,"column":21}},"3":{"start":{"line":25,"column":8},"end":{"line":25,"column":25}},"4":{"start":{"line":26,"column":8},"end":{"line":26,"column":37}},"5":{"start":{"line":34,"column":8},"end":{"line":34,"column":56}},"6":{"start":{"line":35,"column":8},"end":{"line":35,"column":78}},"7":{"start":{"line":36,"column":8},"end":{"line":36,"column":56}},"8":{"start":{"line":37,"column":8},"end":{"line":37,"column":49}}},"branchMap":{"1":{"line":15,"type":"if","locations":[{"start":{"line":15,"column":8},"end":{"line":15,"column":8}},{"start":{"line":15,"column":8},"end":{"line":15,"column":8}}]}}},
"contracts/WildcardSteward_v3.sol":{"l":{"121":10,"122":6,"126":251,"127":247,"131":4,"135":2,"139":98,"140":96,"144":100,"145":100,"149":86,"154":86,"158":4,"159":4,"163":90,"164":86,"167":2,"168":2,"174":86,"179":86,"191":62,"192":62,"193":62,"194":62,"195":62,"207":165,"208":61,"211":104,"212":104,"213":104,"214":530,"215":530,"218":104,"219":104,"220":530,"221":530,"223":104,"234":66,"235":66,"236":66,"237":66,"239":66,"240":165,"241":165,"242":165,"243":165,"244":165,"247":165,"248":165,"249":165,"250":165,"253":165,"254":163,"256":2,"259":165,"265":165,"266":165,"285":2,"287":2,"293":2,"294":2,"296":2,"299":2,"304":1,"312":165,"313":165,"314":165,"315":165,"323":77,"327":75,"329":73,"330":73,"331":73,"332":73,"340":15,"354":232,"367":122,"374":6,"375":5,"377":1,"382":3,"383":3,"391":8,"392":8,"393":1,"395":7,"404":3,"407":3,"411":2,"412":2,"420":208,"421":185,"426":185,"438":110,"439":108,"443":108,"445":108,"446":108,"447":13,"453":13,"456":13,"458":13,"463":13,"464":12,"469":1,"475":13,"477":95,"485":4,"496":108,"498":108,"499":25,"502":108,"509":37,"510":37,"520":1,"521":1,"532":2,"539":2,"541":2,"544":2,"547":2,"559":4,"577":4,"581":4,"585":4,"587":4,"589":4,"591":4,"592":4,"593":4,"594":3,"595":3,"608":208,"610":208,"612":208,"617":15,"619":15,"626":15,"627":15,"628":15,"632":193,"633":193,"634":193,"639":208,"640":208,"644":5,"648":6,"649":2,"650":2,"654":67,"659":67,"660":67,"661":4,"664":63,"667":67,"668":3,"671":64,"694":15,"695":13,"700":13,"702":13,"703":13,"704":13,"705":13,"711":13,"727":71,"731":69,"732":67,"733":67,"735":65,"737":65,"739":65,"740":65,"741":65,"747":65,"751":65,"752":65,"753":65,"754":63,"756":2,"759":2,"762":65,"763":65,"767":13,"768":13,"770":13,"775":13,"776":13,"777":11,"779":2,"782":2,"786":13,"789":13,"793":9,"796":9,"797":9,"800":9,"804":9,"805":1,"810":4,"815":13,"823":6,"824":4,"825":2,"827":2,"830":2,"831":2,"833":2,"838":2,"842":2,"843":2,"851":9,"855":2,"859":1,"863":10,"865":6,"867":6,"868":6,"869":2,"874":13,"875":13,"876":13,"878":13,"887":78,"889":78,"892":78,"894":78,"896":78,"899":78,"900":78,"903":78,"904":13,"907":13,"910":13,"914":78,"916":78,"922":13,"924":13,"927":13,"930":13,"931":13,"934":13},"path":"/home/jasoons/Documents/code/contracts/contracts/WildcardSteward_v3.sol","s":{"1":10,"2":251,"3":4,"4":98,"5":100,"6":86,"7":4,"8":90,"9":2,"10":86,"11":62,"12":62,"13":62,"14":62,"15":62,"16":165,"17":61,"18":104,"19":104,"20":104,"21":530,"22":104,"23":104,"24":530,"25":530,"26":104,"27":66,"28":66,"29":66,"30":66,"31":66,"32":165,"33":165,"34":165,"35":165,"36":165,"37":165,"38":165,"39":165,"40":165,"41":165,"42":163,"43":2,"44":165,"45":165,"46":165,"47":2,"48":2,"49":2,"50":2,"51":2,"52":2,"53":1,"54":165,"55":165,"56":165,"57":165,"58":77,"59":75,"60":73,"61":73,"62":73,"63":73,"64":15,"65":232,"66":122,"67":6,"68":5,"69":1,"70":3,"71":3,"72":8,"73":8,"74":1,"75":7,"76":3,"77":3,"78":2,"79":2,"80":208,"81":185,"82":185,"83":110,"84":108,"85":108,"86":108,"87":108,"88":13,"89":13,"90":13,"91":13,"92":13,"93":12,"94":1,"95":13,"96":95,"97":4,"98":108,"99":108,"100":25,"101":108,"102":37,"103":37,"104":1,"105":1,"106":2,"107":2,"108":2,"109":2,"110":2,"111":4,"112":4,"113":4,"114":4,"115":4,"116":4,"117":4,"118":4,"119":4,"120":3,"121":3,"122":208,"123":208,"124":208,"125":15,"126":15,"127":15,"128":15,"129":15,"130":193,"131":193,"132":193,"133":208,"134":208,"135":5,"136":6,"137":2,"138":2,"139":67,"140":67,"141":67,"142":4,"143":63,"144":67,"145":3,"146":64,"147":15,"148":13,"149":13,"150":13,"151":13,"152":13,"153":13,"154":13,"155":71,"156":69,"157":67,"158":67,"159":65,"160":65,"161":65,"162":65,"163":65,"164":65,"165":65,"166":65,"167":65,"168":63,"169":2,"170":2,"171":65,"172":65,"173":13,"174":13,"175":13,"176":13,"177":13,"178":11,"179":2,"180":2,"181":13,"182":13,"183":9,"184":9,"185":9,"186":9,"187":9,"188":1,"189":4,"190":13,"191":6,"192":4,"193":2,"194":2,"195":2,"196":2,"197":2,"198":2,"199":2,"200":2,"201":9,"202":2,"203":1,"204":10,"205":6,"206":6,"207":6,"208":2,"209":13,"210":13,"211":13,"212":13,"213":78,"214":78,"215":78,"216":78,"217":78,"218":78,"219":78,"220":78,"221":13,"222":13,"223":13,"224":78,"225":78,"226":13,"227":13,"228":13,"229":13,"230":13,"231":13},"b":{"1":[6,4],"2":[247,4],"3":[2,2],"4":[86,0],"5":[86,4],"6":[2,0],"7":[86,0],"8":[61,104],"9":[66,0],"10":[66,0],"11":[66,0],"12":[66,0],"13":[165,0],"14":[163,2],"15":[165,0],"16":[2,0],"17":[165,0],"18":[75,2],"19":[73,2],"20":[5,1],"21":[1,7],"22":[185,23],"23":[13,95],"24":[12,1],"25":[25,83],"26":[37,0],"27":[1,0],"28":[0,2],"29":[4,0],"30":[4,0],"31":[4,0],"32":[4,0],"33":[4,0],"34":[3,1],"35":[15,193],"36":[2,4],"37":[4,63],"38":[3,64],"39":[13,2],"40":[13,0],"41":[69,2],"42":[67,2],"43":[63,2],"44":[11,2],"45":[9,4],"46":[1,8],"47":[4,2],"48":[2,2],"49":[2,0],"50":[6,4],"51":[2,4],"52":[78,0],"53":[13,65]},"f":{"1":10,"2":251,"3":4,"4":98,"5":100,"6":86,"7":4,"8":90,"9":2,"10":86,"11":62,"12":165,"13":66,"14":2,"15":1,"16":165,"17":77,"18":15,"19":232,"20":122,"21":6,"22":3,"23":8,"24":3,"25":2,"26":208,"27":110,"28":4,"29":108,"30":37,"31":1,"32":2,"33":2,"34":4,"35":4,"36":208,"37":5,"38":6,"39":67,"40":15,"41":71,"42":65,"43":13,"44":6,"45":9,"46":2,"47":1,"48":10,"49":13,"50":78,"51":13},"fnMap":{"1":{"name":"onlyPatron","line":120,"loc":{"start":{"line":120,"column":4},"end":{"line":123,"column":4}}},"2":{"name":"onlyAdmin","line":125,"loc":{"start":{"line":125,"column":4},"end":{"line":128,"column":4}}},"3":{"name":"onlyReceivingBenefactorOrAdmin","line":130,"loc":{"start":{"line":130,"column":4},"end":{"line":136,"column":4}}},"4":{"name":"collectPatronageAndSettleBenefactor","line":138,"loc":{"start":{"line":138,"column":4},"end":{"line":141,"column":4}}},"5":{"name":"collectPatronagePatron","line":143,"loc":{"start":{"line":143,"column":4},"end":{"line":146,"column":4}}},"6":{"name":"youCurrentlyAreNotInDefault","line":148,"loc":{"start":{"line":148,"column":4},"end":{"line":155,"column":4}}},"7":{"name":"updateBenefactorBalance","line":157,"loc":{"start":{"line":157,"column":4},"end":{"line":160,"column":4}}},"8":{"name":"priceGreaterThanZero","line":162,"loc":{"start":{"line":162,"column":4},"end":{"line":165,"column":4}}},"9":{"name":"notNullAddress","line":166,"loc":{"start":{"line":166,"column":4},"end":{"line":169,"column":4}}},"10":{"name":"validWildcardsPercentage","line":170,"loc":{"start":{"line":170,"column":4},"end":{"line":180,"column":4}}},"11":{"name":"initialize","line":190,"loc":{"start":{"line":182,"column":4},"end":{"line":200,"column":4}}},"12":{"name":"uintToStr","line":202,"loc":{"start":{"line":202,"column":4},"end":{"line":224,"column":4}}},"13":{"name":"listNewTokens","line":233,"loc":{"start":{"line":226,"column":4},"end":{"line":273,"column":4}}},"14":{"name":"changeReceivingBenefactor","line":283,"loc":{"start":{"line":275,"column":4},"end":{"line":301,"column":4}}},"15":{"name":"changeAdmin","line":303,"loc":{"start":{"line":303,"column":4},"end":{"line":305,"column":4}}},"16":{"name":"changeArtistAddressAndCommission","line":311,"loc":{"start":{"line":307,"column":4},"end":{"line":316,"column":4}}},"17":{"name":"_changeAuctionParameters","line":318,"loc":{"start":{"line":318,"column":4},"end":{"line":333,"column":4}}},"18":{"name":"changeAuctionParameters","line":339,"loc":{"start":{"line":335,"column":4},"end":{"line":345,"column":4}}},"19":{"name":"patronageOwedPatron","line":347,"loc":{"start":{"line":347,"column":4},"end":{"line":358,"column":4}}},"20":{"name":"patronageDueBenefactor","line":360,"loc":{"start":{"line":360,"column":4},"end":{"line":371,"column":4}}},"21":{"name":"foreclosedPatron","line":373,"loc":{"start":{"line":373,"column":4},"end":{"line":379,"column":4}}},"22":{"name":"foreclosed","line":381,"loc":{"start":{"line":381,"column":4},"end":{"line":384,"column":4}}},"23":{"name":"depositAbleToWithdraw","line":386,"loc":{"start":{"line":386,"column":4},"end":{"line":397,"column":4}}},"24":{"name":"foreclosureTimePatron","line":399,"loc":{"start":{"line":399,"column":4},"end":{"line":408,"column":4}}},"25":{"name":"foreclosureTime","line":410,"loc":{"start":{"line":410,"column":4},"end":{"line":413,"column":4}}},"26":{"name":"_collectLoyaltyPatron","line":416,"loc":{"start":{"line":416,"column":4},"end":{"line":433,"column":4}}},"27":{"name":"_collectPatronageAndSettleBenefactor","line":437,"loc":{"start":{"line":437,"column":4},"end":{"line":479,"column":4}}},"28":{"name":"safeSend","line":481,"loc":{"start":{"line":481,"column":4},"end":{"line":486,"column":4}}},"29":{"name":"_updateBenefactorBalance","line":495,"loc":{"start":{"line":495,"column":4},"end":{"line":503,"column":4}}},"30":{"name":"_increaseBenefactorBalance","line":505,"loc":{"start":{"line":505,"column":4},"end":{"line":514,"column":4}}},"31":{"name":"_decreaseBenefactorBalance","line":516,"loc":{"start":{"line":516,"column":4},"end":{"line":525,"column":4}}},"32":{"name":"fundsDueForAuctionPeriodAtCurrentRate","line":527,"loc":{"start":{"line":527,"column":4},"end":{"line":536,"column":4}}},"33":{"name":"withdrawBenefactorFundsTo","line":538,"loc":{"start":{"line":538,"column":4},"end":{"line":551,"column":4}}},"34":{"name":"hasher","line":553,"loc":{"start":{"line":553,"column":4},"end":{"line":566,"column":4}}},"35":{"name":"withdrawBenefactorFundsToValidated","line":568,"loc":{"start":{"line":568,"column":4},"end":{"line":602,"column":4}}},"36":{"name":"_collectPatronagePatron","line":604,"loc":{"start":{"line":604,"column":4},"end":{"line":641,"column":4}}},"37":{"name":"depositWei","line":643,"loc":{"start":{"line":643,"column":4},"end":{"line":645,"column":4}}},"38":{"name":"depositWeiPatron","line":647,"loc":{"start":{"line":647,"column":4},"end":{"line":651,"column":4}}},"39":{"name":"_auctionPrice","line":653,"loc":{"start":{"line":653,"column":4},"end":{"line":678,"column":4}}},"40":{"name":"buy","line":692,"loc":{"start":{"line":680,"column":4},"end":{"line":712,"column":4}}},"41":{"name":"buyAuction","line":725,"loc":{"start":{"line":714,"column":4},"end":{"line":748,"column":4}}},"42":{"name":"_distributeAuctionProceeds","line":750,"loc":{"start":{"line":750,"column":4},"end":{"line":764,"column":4}}},"43":{"name":"_distributePurchaseProceeds","line":766,"loc":{"start":{"line":766,"column":4},"end":{"line":816,"column":4}}},"44":{"name":"changePrice","line":821,"loc":{"start":{"line":818,"column":4},"end":{"line":844,"column":4}}},"45":{"name":"withdrawDeposit","line":848,"loc":{"start":{"line":846,"column":4},"end":{"line":852,"column":4}}},"46":{"name":"withdrawBenefactorFunds","line":854,"loc":{"start":{"line":854,"column":4},"end":{"line":856,"column":4}}},"47":{"name":"exit","line":858,"loc":{"start":{"line":858,"column":4},"end":{"line":860,"column":4}}},"48":{"name":"_withdrawDeposit","line":862,"loc":{"start":{"line":862,"column":4},"end":{"line":871,"column":4}}},"49":{"name":"_foreclose","line":873,"loc":{"start":{"line":873,"column":4},"end":{"line":879,"column":4}}},"50":{"name":"transferAssetTokenTo","line":881,"loc":{"start":{"line":881,"column":4},"end":{"line":917,"column":4}}},"51":{"name":"resetTokenOnForeclosure","line":919,"loc":{"start":{"line":919,"column":4},"end":{"line":935,"column":4}}}},"statementMap":{"1":{"start":{"line":121,"column":8},"end":{"line":121,"column":71}},"2":{"start":{"line":126,"column":8},"end":{"line":126,"column":48}},"3":{"start":{"line":131,"column":8},"end":{"line":131,"column":5301}},"4":{"start":{"line":139,"column":8},"end":{"line":139,"column":52}},"5":{"start":{"line":144,"column":8},"end":{"line":144,"column":43}},"6":{"start":{"line":149,"column":8},"end":{"line":149,"column":5784}},"7":{"start":{"line":158,"column":8},"end":{"line":158,"column":43}},"8":{"start":{"line":163,"column":8},"end":{"line":163,"column":46}},"9":{"start":{"line":167,"column":8},"end":{"line":167,"column":58}},"10":{"start":{"line":174,"column":8},"end":{"line":174,"column":6457}},"11":{"start":{"line":191,"column":8},"end":{"line":191,"column":51}},"12":{"start":{"line":192,"column":8},"end":{"line":192,"column":21}},"13":{"start":{"line":193,"column":8},"end":{"line":193,"column":51}},"14":{"start":{"line":194,"column":8},"end":{"line":194,"column":49}},"15":{"start":{"line":195,"column":8},"end":{"line":195,"column":7178}},"16":{"start":{"line":207,"column":8},"end":{"line":207,"column":7436}},"17":{"start":{"line":208,"column":12},"end":{"line":208,"column":22}},"18":{"start":{"line":211,"column":8},"end":{"line":211,"column":22}},"19":{"start":{"line":212,"column":8},"end":{"line":212,"column":19}},"20":{"start":{"line":213,"column":8},"end":{"line":213,"column":7539}},"21":{"start":{"line":215,"column":12},"end":{"line":215,"column":18}},"22":{"start":{"line":218,"column":8},"end":{"line":218,"column":42}},"23":{"start":{"line":219,"column":8},"end":{"line":219,"column":7659}},"24":{"start":{"line":220,"column":12},"end":{"line":220,"column":54}},"25":{"start":{"line":221,"column":12},"end":{"line":221,"column":19}},"26":{"start":{"line":223,"column":8},"end":{"line":223,"column":27}},"27":{"start":{"line":234,"column":8},"end":{"line":234,"column":51}},"28":{"start":{"line":235,"column":8},"end":{"line":235,"column":58}},"29":{"start":{"line":236,"column":8},"end":{"line":236,"column":51}},"30":{"start":{"line":237,"column":8},"end":{"line":237,"column":58}},"31":{"start":{"line":239,"column":8},"end":{"line":239,"column":8337}},"32":{"start":{"line":240,"column":12},"end":{"line":240,"column":48}},"33":{"start":{"line":241,"column":12},"end":{"line":241,"column":65}},"34":{"start":{"line":242,"column":12},"end":{"line":242,"column":57}},"35":{"start":{"line":243,"column":12},"end":{"line":243,"column":71}},"36":{"start":{"line":244,"column":12},"end":{"line":244,"column":8648}},"37":{"start":{"line":247,"column":12},"end":{"line":247,"column":74}},"38":{"start":{"line":248,"column":12},"end":{"line":248,"column":51}},"39":{"start":{"line":249,"column":12},"end":{"line":249,"column":53}},"40":{"start":{"line":250,"column":12},"end":{"line":250,"column":65}},"41":{"start":{"line":253,"column":12},"end":{"line":253,"column":9093}},"42":{"start":{"line":254,"column":16},"end":{"line":254,"column":58}},"43":{"start":{"line":256,"column":16},"end":{"line":256,"column":70}},"44":{"start":{"line":259,"column":12},"end":{"line":259,"column":9305}},"45":{"start":{"line":265,"column":12},"end":{"line":265,"column":9602}},"46":{"start":{"line":266,"column":16},"end":{"line":266,"column":9649}},"47":{"start":{"line":285,"column":8},"end":{"line":285,"column":51}},"48":{"start":{"line":287,"column":8},"end":{"line":287,"column":10239}},"49":{"start":{"line":293,"column":8},"end":{"line":293,"column":77}},"50":{"start":{"line":294,"column":8},"end":{"line":294,"column":10568}},"51":{"start":{"line":296,"column":8},"end":{"line":296,"column":10697}},"52":{"start":{"line":299,"column":8},"end":{"line":299,"column":53}},"53":{"start":{"line":304,"column":8},"end":{"line":304,"column":21}},"54":{"start":{"line":312,"column":8},"end":{"line":312,"column":57}},"55":{"start":{"line":313,"column":8},"end":{"line":313,"column":46}},"56":{"start":{"line":314,"column":8},"end":{"line":314,"column":47}},"57":{"start":{"line":315,"column":8},"end":{"line":315,"column":65}},"58":{"start":{"line":323,"column":8},"end":{"line":323,"column":11574}},"59":{"start":{"line":327,"column":8},"end":{"line":327,"column":67}},"60":{"start":{"line":329,"column":8},"end":{"line":329,"column":45}},"61":{"start":{"line":330,"column":8},"end":{"line":330,"column":41}},"62":{"start":{"line":331,"column":8},"end":{"line":331,"column":37}},"63":{"start":{"line":332,"column":8},"end":{"line":332,"column":38}},"64":{"start":{"line":340,"column":8},"end":{"line":340,"column":12112}},"65":{"start":{"line":354,"column":8},"end":{"line":354,"column":12686}},"66":{"start":{"line":367,"column":8},"end":{"line":367,"column":13280}},"67":{"start":{"line":374,"column":8},"end":{"line":374,"column":13517}},"68":{"start":{"line":375,"column":12},"end":{"line":375,"column":23}},"69":{"start":{"line":377,"column":12},"end":{"line":377,"column":24}},"70":{"start":{"line":382,"column":8},"end":{"line":382,"column":57}},"71":{"start":{"line":383,"column":8},"end":{"line":383,"column":44}},"72":{"start":{"line":391,"column":8},"end":{"line":391,"column":61}},"73":{"start":{"line":392,"column":8},"end":{"line":392,"column":14035}},"74":{"start":{"line":393,"column":12},"end":{"line":393,"column":20}},"75":{"start":{"line":395,"column":12},"end":{"line":395,"column":55}},"76":{"start":{"line":404,"column":8},"end":{"line":404,"column":14315}},"77":{"start":{"line":407,"column":8},"end":{"line":407,"column":67}},"78":{"start":{"line":411,"column":8},"end":{"line":411,"column":57}},"79":{"start":{"line":412,"column":8},"end":{"line":412,"column":49}},"80":{"start":{"line":420,"column":8},"end":{"line":420,"column":14836}},"81":{"start":{"line":421,"column":12},"end":{"line":421,"column":14882}},"82":{"start":{"line":426,"column":12},"end":{"line":426,"column":15057}},"83":{"start":{"line":438,"column":8},"end":{"line":438,"column":57}},"84":{"start":{"line":439,"column":8},"end":{"line":439,"column":15552}},"85":{"start":{"line":443,"column":8},"end":{"line":443,"column":49}},"86":{"start":{"line":445,"column":8},"end":{"line":445,"column":64}},"87":{"start":{"line":446,"column":8},"end":{"line":446,"column":15854}},"88":{"start":{"line":447,"column":12},"end":{"line":447,"column":15935}},"89":{"start":{"line":453,"column":16},"end":{"line":453,"column":16175}},"90":{"start":{"line":456,"column":12},"end":{"line":456,"column":30}},"91":{"start":{"line":458,"column":12},"end":{"line":458,"column":16321}},"92":{"start":{"line":463,"column":12},"end":{"line":463,"column":16507}},"93":{"start":{"line":464,"column":16},"end":{"line":464,"column":16595}},"94":{"start":{"line":469,"column":16},"end":{"line":469,"column":16792}},"95":{"start":{"line":475,"column":12},"end":{"line":475,"column":56}},"96":{"start":{"line":477,"column":12},"end":{"line":477,"column":47}},"97":{"start":{"line":485,"column":8},"end":{"line":485,"column":69}},"98":{"start":{"line":496,"column":8},"end":{"line":496,"column":75}},"99":{"start":{"line":498,"column":8},"end":{"line":498,"column":17672}},"100":{"start":{"line":499,"column":12},"end":{"line":499,"column":73}},"101":{"start":{"line":502,"column":8},"end":{"line":502,"column":52}},"102":{"start":{"line":509,"column":8},"end":{"line":509,"column":17988}},"103":{"start":{"line":510,"column":12},"end":{"line":510,"column":18045}},"104":{"start":{"line":520,"column":8},"end":{"line":520,"column":18304}},"105":{"start":{"line":521,"column":12},"end":{"line":521,"column":18360}},"106":{"start":{"line":532,"column":8},"end":{"line":532,"column":18634}},"107":{"start":{"line":539,"column":8},"end":{"line":539,"column":43}},"108":{"start":{"line":541,"column":8},"end":{"line":541,"column":65}},"109":{"start":{"line":544,"column":12},"end":{"line":544,"column":19064}},"110":{"start":{"line":547,"column":8},"end":{"line":547,"column":19126}},"111":{"start":{"line":559,"column":8},"end":{"line":559,"column":19514}},"112":{"start":{"line":577,"column":8},"end":{"line":577,"column":19983}},"113":{"start":{"line":581,"column":8},"end":{"line":581,"column":20113}},"114":{"start":{"line":585,"column":8},"end":{"line":585,"column":46}},"115":{"start":{"line":587,"column":8},"end":{"line":587,"column":43}},"116":{"start":{"line":589,"column":8},"end":{"line":589,"column":65}},"117":{"start":{"line":591,"column":8},"end":{"line":591,"column":20394}},"118":{"start":{"line":592,"column":12},"end":{"line":592,"column":20441}},"119":{"start":{"line":593,"column":16},"end":{"line":593,"column":20501}},"120":{"start":{"line":594,"column":20},"end":{"line":594,"column":50}},"121":{"start":{"line":595,"column":20},"end":{"line":595,"column":20628}},"122":{"start":{"line":608,"column":8},"end":{"line":608,"column":77}},"123":{"start":{"line":610,"column":8},"end":{"line":610,"column":33}},"124":{"start":{"line":612,"column":8},"end":{"line":612,"column":21060}},"125":{"start":{"line":617,"column":16},"end":{"line":617,"column":21245}},"126":{"start":{"line":619,"column":12},"end":{"line":619,"column":21302}},"127":{"start":{"line":626,"column":12},"end":{"line":626,"column":83}},"128":{"start":{"line":627,"column":12},"end":{"line":627,"column":35}},"129":{"start":{"line":628,"column":12},"end":{"line":628,"column":21715}},"130":{"start":{"line":632,"column":12},"end":{"line":632,"column":76}},"131":{"start":{"line":633,"column":12},"end":{"line":633,"column":53}},"132":{"start":{"line":634,"column":12},"end":{"line":634,"column":21994}},"133":{"start":{"line":639,"column":8},"end":{"line":639,"column":60}},"134":{"start":{"line":640,"column":8},"end":{"line":640,"column":70}},"135":{"start":{"line":644,"column":8},"end":{"line":644,"column":35}},"136":{"start":{"line":648,"column":8},"end":{"line":648,"column":66}},"137":{"start":{"line":649,"column":8},"end":{"line":649,"column":55}},"138":{"start":{"line":650,"column":8},"end":{"line":650,"column":60}},"139":{"start":{"line":654,"column":8},"end":{"line":654,"column":22684}},"140":{"start":{"line":659,"column":8},"end":{"line":659,"column":34}},"141":{"start":{"line":660,"column":8},"end":{"line":660,"column":22911}},"142":{"start":{"line":661,"column":12},"end":{"line":661,"column":46}},"143":{"start":{"line":664,"column":12},"end":{"line":664,"column":49}},"144":{"start":{"line":667,"column":8},"end":{"line":667,"column":23163}},"145":{"start":{"line":668,"column":12},"end":{"line":668,"column":34}},"146":{"start":{"line":671,"column":12},"end":{"line":671,"column":23368}},"147":{"start":{"line":694,"column":8},"end":{"line":694,"column":72}},"148":{"start":{"line":695,"column":8},"end":{"line":695,"column":24133}},"149":{"start":{"line":700,"column":8},"end":{"line":700,"column":43}},"150":{"start":{"line":702,"column":8},"end":{"line":702,"column":58}},"151":{"start":{"line":703,"column":8},"end":{"line":703,"column":72}},"152":{"start":{"line":704,"column":8},"end":{"line":704,"column":78}},"153":{"start":{"line":705,"column":8},"end":{"line":705,"column":24522}},"154":{"start":{"line":711,"column":8},"end":{"line":711,"column":48}},"155":{"start":{"line":727,"column":8},"end":{"line":727,"column":25131}},"156":{"start":{"line":731,"column":8},"end":{"line":731,"column":76}},"157":{"start":{"line":732,"column":8},"end":{"line":732,"column":58}},"158":{"start":{"line":733,"column":8},"end":{"line":733,"column":75}},"159":{"start":{"line":735,"column":8},"end":{"line":735,"column":42}},"160":{"start":{"line":737,"column":8},"end":{"line":737,"column":42}},"161":{"start":{"line":739,"column":8},"end":{"line":739,"column":58}},"162":{"start":{"line":740,"column":8},"end":{"line":740,"column":78}},"163":{"start":{"line":741,"column":8},"end":{"line":741,"column":25700}},"164":{"start":{"line":747,"column":8},"end":{"line":747,"column":48}},"165":{"start":{"line":751,"column":8},"end":{"line":751,"column":44}},"166":{"start":{"line":752,"column":8},"end":{"line":752,"column":28}},"167":{"start":{"line":753,"column":8},"end":{"line":753,"column":26050}},"168":{"start":{"line":754,"column":12},"end":{"line":754,"column":27}},"169":{"start":{"line":756,"column":12},"end":{"line":756,"column":26152}},"170":{"start":{"line":759,"column":12},"end":{"line":759,"column":26288}},"171":{"start":{"line":762,"column":8},"end":{"line":762,"column":63}},"172":{"start":{"line":763,"column":8},"end":{"line":763,"column":59}},"173":{"start":{"line":767,"column":8},"end":{"line":767,"column":44}},"174":{"start":{"line":768,"column":8},"end":{"line":768,"column":57}},"175":{"start":{"line":770,"column":8},"end":{"line":770,"column":26713}},"176":{"start":{"line":775,"column":8},"end":{"line":775,"column":28}},"177":{"start":{"line":776,"column":8},"end":{"line":776,"column":26882}},"178":{"start":{"line":777,"column":12},"end":{"line":777,"column":27}},"179":{"start":{"line":779,"column":12},"end":{"line":779,"column":26984}},"180":{"start":{"line":782,"column":12},"end":{"line":782,"column":27120}},"181":{"start":{"line":786,"column":8},"end":{"line":786,"column":27242}},"182":{"start":{"line":789,"column":8},"end":{"line":789,"column":27346}},"183":{"start":{"line":793,"column":12},"end":{"line":793,"column":27493}},"184":{"start":{"line":796,"column":12},"end":{"line":796,"column":35}},"185":{"start":{"line":797,"column":12},"end":{"line":797,"column":27663}},"186":{"start":{"line":800,"column":12},"end":{"line":800,"column":27819}},"187":{"start":{"line":804,"column":12},"end":{"line":804,"column":27942}},"188":{"start":{"line":805,"column":16},"end":{"line":805,"column":27986}},"189":{"start":{"line":810,"column":12},"end":{"line":810,"column":28143}},"190":{"start":{"line":815,"column":8},"end":{"line":815,"column":59}},"191":{"start":{"line":823,"column":8},"end":{"line":823,"column":71}},"192":{"start":{"line":824,"column":8},"end":{"line":824,"column":49}},"193":{"start":{"line":825,"column":8},"end":{"line":825,"column":60}},"194":{"start":{"line":827,"column":8},"end":{"line":827,"column":28691}},"195":{"start":{"line":830,"column":8},"end":{"line":830,"column":75}},"196":{"start":{"line":831,"column":8},"end":{"line":831,"column":54}},"197":{"start":{"line":833,"column":8},"end":{"line":833,"column":28951}},"198":{"start":{"line":838,"column":8},"end":{"line":838,"column":29118}},"199":{"start":{"line":842,"column":8},"end":{"line":842,"column":33}},"200":{"start":{"line":843,"column":8},"end":{"line":843,"column":49}},"201":{"start":{"line":851,"column":8},"end":{"line":851,"column":29}},"202":{"start":{"line":855,"column":8},"end":{"line":855,"column":44}},"203":{"start":{"line":859,"column":8},"end":{"line":859,"column":44}},"204":{"start":{"line":863,"column":8},"end":{"line":863,"column":67}},"205":{"start":{"line":865,"column":8},"end":{"line":865,"column":58}},"206":{"start":{"line":867,"column":8},"end":{"line":867,"column":76}},"207":{"start":{"line":868,"column":8},"end":{"line":868,"column":30019}},"208":{"start":{"line":869,"column":12},"end":{"line":869,"column":38}},"209":{"start":{"line":874,"column":8},"end":{"line":874,"column":58}},"210":{"start":{"line":875,"column":8},"end":{"line":875,"column":53}},"211":{"start":{"line":876,"column":8},"end":{"line":876,"column":47}},"212":{"start":{"line":878,"column":8},"end":{"line":878,"column":77}},"213":{"start":{"line":887,"column":8},"end":{"line":887,"column":60}},"214":{"start":{"line":889,"column":8},"end":{"line":889,"column":30640}},"215":{"start":{"line":892,"column":8},"end":{"line":892,"column":75}},"216":{"start":{"line":894,"column":8},"end":{"line":894,"column":30844}},"217":{"start":{"line":896,"column":8},"end":{"line":896,"column":30973}},"218":{"start":{"line":899,"column":8},"end":{"line":899,"column":54}},"219":{"start":{"line":900,"column":8},"end":{"line":900,"column":31158}},"220":{"start":{"line":903,"column":8},"end":{"line":903,"column":31274}},"221":{"start":{"line":904,"column":12},"end":{"line":904,"column":31382}},"222":{"start":{"line":907,"column":12},"end":{"line":907,"column":31528}},"223":{"start":{"line":910,"column":12},"end":{"line":910,"column":31673}},"224":{"start":{"line":914,"column":8},"end":{"line":914,"column":65}},"225":{"start":{"line":916,"column":8},"end":{"line":916,"column":33}},"226":{"start":{"line":922,"column":8},"end":{"line":922,"column":77}},"227":{"start":{"line":924,"column":8},"end":{"line":924,"column":32111}},"228":{"start":{"line":927,"column":8},"end":{"line":927,"column":32251}},"229":{"start":{"line":930,"column":8},"end":{"line":930,"column":54}},"230":{"start":{"line":931,"column":8},"end":{"line":931,"column":32441}},"231":{"start":{"line":934,"column":8},"end":{"line":934,"column":69}}},"branchMap":{"1":{"line":121,"type":"if","locations":[{"start":{"line":121,"column":8},"end":{"line":121,"column":8}},{"start":{"line":121,"column":8},"end":{"line":121,"column":8}}]},"2":{"line":126,"type":"if","locations":[{"start":{"line":126,"column":8},"end":{"line":126,"column":8}},{"start":{"line":126,"column":8},"end":{"line":126,"column":8}}]},"3":{"line":131,"type":"if","locations":[{"start":{"line":131,"column":8},"end":{"line":131,"column":8}},{"start":{"line":131,"column":8},"end":{"line":131,"column":8}}]},"4":{"line":149,"type":"if","locations":[{"start":{"line":149,"column":8},"end":{"line":149,"column":8}},{"start":{"line":149,"column":8},"end":{"line":149,"column":8}}]},"5":{"line":163,"type":"if","locations":[{"start":{"line":163,"column":8},"end":{"line":163,"column":8}},{"start":{"line":163,"column":8},"end":{"line":163,"column":8}}]},"6":{"line":167,"type":"if","locations":[{"start":{"line":167,"column":8},"end":{"line":167,"column":8}},{"start":{"line":167,"column":8},"end":{"line":167,"column":8}}]},"7":{"line":174,"type":"if","locations":[{"start":{"line":174,"column":8},"end":{"line":174,"column":8}},{"start":{"line":174,"column":8},"end":{"line":174,"column":8}}]},"8":{"line":207,"type":"if","locations":[{"start":{"line":207,"column":8},"end":{"line":207,"column":8}},{"start":{"line":207,"column":8},"end":{"line":207,"column":8}}]},"9":{"line":234,"type":"if","locations":[{"start":{"line":234,"column":8},"end":{"line":234,"column":8}},{"start":{"line":234,"column":8},"end":{"line":234,"column":8}}]},"10":{"line":235,"type":"if","locations":[{"start":{"line":235,"column":8},"end":{"line":235,"column":8}},{"start":{"line":235,"column":8},"end":{"line":235,"column":8}}]},"11":{"line":236,"type":"if","locations":[{"start":{"line":236,"column":8},"end":{"line":236,"column":8}},{"start":{"line":236,"column":8},"end":{"line":236,"column":8}}]},"12":{"line":237,"type":"if","locations":[{"start":{"line":237,"column":8},"end":{"line":237,"column":8}},{"start":{"line":237,"column":8},"end":{"line":237,"column":8}}]},"13":{"line":241,"type":"if","locations":[{"start":{"line":241,"column":12},"end":{"line":241,"column":12}},{"start":{"line":241,"column":12},"end":{"line":241,"column":12}}]},"14":{"line":253,"type":"if","locations":[{"start":{"line":253,"column":12},"end":{"line":253,"column":12}},{"start":{"line":253,"column":12},"end":{"line":253,"column":12}}]},"15":{"line":265,"type":"if","locations":[{"start":{"line":265,"column":12},"end":{"line":265,"column":12}},{"start":{"line":265,"column":12},"end":{"line":265,"column":12}}]},"16":{"line":287,"type":"if","locations":[{"start":{"line":287,"column":8},"end":{"line":287,"column":8}},{"start":{"line":287,"column":8},"end":{"line":287,"column":8}}]},"17":{"line":312,"type":"if","locations":[{"start":{"line":312,"column":8},"end":{"line":312,"column":8}},{"start":{"line":312,"column":8},"end":{"line":312,"column":8}}]},"18":{"line":323,"type":"if","locations":[{"start":{"line":323,"column":8},"end":{"line":323,"column":8}},{"start":{"line":323,"column":8},"end":{"line":323,"column":8}}]},"19":{"line":327,"type":"if","locations":[{"start":{"line":327,"column":8},"end":{"line":327,"column":8}},{"start":{"line":327,"column":8},"end":{"line":327,"column":8}}]},"20":{"line":374,"type":"if","locations":[{"start":{"line":374,"column":8},"end":{"line":374,"column":8}},{"start":{"line":374,"column":8},"end":{"line":374,"column":8}}]},"21":{"line":392,"type":"if","locations":[{"start":{"line":392,"column":8},"end":{"line":392,"column":8}},{"start":{"line":392,"column":8},"end":{"line":392,"column":8}}]},"22":{"line":420,"type":"if","locations":[{"start":{"line":420,"column":8},"end":{"line":420,"column":8}},{"start":{"line":420,"column":8},"end":{"line":420,"column":8}}]},"23":{"line":446,"type":"if","locations":[{"start":{"line":446,"column":8},"end":{"line":446,"column":8}},{"start":{"line":446,"column":8},"end":{"line":446,"column":8}}]},"24":{"line":463,"type":"if","locations":[{"start":{"line":463,"column":12},"end":{"line":463,"column":12}},{"start":{"line":463,"column":12},"end":{"line":463,"column":12}}]},"25":{"line":498,"type":"if","locations":[{"start":{"line":498,"column":8},"end":{"line":498,"column":8}},{"start":{"line":498,"column":8},"end":{"line":498,"column":8}}]},"26":{"line":509,"type":"if","locations":[{"start":{"line":509,"column":8},"end":{"line":509,"column":8}},{"start":{"line":509,"column":8},"end":{"line":509,"column":8}}]},"27":{"line":520,"type":"if","locations":[{"start":{"line":520,"column":8},"end":{"line":520,"column":8}},{"start":{"line":520,"column":8},"end":{"line":520,"column":8}}]},"28":{"line":547,"type":"if","locations":[{"start":{"line":547,"column":8},"end":{"line":547,"column":8}},{"start":{"line":547,"column":8},"end":{"line":547,"column":8}}]},"29":{"line":577,"type":"if","locations":[{"start":{"line":577,"column":8},"end":{"line":577,"column":8}},{"start":{"line":577,"column":8},"end":{"line":577,"column":8}}]},"30":{"line":581,"type":"if","locations":[{"start":{"line":581,"column":8},"end":{"line":581,"column":8}},{"start":{"line":581,"column":8},"end":{"line":581,"column":8}}]},"31":{"line":585,"type":"if","locations":[{"start":{"line":585,"column":8},"end":{"line":585,"column":8}},{"start":{"line":585,"column":8},"end":{"line":585,"column":8}}]},"32":{"line":591,"type":"if","locations":[{"start":{"line":591,"column":8},"end":{"line":591,"column":8}},{"start":{"line":591,"column":8},"end":{"line":591,"column":8}}]},"33":{"line":592,"type":"if","locations":[{"start":{"line":592,"column":12},"end":{"line":592,"column":12}},{"start":{"line":592,"column":12},"end":{"line":592,"column":12}}]},"34":{"line":593,"type":"if","locations":[{"start":{"line":593,"column":16},"end":{"line":593,"column":16}},{"start":{"line":593,"column":16},"end":{"line":593,"column":16}}]},"35":{"line":612,"type":"if","locations":[{"start":{"line":612,"column":8},"end":{"line":612,"column":8}},{"start":{"line":612,"column":8},"end":{"line":612,"column":8}}]},"36":{"line":648,"type":"if","locations":[{"start":{"line":648,"column":8},"end":{"line":648,"column":8}},{"start":{"line":648,"column":8},"end":{"line":648,"column":8}}]},"37":{"line":660,"type":"if","locations":[{"start":{"line":660,"column":8},"end":{"line":660,"column":8}},{"start":{"line":660,"column":8},"end":{"line":660,"column":8}}]},"38":{"line":667,"type":"if","locations":[{"start":{"line":667,"column":8},"end":{"line":667,"column":8}},{"start":{"line":667,"column":8},"end":{"line":667,"column":8}}]},"39":{"line":694,"type":"if","locations":[{"start":{"line":694,"column":8},"end":{"line":694,"column":8}},{"start":{"line":694,"column":8},"end":{"line":694,"column":8}}]},"40":{"line":695,"type":"if","locations":[{"start":{"line":695,"column":8},"end":{"line":695,"column":8}},{"start":{"line":695,"column":8},"end":{"line":695,"column":8}}]},"41":{"line":727,"type":"if","locations":[{"start":{"line":727,"column":8},"end":{"line":727,"column":8}},{"start":{"line":727,"column":8},"end":{"line":727,"column":8}}]},"42":{"line":731,"type":"if","locations":[{"start":{"line":731,"column":8},"end":{"line":731,"column":8}},{"start":{"line":731,"column":8},"end":{"line":731,"column":8}}]},"43":{"line":753,"type":"if","locations":[{"start":{"line":753,"column":8},"end":{"line":753,"column":8}},{"start":{"line":753,"column":8},"end":{"line":753,"column":8}}]},"44":{"line":776,"type":"if","locations":[{"start":{"line":776,"column":8},"end":{"line":776,"column":8}},{"start":{"line":776,"column":8},"end":{"line":776,"column":8}}]},"45":{"line":789,"type":"if","locations":[{"start":{"line":789,"column":8},"end":{"line":789,"column":8}},{"start":{"line":789,"column":8},"end":{"line":789,"column":8}}]},"46":{"line":804,"type":"if","locations":[{"start":{"line":804,"column":12},"end":{"line":804,"column":12}},{"start":{"line":804,"column":12},"end":{"line":804,"column":12}}]},"47":{"line":823,"type":"if","locations":[{"start":{"line":823,"column":8},"end":{"line":823,"column":8}},{"start":{"line":823,"column":8},"end":{"line":823,"column":8}}]},"48":{"line":824,"type":"if","locations":[{"start":{"line":824,"column":8},"end":{"line":824,"column":8}},{"start":{"line":824,"column":8},"end":{"line":824,"column":8}}]},"49":{"line":825,"type":"if","locations":[{"start":{"line":825,"column":8},"end":{"line":825,"column":8}},{"start":{"line":825,"column":8},"end":{"line":825,"column":8}}]},"50":{"line":863,"type":"if","locations":[{"start":{"line":863,"column":8},"end":{"line":863,"column":8}},{"start":{"line":863,"column":8},"end":{"line":863,"column":8}}]},"51":{"line":868,"type":"if","locations":[{"start":{"line":868,"column":8},"end":{"line":868,"column":8}},{"start":{"line":868,"column":8},"end":{"line":868,"column":8}}]},"52":{"line":887,"type":"if","locations":[{"start":{"line":887,"column":8},"end":{"line":887,"column":8}},{"start":{"line":887,"column":8},"end":{"line":887,"column":8}}]},"53":{"line":903,"type":"if","locations":[{"start":{"line":903,"column":8},"end":{"line":903,"column":8}},{"start":{"line":903,"column":8},"end":{"line":903,"column":8}}]}}}}
