{
"contracts/ERC20PatronageReceipt_v2.sol":{"l":{},"path":"/Users/denham/Documents/projects/wildcards/code/contracts/contracts/ERC20PatronageReceipt_v2.sol","s":{},"b":{},"f":{"1":62},"fnMap":{"1":{"name":"constructor","line":16,"loc":{"start":{"line":14,"column":4},"end":{"line":17,"column":5}}}},"statementMap":{},"branchMap":{}},
"contracts/ERC721Patronage_v1.sol":{"l":{"25":62,"26":62,"27":62,"28":62,"30":62,"31":62,"32":62,"40":93},"path":"/Users/denham/Documents/projects/wildcards/code/contracts/contracts/ERC721Patronage_v1.sol","s":{"1":62,"2":62,"3":62,"4":62,"5":62,"6":62,"7":62,"8":93},"b":{},"f":{"1":62,"2":93},"fnMap":{"1":{"name":"setup","line":24,"loc":{"start":{"line":19,"column":4},"end":{"line":33,"column":4}}},"2":{"name":"_isApprovedOrOwner","line":35,"loc":{"start":{"line":35,"column":4},"end":{"line":46,"column":4}}}},"statementMap":{"1":{"start":{"line":25,"column":8},"end":{"line":25,"column":25}},"2":{"start":{"line":26,"column":8},"end":{"line":26,"column":26}},"3":{"start":{"line":27,"column":8},"end":{"line":27,"column":36}},"4":{"start":{"line":28,"column":8},"end":{"line":28,"column":46}},"5":{"start":{"line":30,"column":8},"end":{"line":30,"column":55}},"6":{"start":{"line":31,"column":8},"end":{"line":31,"column":35}},"7":{"start":{"line":32,"column":8},"end":{"line":32,"column":25}},"8":{"start":{"line":40,"column":8},"end":{"line":40,"column":35}}},"branchMap":{}},
"contracts/MintManager_v2.sol":{"l":{"15":182,"16":182,"24":62,"25":62,"26":62,"34":182,"35":182,"36":182,"37":182},"path":"/Users/denham/Documents/projects/wildcards/code/contracts/contracts/MintManager_v2.sol","s":{"1":182,"2":62,"3":62,"4":62,"5":182,"6":182,"7":182,"8":182},"b":{"1":[182,0]},"f":{"1":182,"2":62,"3":182},"fnMap":{"1":{"name":"onlySteward","line":14,"loc":{"start":{"line":14,"column":4},"end":{"line":17,"column":4}}},"2":{"name":"initialize","line":23,"loc":{"start":{"line":19,"column":4},"end":{"line":27,"column":4}}},"3":{"name":"tokenMint","line":33,"loc":{"start":{"line":29,"column":4},"end":{"line":38,"column":4}}}},"statementMap":{"1":{"start":{"line":15,"column":8},"end":{"line":15,"column":52}},"2":{"start":{"line":24,"column":8},"end":{"line":24,"column":21}},"3":{"start":{"line":25,"column":8},"end":{"line":25,"column":25}},"4":{"start":{"line":26,"column":8},"end":{"line":26,"column":37}},"5":{"start":{"line":34,"column":8},"end":{"line":34,"column":56}},"6":{"start":{"line":35,"column":8},"end":{"line":35,"column":78}},"7":{"start":{"line":36,"column":8},"end":{"line":36,"column":56}},"8":{"start":{"line":37,"column":8},"end":{"line":37,"column":49}}},"branchMap":{"1":{"line":15,"type":"if","locations":[{"start":{"line":15,"column":8},"end":{"line":15,"column":8}},{"start":{"line":15,"column":8},"end":{"line":15,"column":8}}]}}},
"contracts/previousVersions/ERC721Patronage_v0.sol":{"l":{"25":0,"26":0,"27":0,"28":0,"30":0,"31":0,"32":0,"40":0},"path":"/Users/denham/Documents/projects/wildcards/code/contracts/contracts/previousVersions/ERC721Patronage_v0.sol","s":{"1":0,"2":0,"3":0,"4":0,"5":0,"6":0,"7":0,"8":0},"b":{},"f":{"1":0,"2":0},"fnMap":{"1":{"name":"setup","line":24,"loc":{"start":{"line":19,"column":4},"end":{"line":33,"column":4}}},"2":{"name":"_isApprovedOrOwner","line":35,"loc":{"start":{"line":35,"column":4},"end":{"line":42,"column":4}}}},"statementMap":{"1":{"start":{"line":25,"column":8},"end":{"line":25,"column":25}},"2":{"start":{"line":26,"column":8},"end":{"line":26,"column":26}},"3":{"start":{"line":27,"column":8},"end":{"line":27,"column":36}},"4":{"start":{"line":28,"column":8},"end":{"line":28,"column":46}},"5":{"start":{"line":30,"column":8},"end":{"line":30,"column":55}},"6":{"start":{"line":31,"column":8},"end":{"line":31,"column":35}},"7":{"start":{"line":32,"column":8},"end":{"line":32,"column":25}},"8":{"start":{"line":40,"column":8},"end":{"line":40,"column":1580}}},"branchMap":{}},
"contracts/previousVersions/WildcardSteward_v0.sol":{"l":{"56":0,"57":0,"66":0,"67":0,"71":0,"75":0,"79":0,"80":0,"84":0,"85":0,"93":0,"94":0,"95":0,"104":0,"105":0,"106":0,"107":0,"108":0,"109":0,"110":0,"118":0,"119":0,"120":0,"121":0,"125":0,"134":0,"136":0,"149":0,"158":0,"161":0,"173":0,"180":0,"181":0,"183":0,"191":0,"192":0,"201":0,"202":0,"203":0,"205":0,"219":0,"222":0,"226":0,"227":0,"234":0,"235":0,"236":0,"237":0,"240":0,"243":0,"247":0,"256":0,"257":0,"258":0,"264":0,"265":0,"268":0,"273":0,"274":0,"275":0,"278":0,"282":0,"283":0,"284":0,"287":0,"293":0,"294":0,"299":0,"302":0,"309":0,"310":0,"312":0,"313":0,"318":0,"323":0,"327":0,"328":0,"337":0,"338":0,"339":0,"340":0,"342":0,"343":0,"345":0,"349":0,"350":0,"354":0,"357":0,"359":0,"360":0,"363":0,"366":0,"373":0,"381":0,"382":0,"384":0,"389":0,"390":0,"398":0,"402":0,"406":0,"407":0,"408":0,"412":0,"418":0,"420":0,"421":0,"426":0,"427":0,"428":0,"435":0,"436":0,"438":0,"449":0,"451":0,"455":0,"458":0,"460":0,"462":0,"463":0,"464":0},"path":"/Users/denham/Documents/projects/wildcards/code/contracts/contracts/previousVersions/WildcardSteward_v0.sol","s":{"1":0,"2":0,"3":0,"4":0,"5":0,"6":0,"7":0,"8":0,"9":0,"10":0,"11":0,"12":0,"13":0,"14":0,"15":0,"16":0,"17":0,"18":0,"19":0,"20":0,"21":0,"22":0,"23":0,"24":0,"25":0,"26":0,"27":0,"28":0,"29":0,"30":0,"31":0,"32":0,"33":0,"34":0,"35":0,"36":0,"37":0,"38":0,"39":0,"40":0,"41":0,"42":0,"43":0,"44":0,"45":0,"46":0,"47":0,"48":0,"49":0,"50":0,"51":0,"52":0,"53":0,"54":0,"55":0,"56":0,"57":0,"58":0,"59":0,"60":0,"61":0,"62":0,"63":0,"64":0,"65":0,"66":0,"67":0,"68":0,"69":0,"70":0,"71":0,"72":0,"73":0,"74":0,"75":0,"76":0,"77":0,"78":0,"79":0,"80":0,"81":0,"82":0,"83":0,"84":0,"85":0,"86":0,"87":0,"88":0,"89":0,"90":0,"91":0,"92":0,"93":0,"94":0,"95":0,"96":0,"97":0,"98":0,"99":0,"100":0,"101":0,"102":0,"103":0,"104":0,"105":0,"106":0,"107":0,"108":0,"109":0,"110":0,"111":0,"112":0,"113":0,"114":0,"115":0,"116":0,"117":0,"118":0,"119":0},"b":{"1":[0,0],"2":[0,0],"3":[0,0],"4":[0,0],"5":[0,0],"6":[0,0],"7":[0,0],"8":[0,0],"9":[0,0],"10":[0,0],"11":[0,0],"12":[0,0],"13":[0,0],"14":[0,0],"15":[0,0],"16":[0,0],"17":[0,0],"18":[0,0],"19":[0,0],"20":[0,0],"21":[0,0],"22":[0,0]},"f":{"1":0,"2":0,"3":0,"4":0,"5":0,"6":0,"7":0,"8":0,"9":0,"10":0,"11":0,"12":0,"13":0,"14":0,"15":0,"16":0,"17":0,"18":0,"19":0,"20":0,"21":0,"22":0,"23":0,"24":0,"25":0,"26":0,"27":0,"28":0,"29":0,"30":0,"31":0},"fnMap":{"1":{"name":"onlyPatron","line":55,"loc":{"start":{"line":55,"column":4},"end":{"line":58,"column":4}}},"2":{"name":"onlyAdmin","line":65,"loc":{"start":{"line":65,"column":4},"end":{"line":68,"column":4}}},"3":{"name":"onlyReceivingBenefactorOrAdmin","line":70,"loc":{"start":{"line":70,"column":4},"end":{"line":76,"column":4}}},"4":{"name":"collectPatronage","line":78,"loc":{"start":{"line":78,"column":4},"end":{"line":81,"column":4}}},"5":{"name":"collectPatronageAddress","line":83,"loc":{"start":{"line":83,"column":4},"end":{"line":86,"column":4}}},"6":{"name":"initialize","line":92,"loc":{"start":{"line":88,"column":4},"end":{"line":96,"column":4}}},"7":{"name":"listNewTokens","line":103,"loc":{"start":{"line":99,"column":4},"end":{"line":112,"column":4}}},"8":{"name":"changeReceivingBenefactor","line":117,"loc":{"start":{"line":114,"column":4},"end":{"line":122,"column":4}}},"9":{"name":"changeAdmin","line":124,"loc":{"start":{"line":124,"column":4},"end":{"line":126,"column":4}}},"10":{"name":"patronageOwed","line":129,"loc":{"start":{"line":129,"column":4},"end":{"line":142,"column":4}}},"11":{"name":"patronageOwedWithTimestamp","line":144,"loc":{"start":{"line":144,"column":4},"end":{"line":150,"column":4}}},"12":{"name":"patronageOwedPatron","line":153,"loc":{"start":{"line":153,"column":4},"end":{"line":166,"column":4}}},"13":{"name":"patronageOwedPatronWithTimestamp","line":168,"loc":{"start":{"line":168,"column":4},"end":{"line":174,"column":4}}},"14":{"name":"foreclosedPatron","line":176,"loc":{"start":{"line":176,"column":4},"end":{"line":185,"column":4}}},"15":{"name":"foreclosed","line":187,"loc":{"start":{"line":187,"column":4},"end":{"line":193,"column":4}}},"16":{"name":"depositAbleToWithdraw","line":196,"loc":{"start":{"line":196,"column":4},"end":{"line":207,"column":4}}},"17":{"name":"foreclosureTimePatron","line":213,"loc":{"start":{"line":213,"column":4},"end":{"line":223,"column":4}}},"18":{"name":"foreclosureTime","line":225,"loc":{"start":{"line":225,"column":4},"end":{"line":228,"column":4}}},"19":{"name":"_collectPatronage","line":232,"loc":{"start":{"line":232,"column":4},"end":{"line":289,"column":4}}},"20":{"name":"_collectPatronagePatron","line":292,"loc":{"start":{"line":292,"column":4},"end":{"line":319,"column":4}}},"21":{"name":"depositWei","line":322,"loc":{"start":{"line":322,"column":4},"end":{"line":324,"column":4}}},"22":{"name":"depositWeiPatron","line":326,"loc":{"start":{"line":326,"column":4},"end":{"line":329,"column":4}}},"23":{"name":"buy","line":335,"loc":{"start":{"line":331,"column":4},"end":{"line":374,"column":4}}},"24":{"name":"changePrice","line":379,"loc":{"start":{"line":376,"column":4},"end":{"line":391,"column":4}}},"25":{"name":"withdrawDeposit","line":395,"loc":{"start":{"line":393,"column":4},"end":{"line":399,"column":4}}},"26":{"name":"withdrawBenefactorFunds","line":401,"loc":{"start":{"line":401,"column":4},"end":{"line":403,"column":4}}},"27":{"name":"withdrawBenefactorFundsTo","line":405,"loc":{"start":{"line":405,"column":4},"end":{"line":409,"column":4}}},"28":{"name":"exit","line":411,"loc":{"start":{"line":411,"column":4},"end":{"line":413,"column":4}}},"29":{"name":"_withdrawDeposit","line":416,"loc":{"start":{"line":416,"column":4},"end":{"line":422,"column":4}}},"30":{"name":"_foreclose","line":424,"loc":{"start":{"line":424,"column":4},"end":{"line":439,"column":4}}},"31":{"name":"transferAssetTokenTo","line":441,"loc":{"start":{"line":441,"column":4},"end":{"line":465,"column":4}}}},"statementMap":{"1":{"start":{"line":56,"column":8},"end":{"line":56,"column":66}},"2":{"start":{"line":66,"column":8},"end":{"line":66,"column":48}},"3":{"start":{"line":71,"column":8},"end":{"line":71,"column":2601}},"4":{"start":{"line":79,"column":8},"end":{"line":79,"column":33}},"5":{"start":{"line":84,"column":8},"end":{"line":84,"column":43}},"6":{"start":{"line":93,"column":8},"end":{"line":93,"column":51}},"7":{"start":{"line":94,"column":8},"end":{"line":94,"column":21}},"8":{"start":{"line":95,"column":8},"end":{"line":95,"column":51}},"9":{"start":{"line":104,"column":8},"end":{"line":104,"column":51}},"10":{"start":{"line":105,"column":8},"end":{"line":105,"column":3621}},"11":{"start":{"line":106,"column":12},"end":{"line":106,"column":48}},"12":{"start":{"line":107,"column":12},"end":{"line":107,"column":51}},"13":{"start":{"line":108,"column":12},"end":{"line":108,"column":53}},"14":{"start":{"line":109,"column":12},"end":{"line":109,"column":65}},"15":{"start":{"line":110,"column":12},"end":{"line":110,"column":60}},"16":{"start":{"line":118,"column":8},"end":{"line":118,"column":51}},"17":{"start":{"line":119,"column":8},"end":{"line":119,"column":53}},"18":{"start":{"line":120,"column":8},"end":{"line":120,"column":79}},"19":{"start":{"line":121,"column":8},"end":{"line":121,"column":40}},"20":{"start":{"line":125,"column":8},"end":{"line":125,"column":21}},"21":{"start":{"line":134,"column":8},"end":{"line":134,"column":53}},"22":{"start":{"line":134,"column":45},"end":{"line":134,"column":53}},"23":{"start":{"line":136,"column":8},"end":{"line":136,"column":4708}},"24":{"start":{"line":149,"column":8},"end":{"line":149,"column":44}},"25":{"start":{"line":158,"column":8},"end":{"line":158,"column":63}},"26":{"start":{"line":158,"column":55},"end":{"line":158,"column":63}},"27":{"start":{"line":161,"column":8},"end":{"line":161,"column":5612}},"28":{"start":{"line":173,"column":8},"end":{"line":173,"column":54}},"29":{"start":{"line":180,"column":8},"end":{"line":180,"column":6327}},"30":{"start":{"line":181,"column":12},"end":{"line":181,"column":23}},"31":{"start":{"line":183,"column":12},"end":{"line":183,"column":24}},"32":{"start":{"line":191,"column":8},"end":{"line":191,"column":52}},"33":{"start":{"line":192,"column":8},"end":{"line":192,"column":44}},"34":{"start":{"line":201,"column":8},"end":{"line":201,"column":61}},"35":{"start":{"line":202,"column":8},"end":{"line":202,"column":7100}},"36":{"start":{"line":203,"column":12},"end":{"line":203,"column":20}},"37":{"start":{"line":205,"column":12},"end":{"line":205,"column":55}},"38":{"start":{"line":219,"column":8},"end":{"line":219,"column":7539}},"39":{"start":{"line":222,"column":8},"end":{"line":222,"column":67}},"40":{"start":{"line":226,"column":8},"end":{"line":226,"column":52}},"41":{"start":{"line":227,"column":8},"end":{"line":227,"column":49}},"42":{"start":{"line":234,"column":8},"end":{"line":234,"column":8179}},"43":{"start":{"line":235,"column":12},"end":{"line":235,"column":56}},"44":{"start":{"line":236,"column":12},"end":{"line":236,"column":72}},"45":{"start":{"line":237,"column":12},"end":{"line":237,"column":8372}},"46":{"start":{"line":240,"column":12},"end":{"line":240,"column":30}},"47":{"start":{"line":243,"column":12},"end":{"line":243,"column":8571}},"48":{"start":{"line":247,"column":20},"end":{"line":247,"column":8712}},"49":{"start":{"line":256,"column":16},"end":{"line":256,"column":64}},"50":{"start":{"line":257,"column":16},"end":{"line":257,"column":74}},"51":{"start":{"line":258,"column":16},"end":{"line":258,"column":9230}},"52":{"start":{"line":264,"column":16},"end":{"line":264,"column":39}},"53":{"start":{"line":265,"column":16},"end":{"line":265,"column":34}},"54":{"start":{"line":268,"column":16},"end":{"line":268,"column":9671}},"55":{"start":{"line":273,"column":16},"end":{"line":273,"column":47}},"56":{"start":{"line":274,"column":16},"end":{"line":274,"column":57}},"57":{"start":{"line":275,"column":16},"end":{"line":275,"column":10004}},"58":{"start":{"line":278,"column":16},"end":{"line":278,"column":10129}},"59":{"start":{"line":282,"column":12},"end":{"line":282,"column":76}},"60":{"start":{"line":283,"column":12},"end":{"line":283,"column":53}},"61":{"start":{"line":284,"column":12},"end":{"line":284,"column":10400}},"62":{"start":{"line":287,"column":12},"end":{"line":287,"column":42}},"63":{"start":{"line":293,"column":8},"end":{"line":293,"column":77}},"64":{"start":{"line":294,"column":8},"end":{"line":294,"column":10775}},"65":{"start":{"line":299,"column":16},"end":{"line":299,"column":10961}},"66":{"start":{"line":302,"column":12},"end":{"line":302,"column":11071}},"67":{"start":{"line":309,"column":12},"end":{"line":309,"column":70}},"68":{"start":{"line":310,"column":12},"end":{"line":310,"column":35}},"69":{"start":{"line":312,"column":12},"end":{"line":312,"column":53}},"70":{"start":{"line":313,"column":12},"end":{"line":313,"column":11538}},"71":{"start":{"line":318,"column":8},"end":{"line":318,"column":73}},"72":{"start":{"line":323,"column":8},"end":{"line":323,"column":35}},"73":{"start":{"line":327,"column":8},"end":{"line":327,"column":72}},"74":{"start":{"line":328,"column":8},"end":{"line":328,"column":55}},"75":{"start":{"line":337,"column":8},"end":{"line":337,"column":46}},"76":{"start":{"line":338,"column":8},"end":{"line":338,"column":56}},"77":{"start":{"line":339,"column":8},"end":{"line":339,"column":58}},"78":{"start":{"line":340,"column":8},"end":{"line":340,"column":52}},"79":{"start":{"line":342,"column":8},"end":{"line":342,"column":12510}},"80":{"start":{"line":343,"column":12},"end":{"line":343,"column":51}},"81":{"start":{"line":345,"column":12},"end":{"line":345,"column":12711}},"82":{"start":{"line":349,"column":16},"end":{"line":349,"column":72}},"83":{"start":{"line":350,"column":16},"end":{"line":350,"column":39}},"84":{"start":{"line":354,"column":12},"end":{"line":354,"column":13061}},"85":{"start":{"line":357,"column":12},"end":{"line":357,"column":56}},"86":{"start":{"line":358,"column":15},"end":{"line":358,"column":13230}},"87":{"start":{"line":359,"column":12},"end":{"line":359,"column":46}},"88":{"start":{"line":360,"column":12},"end":{"line":360,"column":43}},"89":{"start":{"line":363,"column":8},"end":{"line":363,"column":13393}},"90":{"start":{"line":366,"column":8},"end":{"line":366,"column":13501}},"91":{"start":{"line":373,"column":8},"end":{"line":373,"column":42}},"92":{"start":{"line":381,"column":8},"end":{"line":381,"column":71}},"93":{"start":{"line":382,"column":8},"end":{"line":382,"column":49}},"94":{"start":{"line":384,"column":8},"end":{"line":384,"column":14033}},"95":{"start":{"line":389,"column":8},"end":{"line":389,"column":33}},"96":{"start":{"line":390,"column":8},"end":{"line":390,"column":43}},"97":{"start":{"line":398,"column":8},"end":{"line":398,"column":29}},"98":{"start":{"line":402,"column":8},"end":{"line":402,"column":44}},"99":{"start":{"line":406,"column":8},"end":{"line":406,"column":69}},"100":{"start":{"line":407,"column":8},"end":{"line":407,"column":55}},"101":{"start":{"line":408,"column":8},"end":{"line":408,"column":38}},"102":{"start":{"line":412,"column":8},"end":{"line":412,"column":44}},"103":{"start":{"line":418,"column":8},"end":{"line":418,"column":67}},"104":{"start":{"line":420,"column":8},"end":{"line":420,"column":58}},"105":{"start":{"line":421,"column":8},"end":{"line":421,"column":32}},"106":{"start":{"line":426,"column":8},"end":{"line":426,"column":58}},"107":{"start":{"line":427,"column":8},"end":{"line":427,"column":52}},"108":{"start":{"line":428,"column":8},"end":{"line":428,"column":15536}},"109":{"start":{"line":435,"column":8},"end":{"line":435,"column":47}},"110":{"start":{"line":436,"column":8},"end":{"line":436,"column":36}},"111":{"start":{"line":438,"column":8},"end":{"line":438,"column":41}},"112":{"start":{"line":449,"column":8},"end":{"line":449,"column":16185}},"113":{"start":{"line":451,"column":8},"end":{"line":451,"column":16336}},"114":{"start":{"line":455,"column":8},"end":{"line":455,"column":16589}},"115":{"start":{"line":458,"column":8},"end":{"line":458,"column":65}},"116":{"start":{"line":460,"column":8},"end":{"line":460,"column":41}},"117":{"start":{"line":462,"column":8},"end":{"line":462,"column":33}},"118":{"start":{"line":463,"column":8},"end":{"line":463,"column":34}},"119":{"start":{"line":464,"column":8},"end":{"line":464,"column":41}}},"branchMap":{"1":{"line":56,"type":"if","locations":[{"start":{"line":56,"column":8},"end":{"line":56,"column":8}},{"start":{"line":56,"column":8},"end":{"line":56,"column":8}}]},"2":{"line":66,"type":"if","locations":[{"start":{"line":66,"column":8},"end":{"line":66,"column":8}},{"start":{"line":66,"column":8},"end":{"line":66,"column":8}}]},"3":{"line":71,"type":"if","locations":[{"start":{"line":71,"column":8},"end":{"line":71,"column":8}},{"start":{"line":71,"column":8},"end":{"line":71,"column":8}}]},"4":{"line":104,"type":"if","locations":[{"start":{"line":104,"column":8},"end":{"line":104,"column":8}},{"start":{"line":104,"column":8},"end":{"line":104,"column":8}}]},"5":{"line":106,"type":"if","locations":[{"start":{"line":106,"column":12},"end":{"line":106,"column":12}},{"start":{"line":106,"column":12},"end":{"line":106,"column":12}}]},"6":{"line":134,"type":"if","locations":[{"start":{"line":134,"column":8},"end":{"line":134,"column":8}},{"start":{"line":134,"column":8},"end":{"line":134,"column":8}}]},"7":{"line":158,"type":"if","locations":[{"start":{"line":158,"column":8},"end":{"line":158,"column":8}},{"start":{"line":158,"column":8},"end":{"line":158,"column":8}}]},"8":{"line":180,"type":"if","locations":[{"start":{"line":180,"column":8},"end":{"line":180,"column":8}},{"start":{"line":180,"column":8},"end":{"line":180,"column":8}}]},"9":{"line":202,"type":"if","locations":[{"start":{"line":202,"column":8},"end":{"line":202,"column":8}},{"start":{"line":202,"column":8},"end":{"line":202,"column":8}}]},"10":{"line":234,"type":"if","locations":[{"start":{"line":234,"column":8},"end":{"line":234,"column":8}},{"start":{"line":234,"column":8},"end":{"line":234,"column":8}}]},"11":{"line":243,"type":"if","locations":[{"start":{"line":243,"column":12},"end":{"line":243,"column":12}},{"start":{"line":243,"column":12},"end":{"line":243,"column":12}}]},"12":{"line":294,"type":"if","locations":[{"start":{"line":294,"column":8},"end":{"line":294,"column":8}},{"start":{"line":294,"column":8},"end":{"line":294,"column":8}}]},"13":{"line":327,"type":"if","locations":[{"start":{"line":327,"column":8},"end":{"line":327,"column":8}},{"start":{"line":327,"column":8},"end":{"line":327,"column":8}}]},"14":{"line":337,"type":"if","locations":[{"start":{"line":337,"column":8},"end":{"line":337,"column":8}},{"start":{"line":337,"column":8},"end":{"line":337,"column":8}}]},"15":{"line":338,"type":"if","locations":[{"start":{"line":338,"column":8},"end":{"line":338,"column":8}},{"start":{"line":338,"column":8},"end":{"line":338,"column":8}}]},"16":{"line":342,"type":"if","locations":[{"start":{"line":342,"column":8},"end":{"line":342,"column":8}},{"start":{"line":342,"column":8},"end":{"line":342,"column":8}}]},"17":{"line":345,"type":"if","locations":[{"start":{"line":345,"column":12},"end":{"line":345,"column":12}},{"start":{"line":345,"column":12},"end":{"line":345,"column":12}}]},"18":{"line":358,"type":"if","locations":[{"start":{"line":358,"column":15},"end":{"line":358,"column":15}},{"start":{"line":358,"column":15},"end":{"line":358,"column":15}}]},"19":{"line":381,"type":"if","locations":[{"start":{"line":381,"column":8},"end":{"line":381,"column":8}},{"start":{"line":381,"column":8},"end":{"line":381,"column":8}}]},"20":{"line":382,"type":"if","locations":[{"start":{"line":382,"column":8},"end":{"line":382,"column":8}},{"start":{"line":382,"column":8},"end":{"line":382,"column":8}}]},"21":{"line":406,"type":"if","locations":[{"start":{"line":406,"column":8},"end":{"line":406,"column":8}},{"start":{"line":406,"column":8},"end":{"line":406,"column":8}}]},"22":{"line":418,"type":"if","locations":[{"start":{"line":418,"column":8},"end":{"line":418,"column":8}},{"start":{"line":418,"column":8},"end":{"line":418,"column":8}}]}}},
"contracts/previousVersions/WildcardSteward_v1.sol":{"l":{"62":0,"63":0,"67":0,"68":0,"72":0,"76":0,"80":0,"81":0,"85":0,"86":0,"94":0,"95":0,"96":0,"105":0,"106":0,"107":0,"108":0,"109":0,"110":0,"111":0,"119":0,"120":0,"121":0,"122":0,"126":0,"135":0,"137":0,"150":0,"159":0,"162":0,"174":0,"181":0,"182":0,"184":0,"192":0,"193":0,"202":0,"203":0,"204":0,"206":0,"220":0,"223":0,"227":0,"228":0,"235":0,"236":0,"237":0,"240":0,"243":0,"246":0,"259":0,"260":0,"261":0,"267":0,"268":0,"271":0,"276":0,"277":0,"278":0,"281":0,"284":0,"285":0,"286":0,"289":0,"300":0,"301":0,"306":0,"309":0,"316":0,"317":0,"319":0,"320":0,"325":0,"330":0,"334":0,"335":0,"336":0,"345":0,"346":0,"347":0,"348":0,"350":0,"351":0,"353":0,"357":0,"358":0,"362":0,"365":0,"367":0,"368":0,"369":0,"372":0,"375":0,"382":0,"390":0,"391":0,"393":0,"398":0,"399":0,"407":0,"411":0,"415":0,"416":0,"417":0,"421":0,"427":0,"429":0,"430":0,"435":0,"436":0,"437":0,"444":0,"445":0,"447":0,"458":0,"460":0,"464":0,"466":0,"467":0,"469":0,"470":0,"471":0},"path":"/Users/denham/Documents/projects/wildcards/code/contracts/contracts/previousVersions/WildcardSteward_v1.sol","s":{"1":0,"2":0,"3":0,"4":0,"5":0,"6":0,"7":0,"8":0,"9":0,"10":0,"11":0,"12":0,"13":0,"14":0,"15":0,"16":0,"17":0,"18":0,"19":0,"20":0,"21":0,"22":0,"23":0,"24":0,"25":0,"26":0,"27":0,"28":0,"29":0,"30":0,"31":0,"32":0,"33":0,"34":0,"35":0,"36":0,"37":0,"38":0,"39":0,"40":0,"41":0,"42":0,"43":0,"44":0,"45":0,"46":0,"47":0,"48":0,"49":0,"50":0,"51":0,"52":0,"53":0,"54":0,"55":0,"56":0,"57":0,"58":0,"59":0,"60":0,"61":0,"62":0,"63":0,"64":0,"65":0,"66":0,"67":0,"68":0,"69":0,"70":0,"71":0,"72":0,"73":0,"74":0,"75":0,"76":0,"77":0,"78":0,"79":0,"80":0,"81":0,"82":0,"83":0,"84":0,"85":0,"86":0,"87":0,"88":0,"89":0,"90":0,"91":0,"92":0,"93":0,"94":0,"95":0,"96":0,"97":0,"98":0,"99":0,"100":0,"101":0,"102":0,"103":0,"104":0,"105":0,"106":0,"107":0,"108":0,"109":0,"110":0,"111":0,"112":0,"113":0,"114":0,"115":0,"116":0,"117":0,"118":0,"119":0,"120":0},"b":{"1":[0,0],"2":[0,0],"3":[0,0],"4":[0,0],"5":[0,0],"6":[0,0],"7":[0,0],"8":[0,0],"9":[0,0],"10":[0,0],"11":[0,0],"12":[0,0],"13":[0,0],"14":[0,0],"15":[0,0],"16":[0,0],"17":[0,0],"18":[0,0],"19":[0,0],"20":[0,0],"21":[0,0],"22":[0,0]},"f":{"1":0,"2":0,"3":0,"4":0,"5":0,"6":0,"7":0,"8":0,"9":0,"10":0,"11":0,"12":0,"13":0,"14":0,"15":0,"16":0,"17":0,"18":0,"19":0,"20":0,"21":0,"22":0,"23":0,"24":0,"25":0,"26":0,"27":0,"28":0,"29":0,"30":0,"31":0},"fnMap":{"1":{"name":"onlyPatron","line":61,"loc":{"start":{"line":61,"column":4},"end":{"line":64,"column":4}}},"2":{"name":"onlyAdmin","line":66,"loc":{"start":{"line":66,"column":4},"end":{"line":69,"column":4}}},"3":{"name":"onlyReceivingBenefactorOrAdmin","line":71,"loc":{"start":{"line":71,"column":4},"end":{"line":77,"column":4}}},"4":{"name":"collectPatronage","line":79,"loc":{"start":{"line":79,"column":4},"end":{"line":82,"column":4}}},"5":{"name":"collectPatronageAddress","line":84,"loc":{"start":{"line":84,"column":4},"end":{"line":87,"column":4}}},"6":{"name":"initialize","line":93,"loc":{"start":{"line":89,"column":4},"end":{"line":97,"column":4}}},"7":{"name":"listNewTokens","line":104,"loc":{"start":{"line":100,"column":4},"end":{"line":113,"column":4}}},"8":{"name":"changeReceivingBenefactor","line":118,"loc":{"start":{"line":115,"column":4},"end":{"line":123,"column":4}}},"9":{"name":"changeAdmin","line":125,"loc":{"start":{"line":125,"column":4},"end":{"line":127,"column":4}}},"10":{"name":"patronageOwed","line":130,"loc":{"start":{"line":130,"column":4},"end":{"line":143,"column":4}}},"11":{"name":"patronageOwedWithTimestamp","line":145,"loc":{"start":{"line":145,"column":4},"end":{"line":151,"column":4}}},"12":{"name":"patronageOwedPatron","line":154,"loc":{"start":{"line":154,"column":4},"end":{"line":167,"column":4}}},"13":{"name":"patronageOwedPatronWithTimestamp","line":169,"loc":{"start":{"line":169,"column":4},"end":{"line":175,"column":4}}},"14":{"name":"foreclosedPatron","line":177,"loc":{"start":{"line":177,"column":4},"end":{"line":186,"column":4}}},"15":{"name":"foreclosed","line":188,"loc":{"start":{"line":188,"column":4},"end":{"line":194,"column":4}}},"16":{"name":"depositAbleToWithdraw","line":197,"loc":{"start":{"line":197,"column":4},"end":{"line":208,"column":4}}},"17":{"name":"foreclosureTimePatron","line":214,"loc":{"start":{"line":214,"column":4},"end":{"line":224,"column":4}}},"18":{"name":"foreclosureTime","line":226,"loc":{"start":{"line":226,"column":4},"end":{"line":229,"column":4}}},"19":{"name":"_collectPatronage","line":233,"loc":{"start":{"line":233,"column":4},"end":{"line":296,"column":4}}},"20":{"name":"_collectPatronagePatron","line":299,"loc":{"start":{"line":299,"column":4},"end":{"line":326,"column":4}}},"21":{"name":"depositWei","line":329,"loc":{"start":{"line":329,"column":4},"end":{"line":331,"column":4}}},"22":{"name":"depositWeiPatron","line":333,"loc":{"start":{"line":333,"column":4},"end":{"line":337,"column":4}}},"23":{"name":"buy","line":343,"loc":{"start":{"line":339,"column":4},"end":{"line":383,"column":4}}},"24":{"name":"changePrice","line":388,"loc":{"start":{"line":385,"column":4},"end":{"line":400,"column":4}}},"25":{"name":"withdrawDeposit","line":404,"loc":{"start":{"line":402,"column":4},"end":{"line":408,"column":4}}},"26":{"name":"withdrawBenefactorFunds","line":410,"loc":{"start":{"line":410,"column":4},"end":{"line":412,"column":4}}},"27":{"name":"withdrawBenefactorFundsTo","line":414,"loc":{"start":{"line":414,"column":4},"end":{"line":418,"column":4}}},"28":{"name":"exit","line":420,"loc":{"start":{"line":420,"column":4},"end":{"line":422,"column":4}}},"29":{"name":"_withdrawDeposit","line":425,"loc":{"start":{"line":425,"column":4},"end":{"line":431,"column":4}}},"30":{"name":"_foreclose","line":433,"loc":{"start":{"line":433,"column":4},"end":{"line":448,"column":4}}},"31":{"name":"transferAssetTokenTo","line":450,"loc":{"start":{"line":450,"column":4},"end":{"line":472,"column":4}}}},"statementMap":{"1":{"start":{"line":62,"column":8},"end":{"line":62,"column":66}},"2":{"start":{"line":67,"column":8},"end":{"line":67,"column":48}},"3":{"start":{"line":72,"column":8},"end":{"line":72,"column":2573}},"4":{"start":{"line":80,"column":8},"end":{"line":80,"column":33}},"5":{"start":{"line":85,"column":8},"end":{"line":85,"column":43}},"6":{"start":{"line":94,"column":8},"end":{"line":94,"column":51}},"7":{"start":{"line":95,"column":8},"end":{"line":95,"column":21}},"8":{"start":{"line":96,"column":8},"end":{"line":96,"column":51}},"9":{"start":{"line":105,"column":8},"end":{"line":105,"column":51}},"10":{"start":{"line":106,"column":8},"end":{"line":106,"column":3593}},"11":{"start":{"line":107,"column":12},"end":{"line":107,"column":48}},"12":{"start":{"line":108,"column":12},"end":{"line":108,"column":51}},"13":{"start":{"line":109,"column":12},"end":{"line":109,"column":53}},"14":{"start":{"line":110,"column":12},"end":{"line":110,"column":65}},"15":{"start":{"line":111,"column":12},"end":{"line":111,"column":60}},"16":{"start":{"line":119,"column":8},"end":{"line":119,"column":51}},"17":{"start":{"line":120,"column":8},"end":{"line":120,"column":53}},"18":{"start":{"line":121,"column":8},"end":{"line":121,"column":79}},"19":{"start":{"line":122,"column":8},"end":{"line":122,"column":40}},"20":{"start":{"line":126,"column":8},"end":{"line":126,"column":21}},"21":{"start":{"line":135,"column":8},"end":{"line":135,"column":53}},"22":{"start":{"line":135,"column":45},"end":{"line":135,"column":53}},"23":{"start":{"line":137,"column":8},"end":{"line":137,"column":4680}},"24":{"start":{"line":150,"column":8},"end":{"line":150,"column":44}},"25":{"start":{"line":159,"column":8},"end":{"line":159,"column":63}},"26":{"start":{"line":159,"column":55},"end":{"line":159,"column":63}},"27":{"start":{"line":162,"column":8},"end":{"line":162,"column":5584}},"28":{"start":{"line":174,"column":8},"end":{"line":174,"column":54}},"29":{"start":{"line":181,"column":8},"end":{"line":181,"column":6299}},"30":{"start":{"line":182,"column":12},"end":{"line":182,"column":23}},"31":{"start":{"line":184,"column":12},"end":{"line":184,"column":24}},"32":{"start":{"line":192,"column":8},"end":{"line":192,"column":52}},"33":{"start":{"line":193,"column":8},"end":{"line":193,"column":44}},"34":{"start":{"line":202,"column":8},"end":{"line":202,"column":61}},"35":{"start":{"line":203,"column":8},"end":{"line":203,"column":7072}},"36":{"start":{"line":204,"column":12},"end":{"line":204,"column":20}},"37":{"start":{"line":206,"column":12},"end":{"line":206,"column":55}},"38":{"start":{"line":220,"column":8},"end":{"line":220,"column":7511}},"39":{"start":{"line":223,"column":8},"end":{"line":223,"column":67}},"40":{"start":{"line":227,"column":8},"end":{"line":227,"column":52}},"41":{"start":{"line":228,"column":8},"end":{"line":228,"column":49}},"42":{"start":{"line":235,"column":8},"end":{"line":235,"column":8151}},"43":{"start":{"line":236,"column":12},"end":{"line":236,"column":72}},"44":{"start":{"line":237,"column":12},"end":{"line":237,"column":8286}},"45":{"start":{"line":240,"column":12},"end":{"line":240,"column":30}},"46":{"start":{"line":243,"column":12},"end":{"line":243,"column":8496}},"47":{"start":{"line":246,"column":20},"end":{"line":246,"column":8647}},"48":{"start":{"line":259,"column":16},"end":{"line":259,"column":64}},"49":{"start":{"line":260,"column":16},"end":{"line":260,"column":85}},"50":{"start":{"line":261,"column":16},"end":{"line":261,"column":9325}},"51":{"start":{"line":267,"column":16},"end":{"line":267,"column":50}},"52":{"start":{"line":268,"column":16},"end":{"line":268,"column":34}},"53":{"start":{"line":271,"column":16},"end":{"line":271,"column":9738}},"54":{"start":{"line":276,"column":16},"end":{"line":276,"column":47}},"55":{"start":{"line":277,"column":16},"end":{"line":277,"column":68}},"56":{"start":{"line":278,"column":16},"end":{"line":278,"column":10082}},"57":{"start":{"line":281,"column":16},"end":{"line":281,"column":10242}},"58":{"start":{"line":284,"column":12},"end":{"line":284,"column":76}},"59":{"start":{"line":285,"column":12},"end":{"line":285,"column":53}},"60":{"start":{"line":286,"column":12},"end":{"line":286,"column":10483}},"61":{"start":{"line":289,"column":12},"end":{"line":289,"column":10601}},"62":{"start":{"line":300,"column":8},"end":{"line":300,"column":77}},"63":{"start":{"line":301,"column":8},"end":{"line":301,"column":11005}},"64":{"start":{"line":306,"column":16},"end":{"line":306,"column":11191}},"65":{"start":{"line":309,"column":12},"end":{"line":309,"column":11301}},"66":{"start":{"line":316,"column":12},"end":{"line":316,"column":70}},"67":{"start":{"line":317,"column":12},"end":{"line":317,"column":35}},"68":{"start":{"line":319,"column":12},"end":{"line":319,"column":53}},"69":{"start":{"line":320,"column":12},"end":{"line":320,"column":11768}},"70":{"start":{"line":325,"column":8},"end":{"line":325,"column":70}},"71":{"start":{"line":330,"column":8},"end":{"line":330,"column":35}},"72":{"start":{"line":334,"column":8},"end":{"line":334,"column":72}},"73":{"start":{"line":335,"column":8},"end":{"line":335,"column":55}},"74":{"start":{"line":336,"column":8},"end":{"line":336,"column":60}},"75":{"start":{"line":345,"column":8},"end":{"line":345,"column":46}},"76":{"start":{"line":346,"column":8},"end":{"line":346,"column":56}},"77":{"start":{"line":347,"column":8},"end":{"line":347,"column":58}},"78":{"start":{"line":348,"column":8},"end":{"line":348,"column":52}},"79":{"start":{"line":350,"column":8},"end":{"line":350,"column":12799}},"80":{"start":{"line":351,"column":12},"end":{"line":351,"column":51}},"81":{"start":{"line":353,"column":12},"end":{"line":353,"column":13000}},"82":{"start":{"line":357,"column":16},"end":{"line":357,"column":72}},"83":{"start":{"line":358,"column":16},"end":{"line":358,"column":39}},"84":{"start":{"line":362,"column":12},"end":{"line":362,"column":13350}},"85":{"start":{"line":365,"column":12},"end":{"line":365,"column":56}},"86":{"start":{"line":366,"column":15},"end":{"line":366,"column":13519}},"87":{"start":{"line":367,"column":12},"end":{"line":367,"column":46}},"88":{"start":{"line":368,"column":12},"end":{"line":368,"column":43}},"89":{"start":{"line":369,"column":12},"end":{"line":369,"column":52}},"90":{"start":{"line":372,"column":8},"end":{"line":372,"column":13737}},"91":{"start":{"line":375,"column":8},"end":{"line":375,"column":13845}},"92":{"start":{"line":382,"column":8},"end":{"line":382,"column":48}},"93":{"start":{"line":390,"column":8},"end":{"line":390,"column":71}},"94":{"start":{"line":391,"column":8},"end":{"line":391,"column":49}},"95":{"start":{"line":393,"column":8},"end":{"line":393,"column":14383}},"96":{"start":{"line":398,"column":8},"end":{"line":398,"column":33}},"97":{"start":{"line":399,"column":8},"end":{"line":399,"column":49}},"98":{"start":{"line":407,"column":8},"end":{"line":407,"column":29}},"99":{"start":{"line":411,"column":8},"end":{"line":411,"column":44}},"100":{"start":{"line":415,"column":8},"end":{"line":415,"column":69}},"101":{"start":{"line":416,"column":8},"end":{"line":416,"column":55}},"102":{"start":{"line":417,"column":8},"end":{"line":417,"column":38}},"103":{"start":{"line":421,"column":8},"end":{"line":421,"column":44}},"104":{"start":{"line":427,"column":8},"end":{"line":427,"column":67}},"105":{"start":{"line":429,"column":8},"end":{"line":429,"column":58}},"106":{"start":{"line":430,"column":8},"end":{"line":430,"column":32}},"107":{"start":{"line":435,"column":8},"end":{"line":435,"column":58}},"108":{"start":{"line":436,"column":8},"end":{"line":436,"column":52}},"109":{"start":{"line":437,"column":8},"end":{"line":437,"column":15892}},"110":{"start":{"line":444,"column":8},"end":{"line":444,"column":47}},"111":{"start":{"line":445,"column":8},"end":{"line":445,"column":36}},"112":{"start":{"line":447,"column":8},"end":{"line":447,"column":38}},"113":{"start":{"line":458,"column":8},"end":{"line":458,"column":16538}},"114":{"start":{"line":460,"column":8},"end":{"line":460,"column":16689}},"115":{"start":{"line":464,"column":8},"end":{"line":464,"column":16942}},"116":{"start":{"line":466,"column":8},"end":{"line":466,"column":65}},"117":{"start":{"line":467,"column":8},"end":{"line":467,"column":41}},"118":{"start":{"line":469,"column":8},"end":{"line":469,"column":33}},"119":{"start":{"line":470,"column":8},"end":{"line":470,"column":34}},"120":{"start":{"line":471,"column":8},"end":{"line":471,"column":41}}},"branchMap":{"1":{"line":62,"type":"if","locations":[{"start":{"line":62,"column":8},"end":{"line":62,"column":8}},{"start":{"line":62,"column":8},"end":{"line":62,"column":8}}]},"2":{"line":67,"type":"if","locations":[{"start":{"line":67,"column":8},"end":{"line":67,"column":8}},{"start":{"line":67,"column":8},"end":{"line":67,"column":8}}]},"3":{"line":72,"type":"if","locations":[{"start":{"line":72,"column":8},"end":{"line":72,"column":8}},{"start":{"line":72,"column":8},"end":{"line":72,"column":8}}]},"4":{"line":105,"type":"if","locations":[{"start":{"line":105,"column":8},"end":{"line":105,"column":8}},{"start":{"line":105,"column":8},"end":{"line":105,"column":8}}]},"5":{"line":107,"type":"if","locations":[{"start":{"line":107,"column":12},"end":{"line":107,"column":12}},{"start":{"line":107,"column":12},"end":{"line":107,"column":12}}]},"6":{"line":135,"type":"if","locations":[{"start":{"line":135,"column":8},"end":{"line":135,"column":8}},{"start":{"line":135,"column":8},"end":{"line":135,"column":8}}]},"7":{"line":159,"type":"if","locations":[{"start":{"line":159,"column":8},"end":{"line":159,"column":8}},{"start":{"line":159,"column":8},"end":{"line":159,"column":8}}]},"8":{"line":181,"type":"if","locations":[{"start":{"line":181,"column":8},"end":{"line":181,"column":8}},{"start":{"line":181,"column":8},"end":{"line":181,"column":8}}]},"9":{"line":203,"type":"if","locations":[{"start":{"line":203,"column":8},"end":{"line":203,"column":8}},{"start":{"line":203,"column":8},"end":{"line":203,"column":8}}]},"10":{"line":235,"type":"if","locations":[{"start":{"line":235,"column":8},"end":{"line":235,"column":8}},{"start":{"line":235,"column":8},"end":{"line":235,"column":8}}]},"11":{"line":243,"type":"if","locations":[{"start":{"line":243,"column":12},"end":{"line":243,"column":12}},{"start":{"line":243,"column":12},"end":{"line":243,"column":12}}]},"12":{"line":301,"type":"if","locations":[{"start":{"line":301,"column":8},"end":{"line":301,"column":8}},{"start":{"line":301,"column":8},"end":{"line":301,"column":8}}]},"13":{"line":334,"type":"if","locations":[{"start":{"line":334,"column":8},"end":{"line":334,"column":8}},{"start":{"line":334,"column":8},"end":{"line":334,"column":8}}]},"14":{"line":345,"type":"if","locations":[{"start":{"line":345,"column":8},"end":{"line":345,"column":8}},{"start":{"line":345,"column":8},"end":{"line":345,"column":8}}]},"15":{"line":346,"type":"if","locations":[{"start":{"line":346,"column":8},"end":{"line":346,"column":8}},{"start":{"line":346,"column":8},"end":{"line":346,"column":8}}]},"16":{"line":350,"type":"if","locations":[{"start":{"line":350,"column":8},"end":{"line":350,"column":8}},{"start":{"line":350,"column":8},"end":{"line":350,"column":8}}]},"17":{"line":353,"type":"if","locations":[{"start":{"line":353,"column":12},"end":{"line":353,"column":12}},{"start":{"line":353,"column":12},"end":{"line":353,"column":12}}]},"18":{"line":366,"type":"if","locations":[{"start":{"line":366,"column":15},"end":{"line":366,"column":15}},{"start":{"line":366,"column":15},"end":{"line":366,"column":15}}]},"19":{"line":390,"type":"if","locations":[{"start":{"line":390,"column":8},"end":{"line":390,"column":8}},{"start":{"line":390,"column":8},"end":{"line":390,"column":8}}]},"20":{"line":391,"type":"if","locations":[{"start":{"line":391,"column":8},"end":{"line":391,"column":8}},{"start":{"line":391,"column":8},"end":{"line":391,"column":8}}]},"21":{"line":415,"type":"if","locations":[{"start":{"line":415,"column":8},"end":{"line":415,"column":8}},{"start":{"line":415,"column":8},"end":{"line":415,"column":8}}]},"22":{"line":427,"type":"if","locations":[{"start":{"line":427,"column":8},"end":{"line":427,"column":8}},{"start":{"line":427,"column":8},"end":{"line":427,"column":8}}]}}},
"contracts/previousVersions/WildcardSteward_v2.sol":{"l":{"78":0,"79":0,"83":0,"84":0,"88":0,"92":0,"96":0,"97":0,"101":0,"102":0,"110":0,"111":0,"112":0,"122":0,"123":0,"124":0,"126":0,"127":0,"128":0,"129":0,"130":0,"131":0,"132":0,"144":0,"145":0,"146":0,"148":0,"153":0,"157":0,"165":0,"166":0,"173":0,"174":0,"175":0,"176":0,"180":0,"189":0,"191":0,"204":0,"213":0,"215":0,"227":0,"234":0,"235":0,"237":0,"245":0,"246":0,"255":0,"256":0,"257":0,"259":0,"269":0,"272":0,"276":0,"277":0,"284":0,"285":0,"286":0,"287":0,"289":0,"290":0,"298":0,"302":0,"304":0,"309":0,"315":0,"316":0,"317":0,"318":0,"321":0,"322":0,"325":0,"327":0,"336":0,"337":0,"338":0,"343":0,"344":0,"346":0,"352":0,"353":0,"354":0,"357":0,"361":0,"362":0,"363":0,"367":0,"378":0,"379":0,"384":0,"387":0,"394":0,"395":0,"397":0,"398":0,"403":0,"408":0,"412":0,"413":0,"414":0,"423":0,"424":0,"425":0,"426":0,"428":0,"429":0,"431":0,"435":0,"436":0,"440":0,"443":0,"447":0,"448":0,"451":0,"452":0,"453":0,"456":0,"459":0,"466":0,"474":0,"475":0,"477":0,"482":0,"483":0,"491":0,"495":0,"499":0,"500":0,"501":0,"503":0,"506":0,"507":0,"512":0,"518":0,"520":0,"523":0,"524":0,"525":0,"531":0,"532":0,"533":0,"540":0,"541":0,"543":0,"553":0,"555":0,"559":0,"561":0,"562":0,"564":0,"565":0,"566":0},"path":"/Users/denham/Documents/projects/wildcards/code/contracts/contracts/previousVersions/WildcardSteward_v2.sol","s":{"1":0,"2":0,"3":0,"4":0,"5":0,"6":0,"7":0,"8":0,"9":0,"10":0,"11":0,"12":0,"13":0,"14":0,"15":0,"16":0,"17":0,"18":0,"19":0,"20":0,"21":0,"22":0,"23":0,"24":0,"25":0,"26":0,"27":0,"28":0,"29":0,"30":0,"31":0,"32":0,"33":0,"34":0,"35":0,"36":0,"37":0,"38":0,"39":0,"40":0,"41":0,"42":0,"43":0,"44":0,"45":0,"46":0,"47":0,"48":0,"49":0,"50":0,"51":0,"52":0,"53":0,"54":0,"55":0,"56":0,"57":0,"58":0,"59":0,"60":0,"61":0,"62":0,"63":0,"64":0,"65":0,"66":0,"67":0,"68":0,"69":0,"70":0,"71":0,"72":0,"73":0,"74":0,"75":0,"76":0,"77":0,"78":0,"79":0,"80":0,"81":0,"82":0,"83":0,"84":0,"85":0,"86":0,"87":0,"88":0,"89":0,"90":0,"91":0,"92":0,"93":0,"94":0,"95":0,"96":0,"97":0,"98":0,"99":0,"100":0,"101":0,"102":0,"103":0,"104":0,"105":0,"106":0,"107":0,"108":0,"109":0,"110":0,"111":0,"112":0,"113":0,"114":0,"115":0,"116":0,"117":0,"118":0,"119":0,"120":0,"121":0,"122":0,"123":0,"124":0,"125":0,"126":0,"127":0,"128":0,"129":0,"130":0,"131":0,"132":0,"133":0,"134":0,"135":0,"136":0,"137":0,"138":0,"139":0,"140":0,"141":0,"142":0,"143":0,"144":0,"145":0,"146":0,"147":0,"148":0,"149":0,"150":0},"b":{"1":[0,0],"2":[0,0],"3":[0,0],"4":[0,0],"5":[0,0],"6":[0,0],"7":[0,0],"8":[0,0],"9":[0,0],"10":[0,0],"11":[0,0],"12":[0,0],"13":[0,0],"14":[0,0],"15":[0,0],"16":[0,0],"17":[0,0],"18":[0,0],"19":[0,0],"20":[0,0],"21":[0,0],"22":[0,0],"23":[0,0],"24":[0,0],"25":[0,0],"26":[0,0],"27":[0,0],"28":[0,0],"29":[0,0],"30":[0,0],"31":[0,0]},"f":{"1":0,"2":0,"3":0,"4":0,"5":0,"6":0,"7":0,"8":0,"9":0,"10":0,"11":0,"12":0,"13":0,"14":0,"15":0,"16":0,"17":0,"18":0,"19":0,"20":0,"21":0,"22":0,"23":0,"24":0,"25":0,"26":0,"27":0,"28":0,"29":0,"30":0,"31":0,"32":0,"33":0,"34":0,"35":0},"fnMap":{"1":{"name":"onlyPatron","line":77,"loc":{"start":{"line":77,"column":4},"end":{"line":80,"column":4}}},"2":{"name":"onlyAdmin","line":82,"loc":{"start":{"line":82,"column":4},"end":{"line":85,"column":4}}},"3":{"name":"onlyReceivingBenefactorOrAdmin","line":87,"loc":{"start":{"line":87,"column":4},"end":{"line":93,"column":4}}},"4":{"name":"collectPatronage","line":95,"loc":{"start":{"line":95,"column":4},"end":{"line":98,"column":4}}},"5":{"name":"collectPatronageAddress","line":100,"loc":{"start":{"line":100,"column":4},"end":{"line":103,"column":4}}},"6":{"name":"initialize","line":109,"loc":{"start":{"line":105,"column":4},"end":{"line":113,"column":4}}},"7":{"name":"listNewTokens","line":121,"loc":{"start":{"line":116,"column":4},"end":{"line":138,"column":4}}},"8":{"name":"addTokenGenerationRateToExistingTokens","line":140,"loc":{"start":{"line":140,"column":4},"end":{"line":150,"column":4}}},"9":{"name":"setMintManager","line":152,"loc":{"start":{"line":152,"column":4},"end":{"line":158,"column":4}}},"10":{"name":"updateToV2","line":160,"loc":{"start":{"line":160,"column":4},"end":{"line":167,"column":4}}},"11":{"name":"changeReceivingBenefactor","line":172,"loc":{"start":{"line":169,"column":4},"end":{"line":177,"column":4}}},"12":{"name":"changeAdmin","line":179,"loc":{"start":{"line":179,"column":4},"end":{"line":181,"column":4}}},"13":{"name":"patronageOwed","line":184,"loc":{"start":{"line":184,"column":4},"end":{"line":197,"column":4}}},"14":{"name":"patronageOwedWithTimestamp","line":199,"loc":{"start":{"line":199,"column":4},"end":{"line":205,"column":4}}},"15":{"name":"patronageOwedPatron","line":208,"loc":{"start":{"line":208,"column":4},"end":{"line":220,"column":4}}},"16":{"name":"patronageOwedPatronWithTimestamp","line":222,"loc":{"start":{"line":222,"column":4},"end":{"line":228,"column":4}}},"17":{"name":"foreclosedPatron","line":230,"loc":{"start":{"line":230,"column":4},"end":{"line":239,"column":4}}},"18":{"name":"foreclosed","line":241,"loc":{"start":{"line":241,"column":4},"end":{"line":247,"column":4}}},"19":{"name":"depositAbleToWithdraw","line":250,"loc":{"start":{"line":250,"column":4},"end":{"line":261,"column":4}}},"20":{"name":"foreclosureTimePatron","line":263,"loc":{"start":{"line":263,"column":4},"end":{"line":273,"column":4}}},"21":{"name":"foreclosureTime","line":275,"loc":{"start":{"line":275,"column":4},"end":{"line":278,"column":4}}},"22":{"name":"_collectLoyalty","line":281,"loc":{"start":{"line":281,"column":4},"end":{"line":310,"column":4}}},"23":{"name":"_collectPatronage","line":313,"loc":{"start":{"line":313,"column":4},"end":{"line":374,"column":4}}},"24":{"name":"_collectPatronagePatron","line":377,"loc":{"start":{"line":377,"column":4},"end":{"line":404,"column":4}}},"25":{"name":"depositWei","line":407,"loc":{"start":{"line":407,"column":4},"end":{"line":409,"column":4}}},"26":{"name":"depositWeiPatron","line":411,"loc":{"start":{"line":411,"column":4},"end":{"line":415,"column":4}}},"27":{"name":"buy","line":421,"loc":{"start":{"line":417,"column":4},"end":{"line":467,"column":4}}},"28":{"name":"changePrice","line":472,"loc":{"start":{"line":469,"column":4},"end":{"line":484,"column":4}}},"29":{"name":"withdrawDeposit","line":488,"loc":{"start":{"line":486,"column":4},"end":{"line":492,"column":4}}},"30":{"name":"withdrawBenefactorFunds","line":494,"loc":{"start":{"line":494,"column":4},"end":{"line":496,"column":4}}},"31":{"name":"withdrawBenefactorFundsTo","line":498,"loc":{"start":{"line":498,"column":4},"end":{"line":509,"column":4}}},"32":{"name":"exit","line":511,"loc":{"start":{"line":511,"column":4},"end":{"line":513,"column":4}}},"33":{"name":"_withdrawDeposit","line":516,"loc":{"start":{"line":516,"column":4},"end":{"line":527,"column":4}}},"34":{"name":"_foreclose","line":529,"loc":{"start":{"line":529,"column":4},"end":{"line":544,"column":4}}},"35":{"name":"transferAssetTokenTo","line":546,"loc":{"start":{"line":546,"column":4},"end":{"line":567,"column":4}}}},"statementMap":{"1":{"start":{"line":78,"column":8},"end":{"line":78,"column":66}},"2":{"start":{"line":83,"column":8},"end":{"line":83,"column":48}},"3":{"start":{"line":88,"column":8},"end":{"line":88,"column":3184}},"4":{"start":{"line":96,"column":8},"end":{"line":96,"column":33}},"5":{"start":{"line":101,"column":8},"end":{"line":101,"column":43}},"6":{"start":{"line":110,"column":8},"end":{"line":110,"column":51}},"7":{"start":{"line":111,"column":8},"end":{"line":111,"column":21}},"8":{"start":{"line":112,"column":8},"end":{"line":112,"column":51}},"9":{"start":{"line":122,"column":8},"end":{"line":122,"column":51}},"10":{"start":{"line":123,"column":8},"end":{"line":123,"column":58}},"11":{"start":{"line":124,"column":8},"end":{"line":124,"column":59}},"12":{"start":{"line":126,"column":8},"end":{"line":126,"column":4375}},"13":{"start":{"line":127,"column":12},"end":{"line":127,"column":48}},"14":{"start":{"line":128,"column":12},"end":{"line":128,"column":51}},"15":{"start":{"line":129,"column":12},"end":{"line":129,"column":53}},"16":{"start":{"line":130,"column":12},"end":{"line":130,"column":65}},"17":{"start":{"line":131,"column":12},"end":{"line":131,"column":67}},"18":{"start":{"line":132,"column":12},"end":{"line":132,"column":4854}},"19":{"start":{"line":144,"column":8},"end":{"line":144,"column":59}},"20":{"start":{"line":145,"column":8},"end":{"line":145,"column":5222}},"21":{"start":{"line":146,"column":12},"end":{"line":146,"column":54}},"22":{"start":{"line":148,"column":12},"end":{"line":148,"column":67}},"23":{"start":{"line":153,"column":8},"end":{"line":153,"column":5478}},"24":{"start":{"line":157,"column":8},"end":{"line":157,"column":49}},"25":{"start":{"line":165,"column":8},"end":{"line":165,"column":35}},"26":{"start":{"line":166,"column":8},"end":{"line":166,"column":75}},"27":{"start":{"line":173,"column":8},"end":{"line":173,"column":51}},"28":{"start":{"line":174,"column":8},"end":{"line":174,"column":53}},"29":{"start":{"line":175,"column":8},"end":{"line":175,"column":79}},"30":{"start":{"line":176,"column":8},"end":{"line":176,"column":40}},"31":{"start":{"line":180,"column":8},"end":{"line":180,"column":21}},"32":{"start":{"line":189,"column":8},"end":{"line":189,"column":53}},"33":{"start":{"line":189,"column":45},"end":{"line":189,"column":53}},"34":{"start":{"line":191,"column":8},"end":{"line":191,"column":6686}},"35":{"start":{"line":204,"column":8},"end":{"line":204,"column":44}},"36":{"start":{"line":213,"column":8},"end":{"line":213,"column":63}},"37":{"start":{"line":213,"column":55},"end":{"line":213,"column":63}},"38":{"start":{"line":215,"column":8},"end":{"line":215,"column":7437}},"39":{"start":{"line":227,"column":8},"end":{"line":227,"column":54}},"40":{"start":{"line":234,"column":8},"end":{"line":234,"column":8152}},"41":{"start":{"line":235,"column":12},"end":{"line":235,"column":23}},"42":{"start":{"line":237,"column":12},"end":{"line":237,"column":24}},"43":{"start":{"line":245,"column":8},"end":{"line":245,"column":52}},"44":{"start":{"line":246,"column":8},"end":{"line":246,"column":44}},"45":{"start":{"line":255,"column":8},"end":{"line":255,"column":61}},"46":{"start":{"line":256,"column":8},"end":{"line":256,"column":8925}},"47":{"start":{"line":257,"column":12},"end":{"line":257,"column":20}},"48":{"start":{"line":259,"column":12},"end":{"line":259,"column":55}},"49":{"start":{"line":269,"column":8},"end":{"line":269,"column":9254}},"50":{"start":{"line":272,"column":8},"end":{"line":272,"column":67}},"51":{"start":{"line":276,"column":8},"end":{"line":276,"column":52}},"52":{"start":{"line":277,"column":8},"end":{"line":277,"column":49}},"53":{"start":{"line":284,"column":8},"end":{"line":284,"column":53}},"54":{"start":{"line":285,"column":8},"end":{"line":285,"column":68}},"55":{"start":{"line":286,"column":8},"end":{"line":286,"column":78}},"56":{"start":{"line":287,"column":8},"end":{"line":287,"column":33}},"57":{"start":{"line":289,"column":8},"end":{"line":289,"column":10261}},"58":{"start":{"line":290,"column":12},"end":{"line":290,"column":10337}},"59":{"start":{"line":298,"column":12},"end":{"line":298,"column":10668}},"60":{"start":{"line":302,"column":12},"end":{"line":302,"column":66}},"61":{"start":{"line":304,"column":8},"end":{"line":304,"column":10871}},"62":{"start":{"line":309,"column":8},"end":{"line":309,"column":69}},"63":{"start":{"line":315,"column":8},"end":{"line":315,"column":11301}},"64":{"start":{"line":316,"column":12},"end":{"line":316,"column":57}},"65":{"start":{"line":317,"column":12},"end":{"line":317,"column":72}},"66":{"start":{"line":318,"column":12},"end":{"line":318,"column":11495}},"67":{"start":{"line":321,"column":12},"end":{"line":321,"column":35}},"68":{"start":{"line":322,"column":12},"end":{"line":322,"column":30}},"69":{"start":{"line":325,"column":12},"end":{"line":325,"column":11817}},"70":{"start":{"line":327,"column":20},"end":{"line":327,"column":11902}},"71":{"start":{"line":336,"column":16},"end":{"line":336,"column":64}},"72":{"start":{"line":337,"column":16},"end":{"line":337,"column":75}},"73":{"start":{"line":338,"column":16},"end":{"line":338,"column":12424}},"74":{"start":{"line":343,"column":16},"end":{"line":343,"column":40}},"75":{"start":{"line":344,"column":16},"end":{"line":344,"column":34}},"76":{"start":{"line":346,"column":16},"end":{"line":346,"column":12782}},"77":{"start":{"line":352,"column":16},"end":{"line":352,"column":47}},"78":{"start":{"line":353,"column":16},"end":{"line":353,"column":58}},"79":{"start":{"line":354,"column":16},"end":{"line":354,"column":13117}},"80":{"start":{"line":357,"column":16},"end":{"line":357,"column":13242}},"81":{"start":{"line":361,"column":12},"end":{"line":361,"column":76}},"82":{"start":{"line":362,"column":12},"end":{"line":362,"column":53}},"83":{"start":{"line":363,"column":12},"end":{"line":363,"column":13515}},"84":{"start":{"line":367,"column":12},"end":{"line":367,"column":13741}},"85":{"start":{"line":378,"column":8},"end":{"line":378,"column":77}},"86":{"start":{"line":379,"column":8},"end":{"line":379,"column":14125}},"87":{"start":{"line":384,"column":16},"end":{"line":384,"column":14311}},"88":{"start":{"line":387,"column":12},"end":{"line":387,"column":14421}},"89":{"start":{"line":394,"column":12},"end":{"line":394,"column":70}},"90":{"start":{"line":395,"column":12},"end":{"line":395,"column":35}},"91":{"start":{"line":397,"column":12},"end":{"line":397,"column":53}},"92":{"start":{"line":398,"column":12},"end":{"line":398,"column":14888}},"93":{"start":{"line":403,"column":8},"end":{"line":403,"column":70}},"94":{"start":{"line":408,"column":8},"end":{"line":408,"column":35}},"95":{"start":{"line":412,"column":8},"end":{"line":412,"column":72}},"96":{"start":{"line":413,"column":8},"end":{"line":413,"column":55}},"97":{"start":{"line":414,"column":8},"end":{"line":414,"column":60}},"98":{"start":{"line":423,"column":8},"end":{"line":423,"column":46}},"99":{"start":{"line":424,"column":8},"end":{"line":424,"column":56}},"100":{"start":{"line":425,"column":8},"end":{"line":425,"column":58}},"101":{"start":{"line":426,"column":8},"end":{"line":426,"column":52}},"102":{"start":{"line":428,"column":8},"end":{"line":428,"column":15919}},"103":{"start":{"line":429,"column":12},"end":{"line":429,"column":51}},"104":{"start":{"line":431,"column":12},"end":{"line":431,"column":16120}},"105":{"start":{"line":435,"column":16},"end":{"line":435,"column":72}},"106":{"start":{"line":436,"column":16},"end":{"line":436,"column":39}},"107":{"start":{"line":440,"column":12},"end":{"line":440,"column":16470}},"108":{"start":{"line":443,"column":12},"end":{"line":443,"column":16611}},"109":{"start":{"line":447,"column":12},"end":{"line":447,"column":16734}},"110":{"start":{"line":448,"column":16},"end":{"line":448,"column":78}},"111":{"start":{"line":450,"column":15},"end":{"line":450,"column":16864}},"112":{"start":{"line":451,"column":12},"end":{"line":451,"column":46}},"113":{"start":{"line":452,"column":12},"end":{"line":452,"column":43}},"114":{"start":{"line":453,"column":12},"end":{"line":453,"column":52}},"115":{"start":{"line":456,"column":8},"end":{"line":456,"column":17082}},"116":{"start":{"line":459,"column":8},"end":{"line":459,"column":17190}},"117":{"start":{"line":466,"column":8},"end":{"line":466,"column":48}},"118":{"start":{"line":474,"column":8},"end":{"line":474,"column":71}},"119":{"start":{"line":475,"column":8},"end":{"line":475,"column":49}},"120":{"start":{"line":477,"column":8},"end":{"line":477,"column":17728}},"121":{"start":{"line":482,"column":8},"end":{"line":482,"column":33}},"122":{"start":{"line":483,"column":8},"end":{"line":483,"column":49}},"123":{"start":{"line":491,"column":8},"end":{"line":491,"column":29}},"124":{"start":{"line":495,"column":8},"end":{"line":495,"column":44}},"125":{"start":{"line":499,"column":8},"end":{"line":499,"column":69}},"126":{"start":{"line":500,"column":8},"end":{"line":500,"column":62}},"127":{"start":{"line":501,"column":8},"end":{"line":501,"column":38}},"128":{"start":{"line":503,"column":8},"end":{"line":503,"column":18533}},"129":{"start":{"line":506,"column":8},"end":{"line":506,"column":18640}},"130":{"start":{"line":507,"column":12},"end":{"line":507,"column":56}},"131":{"start":{"line":512,"column":8},"end":{"line":512,"column":44}},"132":{"start":{"line":518,"column":8},"end":{"line":518,"column":67}},"133":{"start":{"line":520,"column":8},"end":{"line":520,"column":58}},"134":{"start":{"line":523,"column":8},"end":{"line":523,"column":76}},"135":{"start":{"line":524,"column":8},"end":{"line":524,"column":19280}},"136":{"start":{"line":525,"column":12},"end":{"line":525,"column":47}},"137":{"start":{"line":531,"column":8},"end":{"line":531,"column":58}},"138":{"start":{"line":532,"column":8},"end":{"line":532,"column":52}},"139":{"start":{"line":533,"column":8},"end":{"line":533,"column":19601}},"140":{"start":{"line":540,"column":8},"end":{"line":540,"column":47}},"141":{"start":{"line":541,"column":8},"end":{"line":541,"column":36}},"142":{"start":{"line":543,"column":8},"end":{"line":543,"column":66}},"143":{"start":{"line":553,"column":8},"end":{"line":553,"column":20164}},"144":{"start":{"line":555,"column":8},"end":{"line":555,"column":20315}},"145":{"start":{"line":559,"column":8},"end":{"line":559,"column":20568}},"146":{"start":{"line":561,"column":8},"end":{"line":561,"column":65}},"147":{"start":{"line":562,"column":8},"end":{"line":562,"column":41}},"148":{"start":{"line":564,"column":8},"end":{"line":564,"column":33}},"149":{"start":{"line":565,"column":8},"end":{"line":565,"column":34}},"150":{"start":{"line":566,"column":8},"end":{"line":566,"column":41}}},"branchMap":{"1":{"line":78,"type":"if","locations":[{"start":{"line":78,"column":8},"end":{"line":78,"column":8}},{"start":{"line":78,"column":8},"end":{"line":78,"column":8}}]},"2":{"line":83,"type":"if","locations":[{"start":{"line":83,"column":8},"end":{"line":83,"column":8}},{"start":{"line":83,"column":8},"end":{"line":83,"column":8}}]},"3":{"line":88,"type":"if","locations":[{"start":{"line":88,"column":8},"end":{"line":88,"column":8}},{"start":{"line":88,"column":8},"end":{"line":88,"column":8}}]},"4":{"line":122,"type":"if","locations":[{"start":{"line":122,"column":8},"end":{"line":122,"column":8}},{"start":{"line":122,"column":8},"end":{"line":122,"column":8}}]},"5":{"line":123,"type":"if","locations":[{"start":{"line":123,"column":8},"end":{"line":123,"column":8}},{"start":{"line":123,"column":8},"end":{"line":123,"column":8}}]},"6":{"line":124,"type":"if","locations":[{"start":{"line":124,"column":8},"end":{"line":124,"column":8}},{"start":{"line":124,"column":8},"end":{"line":124,"column":8}}]},"7":{"line":127,"type":"if","locations":[{"start":{"line":127,"column":12},"end":{"line":127,"column":12}},{"start":{"line":127,"column":12},"end":{"line":127,"column":12}}]},"8":{"line":144,"type":"if","locations":[{"start":{"line":144,"column":8},"end":{"line":144,"column":8}},{"start":{"line":144,"column":8},"end":{"line":144,"column":8}}]},"9":{"line":146,"type":"if","locations":[{"start":{"line":146,"column":12},"end":{"line":146,"column":12}},{"start":{"line":146,"column":12},"end":{"line":146,"column":12}}]},"10":{"line":153,"type":"if","locations":[{"start":{"line":153,"column":8},"end":{"line":153,"column":8}},{"start":{"line":153,"column":8},"end":{"line":153,"column":8}}]},"11":{"line":189,"type":"if","locations":[{"start":{"line":189,"column":8},"end":{"line":189,"column":8}},{"start":{"line":189,"column":8},"end":{"line":189,"column":8}}]},"12":{"line":213,"type":"if","locations":[{"start":{"line":213,"column":8},"end":{"line":213,"column":8}},{"start":{"line":213,"column":8},"end":{"line":213,"column":8}}]},"13":{"line":234,"type":"if","locations":[{"start":{"line":234,"column":8},"end":{"line":234,"column":8}},{"start":{"line":234,"column":8},"end":{"line":234,"column":8}}]},"14":{"line":256,"type":"if","locations":[{"start":{"line":256,"column":8},"end":{"line":256,"column":8}},{"start":{"line":256,"column":8},"end":{"line":256,"column":8}}]},"15":{"line":289,"type":"if","locations":[{"start":{"line":289,"column":8},"end":{"line":289,"column":8}},{"start":{"line":289,"column":8},"end":{"line":289,"column":8}}]},"16":{"line":315,"type":"if","locations":[{"start":{"line":315,"column":8},"end":{"line":315,"column":8}},{"start":{"line":315,"column":8},"end":{"line":315,"column":8}}]},"17":{"line":325,"type":"if","locations":[{"start":{"line":325,"column":12},"end":{"line":325,"column":12}},{"start":{"line":325,"column":12},"end":{"line":325,"column":12}}]},"18":{"line":379,"type":"if","locations":[{"start":{"line":379,"column":8},"end":{"line":379,"column":8}},{"start":{"line":379,"column":8},"end":{"line":379,"column":8}}]},"19":{"line":412,"type":"if","locations":[{"start":{"line":412,"column":8},"end":{"line":412,"column":8}},{"start":{"line":412,"column":8},"end":{"line":412,"column":8}}]},"20":{"line":423,"type":"if","locations":[{"start":{"line":423,"column":8},"end":{"line":423,"column":8}},{"start":{"line":423,"column":8},"end":{"line":423,"column":8}}]},"21":{"line":424,"type":"if","locations":[{"start":{"line":424,"column":8},"end":{"line":424,"column":8}},{"start":{"line":424,"column":8},"end":{"line":424,"column":8}}]},"22":{"line":428,"type":"if","locations":[{"start":{"line":428,"column":8},"end":{"line":428,"column":8}},{"start":{"line":428,"column":8},"end":{"line":428,"column":8}}]},"23":{"line":431,"type":"if","locations":[{"start":{"line":431,"column":12},"end":{"line":431,"column":12}},{"start":{"line":431,"column":12},"end":{"line":431,"column":12}}]},"24":{"line":447,"type":"if","locations":[{"start":{"line":447,"column":12},"end":{"line":447,"column":12}},{"start":{"line":447,"column":12},"end":{"line":447,"column":12}}]},"25":{"line":450,"type":"if","locations":[{"start":{"line":450,"column":15},"end":{"line":450,"column":15}},{"start":{"line":450,"column":15},"end":{"line":450,"column":15}}]},"26":{"line":474,"type":"if","locations":[{"start":{"line":474,"column":8},"end":{"line":474,"column":8}},{"start":{"line":474,"column":8},"end":{"line":474,"column":8}}]},"27":{"line":475,"type":"if","locations":[{"start":{"line":475,"column":8},"end":{"line":475,"column":8}},{"start":{"line":475,"column":8},"end":{"line":475,"column":8}}]},"28":{"line":499,"type":"if","locations":[{"start":{"line":499,"column":8},"end":{"line":499,"column":8}},{"start":{"line":499,"column":8},"end":{"line":499,"column":8}}]},"29":{"line":506,"type":"if","locations":[{"start":{"line":506,"column":8},"end":{"line":506,"column":8}},{"start":{"line":506,"column":8},"end":{"line":506,"column":8}}]},"30":{"line":518,"type":"if","locations":[{"start":{"line":518,"column":8},"end":{"line":518,"column":8}},{"start":{"line":518,"column":8},"end":{"line":518,"column":8}}]},"31":{"line":524,"type":"if","locations":[{"start":{"line":524,"column":8},"end":{"line":524,"column":8}},{"start":{"line":524,"column":8},"end":{"line":524,"column":8}}]}}},
"contracts/WildcardSteward_v3.sol":{"l":{"121":10,"122":6,"126":251,"127":247,"131":4,"135":2,"139":98,"140":96,"144":100,"145":100,"149":86,"154":86,"158":4,"159":4,"163":90,"164":86,"167":2,"168":2,"171":0,"172":0,"178":86,"183":86,"195":62,"196":62,"197":62,"198":62,"199":62,"211":165,"212":61,"215":104,"216":104,"217":104,"218":530,"219":530,"222":104,"223":104,"224":530,"225":530,"227":104,"238":66,"239":66,"240":66,"241":66,"243":66,"244":165,"245":165,"246":165,"247":165,"248":165,"251":165,"252":165,"253":165,"254":165,"257":165,"258":163,"260":2,"263":165,"269":165,"270":165,"286":0,"288":0,"289":0,"291":0,"292":0,"293":0,"295":0,"300":0,"307":0,"309":0,"313":0,"317":0,"321":0,"329":0,"334":0,"340":0,"343":0,"345":0,"348":0,"349":0,"352":0,"369":2,"371":2,"377":2,"378":2,"380":2,"383":2,"399":0,"401":0,"403":0,"407":1,"415":0,"423":165,"424":165,"425":165,"426":165,"434":77,"438":75,"440":73,"441":73,"442":73,"443":73,"451":15,"465":232,"478":122,"485":6,"486":5,"488":1,"493":3,"494":3,"502":8,"503":8,"504":1,"506":7,"515":3,"518":3,"522":2,"523":2,"531":208,"532":182,"537":182,"549":110,"550":108,"554":108,"556":108,"557":108,"558":13,"564":13,"567":13,"569":13,"574":13,"575":12,"580":1,"586":13,"588":95,"596":4,"607":108,"609":108,"610":24,"613":108,"620":36,"621":0,"622":0,"626":0,"629":0,"632":36,"642":1,"643":0,"644":0,"648":0,"651":0,"654":1,"665":2,"672":2,"674":2,"677":2,"680":2,"686":0,"689":0,"690":0,"691":0,"696":0,"708":4,"726":4,"730":4,"734":4,"736":4,"738":4,"740":4,"741":4,"742":0,"743":0,"746":0,"752":4,"753":3,"754":3,"767":208,"769":208,"771":208,"776":15,"778":15,"785":15,"786":15,"787":15,"791":193,"792":193,"793":193,"798":208,"799":208,"803":5,"807":6,"808":2,"809":2,"813":67,"818":67,"819":67,"820":4,"823":63,"826":67,"827":3,"830":64,"853":15,"854":13,"859":13,"861":13,"862":13,"863":13,"864":13,"870":13,"886":71,"890":69,"891":67,"892":67,"894":65,"896":65,"898":65,"899":65,"900":65,"906":65,"910":65,"911":65,"912":65,"913":63,"915":2,"918":2,"921":65,"922":65,"926":13,"927":13,"929":13,"930":0,"932":13,"937":13,"938":13,"939":11,"941":2,"944":2,"948":13,"951":13,"955":9,"958":9,"959":9,"962":9,"966":9,"967":1,"972":4,"977":13,"985":6,"986":4,"987":2,"989":2,"992":2,"993":2,"995":2,"1000":2,"1004":2,"1005":2,"1013":9,"1017":2,"1021":1,"1025":10,"1027":6,"1029":6,"1030":6,"1031":2,"1036":13,"1037":13,"1038":13,"1040":13,"1049":78,"1051":78,"1054":78,"1056":78,"1058":78,"1061":78,"1062":78,"1065":78,"1066":13,"1069":13,"1072":13,"1076":78,"1078":78,"1084":13,"1086":13,"1089":13,"1092":13,"1093":13,"1096":13},"path":"/Users/denham/Documents/projects/wildcards/code/contracts/contracts/WildcardSteward_v3.sol","s":{"1":10,"2":251,"3":4,"4":98,"5":100,"6":86,"7":4,"8":90,"9":2,"10":0,"11":86,"12":62,"13":62,"14":62,"15":62,"16":62,"17":165,"18":61,"19":104,"20":104,"21":104,"22":530,"23":104,"24":104,"25":530,"26":530,"27":104,"28":66,"29":66,"30":66,"31":66,"32":66,"33":165,"34":165,"35":165,"36":165,"37":165,"38":165,"39":165,"40":165,"41":165,"42":165,"43":163,"44":2,"45":165,"46":165,"47":165,"48":0,"49":0,"50":0,"51":0,"52":0,"53":0,"54":0,"55":0,"56":0,"57":0,"58":0,"59":0,"60":0,"61":0,"62":0,"63":0,"64":0,"65":0,"66":0,"67":0,"68":0,"69":2,"70":2,"71":2,"72":2,"73":2,"74":2,"75":0,"76":0,"77":0,"78":1,"79":0,"80":165,"81":165,"82":165,"83":165,"84":77,"85":75,"86":73,"87":73,"88":73,"89":73,"90":15,"91":232,"92":122,"93":6,"94":5,"95":1,"96":3,"97":3,"98":8,"99":8,"100":1,"101":7,"102":3,"103":3,"104":2,"105":2,"106":208,"107":182,"108":182,"109":110,"110":108,"111":108,"112":108,"113":108,"114":13,"115":13,"116":13,"117":13,"118":13,"119":12,"120":1,"121":13,"122":95,"123":4,"124":108,"125":108,"126":24,"127":108,"128":36,"129":0,"130":0,"131":0,"132":0,"133":36,"134":1,"135":0,"136":0,"137":0,"138":0,"139":1,"140":2,"141":2,"142":2,"143":2,"144":2,"145":0,"146":0,"147":0,"148":0,"149":0,"150":4,"151":4,"152":4,"153":4,"154":4,"155":4,"156":4,"157":4,"158":0,"159":0,"160":0,"161":4,"162":3,"163":3,"164":208,"165":208,"166":208,"167":15,"168":15,"169":15,"170":15,"171":15,"172":193,"173":193,"174":193,"175":208,"176":208,"177":5,"178":6,"179":2,"180":2,"181":67,"182":67,"183":67,"184":4,"185":63,"186":67,"187":3,"188":64,"189":15,"190":13,"191":13,"192":13,"193":13,"194":13,"195":13,"196":13,"197":71,"198":69,"199":67,"200":67,"201":65,"202":65,"203":65,"204":65,"205":65,"206":65,"207":65,"208":65,"209":65,"210":63,"211":2,"212":2,"213":65,"214":65,"215":13,"216":13,"217":13,"218":0,"219":13,"220":13,"221":13,"222":11,"223":2,"224":2,"225":13,"226":13,"227":9,"228":9,"229":9,"230":9,"231":9,"232":1,"233":4,"234":13,"235":6,"236":4,"237":2,"238":2,"239":2,"240":2,"241":2,"242":2,"243":2,"244":2,"245":9,"246":2,"247":1,"248":10,"249":6,"250":6,"251":6,"252":2,"253":13,"254":13,"255":13,"256":13,"257":78,"258":78,"259":78,"260":78,"261":78,"262":78,"263":78,"264":78,"265":13,"266":13,"267":13,"268":78,"269":78,"270":13,"271":13,"272":13,"273":13,"274":13,"275":13},"b":{"1":[6,4],"2":[247,4],"3":[2,2],"4":[86,0],"5":[86,4],"6":[2,0],"7":[0,0],"8":[86,0],"9":[61,104],"10":[66,0],"11":[66,0],"12":[66,0],"13":[66,0],"14":[165,0],"15":[163,2],"16":[165,0],"17":[0,0],"18":[0,0],"19":[0,0],"20":[2,0],"21":[0,0],"22":[165,0],"23":[75,2],"24":[73,2],"25":[5,1],"26":[1,7],"27":[182,26],"28":[13,95],"29":[12,1],"30":[24,84],"31":[0,36],"32":[0,0],"33":[0,1],"34":[0,0],"35":[0,2],"36":[0,0],"37":[4,0],"38":[4,0],"39":[4,0],"40":[4,0],"41":[0,4],"42":[0,0],"43":[3,1],"44":[15,193],"45":[2,4],"46":[4,63],"47":[3,64],"48":[13,2],"49":[13,0],"50":[69,2],"51":[67,2],"52":[63,2],"53":[0,13],"54":[11,2],"55":[9,4],"56":[1,8],"57":[4,2],"58":[2,2],"59":[2,0],"60":[6,4],"61":[2,4],"62":[78,0],"63":[13,65]},"f":{"1":10,"2":251,"3":4,"4":98,"5":100,"6":86,"7":4,"8":90,"9":2,"10":0,"11":86,"12":62,"13":165,"14":66,"15":0,"16":2,"17":0,"18":1,"19":0,"20":165,"21":77,"22":15,"23":232,"24":122,"25":6,"26":3,"27":8,"28":3,"29":2,"30":208,"31":110,"32":4,"33":108,"34":36,"35":1,"36":2,"37":2,"38":4,"39":4,"40":208,"41":5,"42":6,"43":67,"44":15,"45":71,"46":65,"47":13,"48":6,"49":9,"50":2,"51":1,"52":10,"53":13,"54":78,"55":13},"fnMap":{"1":{"name":"onlyPatron","line":120,"loc":{"start":{"line":120,"column":4},"end":{"line":123,"column":4}}},"2":{"name":"onlyAdmin","line":125,"loc":{"start":{"line":125,"column":4},"end":{"line":128,"column":4}}},"3":{"name":"onlyReceivingBenefactorOrAdmin","line":130,"loc":{"start":{"line":130,"column":4},"end":{"line":136,"column":4}}},"4":{"name":"collectPatronageAndSettleBenefactor","line":138,"loc":{"start":{"line":138,"column":4},"end":{"line":141,"column":4}}},"5":{"name":"collectPatronagePatron","line":143,"loc":{"start":{"line":143,"column":4},"end":{"line":146,"column":4}}},"6":{"name":"youCurrentlyAreNotInDefault","line":148,"loc":{"start":{"line":148,"column":4},"end":{"line":155,"column":4}}},"7":{"name":"updateBenefactorBalance","line":157,"loc":{"start":{"line":157,"column":4},"end":{"line":160,"column":4}}},"8":{"name":"priceGreaterThanZero","line":162,"loc":{"start":{"line":162,"column":4},"end":{"line":165,"column":4}}},"9":{"name":"notNullAddress","line":166,"loc":{"start":{"line":166,"column":4},"end":{"line":169,"column":4}}},"10":{"name":"notSameAddress","line":170,"loc":{"start":{"line":170,"column":4},"end":{"line":173,"column":4}}},"11":{"name":"validWildcardsPercentage","line":174,"loc":{"start":{"line":174,"column":4},"end":{"line":184,"column":4}}},"12":{"name":"initialize","line":194,"loc":{"start":{"line":186,"column":4},"end":{"line":204,"column":4}}},"13":{"name":"uintToStr","line":206,"loc":{"start":{"line":206,"column":4},"end":{"line":228,"column":4}}},"14":{"name":"listNewTokens","line":237,"loc":{"start":{"line":230,"column":4},"end":{"line":277,"column":4}}},"15":{"name":"upgradeToV3","line":285,"loc":{"start":{"line":279,"column":4},"end":{"line":357,"column":4}}},"16":{"name":"changeReceivingBenefactor","line":367,"loc":{"start":{"line":359,"column":4},"end":{"line":385,"column":4}}},"17":{"name":"changeReceivingBenefactorDeposit","line":397,"loc":{"start":{"line":390,"column":4},"end":{"line":404,"column":4}}},"18":{"name":"changeAdmin","line":406,"loc":{"start":{"line":406,"column":4},"end":{"line":408,"column":4}}},"19":{"name":"changeWithdrawCheckerAdmin","line":413,"loc":{"start":{"line":410,"column":4},"end":{"line":416,"column":4}}},"20":{"name":"changeArtistAddressAndCommission","line":422,"loc":{"start":{"line":418,"column":4},"end":{"line":427,"column":4}}},"21":{"name":"_changeAuctionParameters","line":429,"loc":{"start":{"line":429,"column":4},"end":{"line":444,"column":4}}},"22":{"name":"changeAuctionParameters","line":450,"loc":{"start":{"line":446,"column":4},"end":{"line":456,"column":4}}},"23":{"name":"patronageOwedPatron","line":458,"loc":{"start":{"line":458,"column":4},"end":{"line":469,"column":4}}},"24":{"name":"patronageDueBenefactor","line":471,"loc":{"start":{"line":471,"column":4},"end":{"line":482,"column":4}}},"25":{"name":"foreclosedPatron","line":484,"loc":{"start":{"line":484,"column":4},"end":{"line":490,"column":4}}},"26":{"name":"foreclosed","line":492,"loc":{"start":{"line":492,"column":4},"end":{"line":495,"column":4}}},"27":{"name":"depositAbleToWithdraw","line":497,"loc":{"start":{"line":497,"column":4},"end":{"line":508,"column":4}}},"28":{"name":"foreclosureTimePatron","line":510,"loc":{"start":{"line":510,"column":4},"end":{"line":519,"column":4}}},"29":{"name":"foreclosureTime","line":521,"loc":{"start":{"line":521,"column":4},"end":{"line":524,"column":4}}},"30":{"name":"_collectLoyaltyPatron","line":527,"loc":{"start":{"line":527,"column":4},"end":{"line":544,"column":4}}},"31":{"name":"_collectPatronageAndSettleBenefactor","line":548,"loc":{"start":{"line":548,"column":4},"end":{"line":590,"column":4}}},"32":{"name":"safeSend","line":592,"loc":{"start":{"line":592,"column":4},"end":{"line":597,"column":4}}},"33":{"name":"_updateBenefactorBalance","line":606,"loc":{"start":{"line":606,"column":4},"end":{"line":614,"column":4}}},"34":{"name":"_increaseBenefactorBalance","line":616,"loc":{"start":{"line":616,"column":4},"end":{"line":636,"column":4}}},"35":{"name":"_decreaseBenefactorBalance","line":638,"loc":{"start":{"line":638,"column":4},"end":{"line":658,"column":4}}},"36":{"name":"fundsDueForAuctionPeriodAtCurrentRate","line":660,"loc":{"start":{"line":660,"column":4},"end":{"line":669,"column":4}}},"37":{"name":"withdrawBenefactorFundsTo","line":671,"loc":{"start":{"line":671,"column":4},"end":{"line":700,"column":4}}},"38":{"name":"hasher","line":702,"loc":{"start":{"line":702,"column":4},"end":{"line":715,"column":4}}},"39":{"name":"withdrawBenefactorFundsToValidated","line":717,"loc":{"start":{"line":717,"column":4},"end":{"line":761,"column":4}}},"40":{"name":"_collectPatronagePatron","line":763,"loc":{"start":{"line":763,"column":4},"end":{"line":800,"column":4}}},"41":{"name":"depositWei","line":802,"loc":{"start":{"line":802,"column":4},"end":{"line":804,"column":4}}},"42":{"name":"depositWeiPatron","line":806,"loc":{"start":{"line":806,"column":4},"end":{"line":810,"column":4}}},"43":{"name":"_auctionPrice","line":812,"loc":{"start":{"line":812,"column":4},"end":{"line":837,"column":4}}},"44":{"name":"buy","line":851,"loc":{"start":{"line":839,"column":4},"end":{"line":871,"column":4}}},"45":{"name":"buyAuction","line":884,"loc":{"start":{"line":873,"column":4},"end":{"line":907,"column":4}}},"46":{"name":"_distributeAuctionProceeds","line":909,"loc":{"start":{"line":909,"column":4},"end":{"line":923,"column":4}}},"47":{"name":"_distributePurchaseProceeds","line":925,"loc":{"start":{"line":925,"column":4},"end":{"line":978,"column":4}}},"48":{"name":"changePrice","line":983,"loc":{"start":{"line":980,"column":4},"end":{"line":1006,"column":4}}},"49":{"name":"withdrawDeposit","line":1010,"loc":{"start":{"line":1008,"column":4},"end":{"line":1014,"column":4}}},"50":{"name":"withdrawBenefactorFunds","line":1016,"loc":{"start":{"line":1016,"column":4},"end":{"line":1018,"column":4}}},"51":{"name":"exit","line":1020,"loc":{"start":{"line":1020,"column":4},"end":{"line":1022,"column":4}}},"52":{"name":"_withdrawDeposit","line":1024,"loc":{"start":{"line":1024,"column":4},"end":{"line":1033,"column":4}}},"53":{"name":"_foreclose","line":1035,"loc":{"start":{"line":1035,"column":4},"end":{"line":1041,"column":4}}},"54":{"name":"transferAssetTokenTo","line":1043,"loc":{"start":{"line":1043,"column":4},"end":{"line":1079,"column":4}}},"55":{"name":"resetTokenOnForeclosure","line":1081,"loc":{"start":{"line":1081,"column":4},"end":{"line":1097,"column":4}}}},"statementMap":{"1":{"start":{"line":121,"column":8},"end":{"line":121,"column":71}},"2":{"start":{"line":126,"column":8},"end":{"line":126,"column":48}},"3":{"start":{"line":131,"column":8},"end":{"line":131,"column":5301}},"4":{"start":{"line":139,"column":8},"end":{"line":139,"column":52}},"5":{"start":{"line":144,"column":8},"end":{"line":144,"column":43}},"6":{"start":{"line":149,"column":8},"end":{"line":149,"column":5784}},"7":{"start":{"line":158,"column":8},"end":{"line":158,"column":43}},"8":{"start":{"line":163,"column":8},"end":{"line":163,"column":46}},"9":{"start":{"line":167,"column":8},"end":{"line":167,"column":58}},"10":{"start":{"line":171,"column":8},"end":{"line":171,"column":71}},"11":{"start":{"line":178,"column":8},"end":{"line":178,"column":6623}},"12":{"start":{"line":195,"column":8},"end":{"line":195,"column":51}},"13":{"start":{"line":196,"column":8},"end":{"line":196,"column":21}},"14":{"start":{"line":197,"column":8},"end":{"line":197,"column":51}},"15":{"start":{"line":198,"column":8},"end":{"line":198,"column":49}},"16":{"start":{"line":199,"column":8},"end":{"line":199,"column":7344}},"17":{"start":{"line":211,"column":8},"end":{"line":211,"column":7602}},"18":{"start":{"line":212,"column":12},"end":{"line":212,"column":22}},"19":{"start":{"line":215,"column":8},"end":{"line":215,"column":22}},"20":{"start":{"line":216,"column":8},"end":{"line":216,"column":19}},"21":{"start":{"line":217,"column":8},"end":{"line":217,"column":7705}},"22":{"start":{"line":219,"column":12},"end":{"line":219,"column":18}},"23":{"start":{"line":222,"column":8},"end":{"line":222,"column":42}},"24":{"start":{"line":223,"column":8},"end":{"line":223,"column":7825}},"25":{"start":{"line":224,"column":12},"end":{"line":224,"column":54}},"26":{"start":{"line":225,"column":12},"end":{"line":225,"column":19}},"27":{"start":{"line":227,"column":8},"end":{"line":227,"column":27}},"28":{"start":{"line":238,"column":8},"end":{"line":238,"column":51}},"29":{"start":{"line":239,"column":8},"end":{"line":239,"column":58}},"30":{"start":{"line":240,"column":8},"end":{"line":240,"column":51}},"31":{"start":{"line":241,"column":8},"end":{"line":241,"column":58}},"32":{"start":{"line":243,"column":8},"end":{"line":243,"column":8503}},"33":{"start":{"line":244,"column":12},"end":{"line":244,"column":48}},"34":{"start":{"line":245,"column":12},"end":{"line":245,"column":65}},"35":{"start":{"line":246,"column":12},"end":{"line":246,"column":57}},"36":{"start":{"line":247,"column":12},"end":{"line":247,"column":71}},"37":{"start":{"line":248,"column":12},"end":{"line":248,"column":8814}},"38":{"start":{"line":251,"column":12},"end":{"line":251,"column":74}},"39":{"start":{"line":252,"column":12},"end":{"line":252,"column":51}},"40":{"start":{"line":253,"column":12},"end":{"line":253,"column":53}},"41":{"start":{"line":254,"column":12},"end":{"line":254,"column":65}},"42":{"start":{"line":257,"column":12},"end":{"line":257,"column":9259}},"43":{"start":{"line":258,"column":16},"end":{"line":258,"column":58}},"44":{"start":{"line":260,"column":16},"end":{"line":260,"column":70}},"45":{"start":{"line":263,"column":12},"end":{"line":263,"column":9471}},"46":{"start":{"line":269,"column":12},"end":{"line":269,"column":9768}},"47":{"start":{"line":270,"column":16},"end":{"line":270,"column":9815}},"48":{"start":{"line":286,"column":8},"end":{"line":286,"column":26}},"49":{"start":{"line":288,"column":8},"end":{"line":288,"column":50}},"50":{"start":{"line":289,"column":8},"end":{"line":289,"column":51}},"51":{"start":{"line":291,"column":8},"end":{"line":291,"column":10541}},"52":{"start":{"line":292,"column":12},"end":{"line":292,"column":39}},"53":{"start":{"line":293,"column":12},"end":{"line":293,"column":62}},"54":{"sta
[...]
":726,"column":26148}},"152":{"start":{"line":730,"column":8},"end":{"line":730,"column":26278}},"153":{"start":{"line":734,"column":8},"end":{"line":734,"column":46}},"154":{"start":{"line":736,"column":8},"end":{"line":736,"column":43}},"155":{"start":{"line":738,"column":8},"end":{"line":738,"column":65}},"156":{"start":{"line":740,"column":8},"end":{"line":740,"column":26559}},"157":{"start":{"line":741,"column":12},"end":{"line":741,"column":26606}},"158":{"start":{"line":742,"column":16},"end":{"line":742,"column":26665}},"159":{"start":{"line":743,"column":20},"end":{"line":743,"column":26728}},"160":{"start":{"line":746,"column":20},"end":{"line":746,"column":26861}},"161":{"start":{"line":752,"column":16},"end":{"line":752,"column":27044}},"162":{"start":{"line":753,"column":20},"end":{"line":753,"column":50}},"163":{"start":{"line":754,"column":20},"end":{"line":754,"column":27171}},"164":{"start":{"line":767,"column":8},"end":{"line":767,"column":77}},"165":{"start":{"line":769,"column":8},"end":{"line":769,"column":33}},"166":{"start":{"line":771,"column":8},"end":{"line":771,"column":27603}},"167":{"start":{"line":776,"column":16},"end":{"line":776,"column":27788}},"168":{"start":{"line":778,"column":12},"end":{"line":778,"column":27845}},"169":{"start":{"line":785,"column":12},"end":{"line":785,"column":83}},"170":{"start":{"line":786,"column":12},"end":{"line":786,"column":35}},"171":{"start":{"line":787,"column":12},"end":{"line":787,"column":28258}},"172":{"start":{"line":791,"column":12},"end":{"line":791,"column":76}},"173":{"start":{"line":792,"column":12},"end":{"line":792,"column":53}},"174":{"start":{"line":793,"column":12},"end":{"line":793,"column":28537}},"175":{"start":{"line":798,"column":8},"end":{"line":798,"column":60}},"176":{"start":{"line":799,"column":8},"end":{"line":799,"column":70}},"177":{"start":{"line":803,"column":8},"end":{"line":803,"column":35}},"178":{"start":{"line":807,"column":8},"end":{"line":807,"column":66}},"179":{"start":{"line":808,"column":8},"end":{"line":808,"column":55}},"180":{"start":{"line":809,"column":8},"end":{"line":809,"column":60}},"181":{"start":{"line":813,"column":8},"end":{"line":813,"column":29227}},"182":{"start":{"line":818,"column":8},"end":{"line":818,"column":34}},"183":{"start":{"line":819,"column":8},"end":{"line":819,"column":29454}},"184":{"start":{"line":820,"column":12},"end":{"line":820,"column":46}},"185":{"start":{"line":823,"column":12},"end":{"line":823,"column":49}},"186":{"start":{"line":826,"column":8},"end":{"line":826,"column":29706}},"187":{"start":{"line":827,"column":12},"end":{"line":827,"column":34}},"188":{"start":{"line":830,"column":12},"end":{"line":830,"column":29911}},"189":{"start":{"line":853,"column":8},"end":{"line":853,"column":72}},"190":{"start":{"line":854,"column":8},"end":{"line":854,"column":30676}},"191":{"start":{"line":859,"column":8},"end":{"line":859,"column":43}},"192":{"start":{"line":861,"column":8},"end":{"line":861,"column":58}},"193":{"start":{"line":862,"column":8},"end":{"line":862,"column":72}},"194":{"start":{"line":863,"column":8},"end":{"line":863,"column":78}},"195":{"start":{"line":864,"column":8},"end":{"line":864,"column":31065}},"196":{"start":{"line":870,"column":8},"end":{"line":870,"column":48}},"197":{"start":{"line":886,"column":8},"end":{"line":886,"column":31674}},"198":{"start":{"line":890,"column":8},"end":{"line":890,"column":76}},"199":{"start":{"line":891,"column":8},"end":{"line":891,"column":58}},"200":{"start":{"line":892,"column":8},"end":{"line":892,"column":75}},"201":{"start":{"line":894,"column":8},"end":{"line":894,"column":42}},"202":{"start":{"line":896,"column":8},"end":{"line":896,"column":42}},"203":{"start":{"line":898,"column":8},"end":{"line":898,"column":58}},"204":{"start":{"line":899,"column":8},"end":{"line":899,"column":78}},"205":{"start":{"line":900,"column":8},"end":{"line":900,"column":32243}},"206":{"start":{"line":906,"column":8},"end":{"line":906,"column":48}},"207":{"start":{"line":910,"column":8},"end":{"line":910,"column":44}},"208":{"start":{"line":911,"column":8},"end":{"line":911,"column":28}},"209":{"start":{"line":912,"column":8},"end":{"line":912,"column":32593}},"210":{"start":{"line":913,"column":12},"end":{"line":913,"column":27}},"211":{"start":{"line":915,"column":12},"end":{"line":915,"column":32695}},"212":{"start":{"line":918,"column":12},"end":{"line":918,"column":32831}},"213":{"start":{"line":921,"column":8},"end":{"line":921,"column":63}},"214":{"start":{"line":922,"column":8},"end":{"line":922,"column":59}},"215":{"start":{"line":926,"column":8},"end":{"line":926,"column":44}},"216":{"start":{"line":927,"column":8},"end":{"line":927,"column":57}},"217":{"start":{"line":929,"column":8},"end":{"line":929,"column":33275}},"218":{"start":{"line":930,"column":12},"end":{"line":930,"column":48}},"219":{"start":{"line":932,"column":8},"end":{"line":932,"column":33403}},"220":{"start":{"line":937,"column":8},"end":{"line":937,"column":28}},"221":{"start":{"line":938,"column":8},"end":{"line":938,"column":33572}},"222":{"start":{"line":939,"column":12},"end":{"line":939,"column":27}},"223":{"start":{"line":941,"column":12},"end":{"line":941,"column":33674}},"224":{"start":{"line":944,"column":12},"end":{"line":944,"column":33810}},"225":{"start":{"line":948,"column":8},"end":{"line":948,"column":33932}},"226":{"start":{"line":951,"column":8},"end":{"line":951,"column":34036}},"227":{"start":{"line":955,"column":12},"end":{"line":955,"column":34183}},"228":{"start":{"line":958,"column":12},"end":{"line":958,"column":35}},"229":{"start":{"line":959,"column":12},"end":{"line":959,"column":34353}},"230":{"start":{"line":962,"column":12},"end":{"line":962,"column":34509}},"231":{"start":{"line":966,"column":12},"end":{"line":966,"column":34632}},"232":{"start":{"line":967,"column":16},"end":{"line":967,"column":34676}},"233":{"start":{"line":972,"column":12},"end":{"line":972,"column":34833}},"234":{"start":{"line":977,"column":8},"end":{"line":977,"column":59}},"235":{"start":{"line":985,"column":8},"end":{"line":985,"column":71}},"236":{"start":{"line":986,"column":8},"end":{"line":986,"column":49}},"237":{"start":{"line":987,"column":8},"end":{"line":987,"column":60}},"238":{"start":{"line":989,"column":8},"end":{"line":989,"column":35381}},"239":{"start":{"line":992,"column":8},"end":{"line":992,"column":75}},"240":{"start":{"line":993,"column":8},"end":{"line":993,"column":54}},"241":{"start":{"line":995,"column":8},"end":{"line":995,"column":35641}},"242":{"start":{"line":1000,"column":8},"end":{"line":1000,"column":35808}},"243":{"start":{"line":1004,"column":8},"end":{"line":1004,"column":33}},"244":{"start":{"line":1005,"column":8},"end":{"line":1005,"column":49}},"245":{"start":{"line":1013,"column":8},"end":{"line":1013,"column":29}},"246":{"start":{"line":1017,"column":8},"end":{"line":1017,"column":44}},"247":{"start":{"line":1021,"column":8},"end":{"line":1021,"column":44}},"248":{"start":{"line":1025,"column":8},"end":{"line":1025,"column":67}},"249":{"start":{"line":1027,"column":8},"end":{"line":1027,"column":58}},"250":{"start":{"line":1029,"column":8},"end":{"line":1029,"column":76}},"251":{"start":{"line":1030,"column":8},"end":{"line":1030,"column":36709}},"252":{"start":{"line":1031,"column":12},"end":{"line":1031,"column":38}},"253":{"start":{"line":1036,"column":8},"end":{"line":1036,"column":58}},"254":{"start":{"line":1037,"column":8},"end":{"line":1037,"column":53}},"255":{"start":{"line":1038,"column":8},"end":{"line":1038,"column":47}},"256":{"start":{"line":1040,"column":8},"end":{"line":1040,"column":77}},"257":{"start":{"line":1049,"column":8},"end":{"line":1049,"column":60}},"258":{"start":{"line":1051,"column":8},"end":{"line":1051,"column":37330}},"259":{"start":{"line":1054,"column":8},"end":{"line":1054,"column":75}},"260":{"start":{"line":1056,"column":8},"end":{"line":1056,"column":37534}},"261":{"start":{"line":1058,"column":8},"end":{"line":1058,"column":37663}},"262":{"start":{"line":1061,"column":8},"end":{"line":1061,"column":54}},"263":{"start":{"line":1062,"column":8},"end":{"line":1062,"column":37848}},"264":{"start":{"line":1065,"column":8},"end":{"line":1065,"column":37964}},"265":{"start":{"line":1066,"column":12},"end":{"line":1066,"column":38072}},"266":{"start":{"line":1069,"column":12},"end":{"line":1069,"column":38218}},"267":{"start":{"line":1072,"column":12},"end":{"line":1072,"column":38363}},"268":{"start":{"line":1076,"column":8},"end":{"line":1076,"column":65}},"269":{"start":{"line":1078,"column":8},"end":{"line":1078,"column":33}},"270":{"start":{"line":1084,"column":8},"end":{"line":1084,"column":77}},"271":{"start":{"line":1086,"column":8},"end":{"line":1086,"column":38801}},"272":{"start":{"line":1089,"column":8},"end":{"line":1089,"column":38941}},"273":{"start":{"line":1092,"column":8},"end":{"line":1092,"column":54}},"274":{"start":{"line":1093,"column":8},"end":{"line":1093,"column":39131}},"275":{"start":{"line":1096,"column":8},"end":{"line":1096,"column":69}}},"branchMap":{"1":{"line":121,"type":"if","locations":[{"start":{"line":121,"column":8},"end":{"line":121,"column":8}},{"start":{"line":121,"column":8},"end":{"line":121,"column":8}}]},"2":{"line":126,"type":"if","locations":[{"start":{"line":126,"column":8},"end":{"line":126,"column":8}},{"start":{"line":126,"column":8},"end":{"line":126,"column":8}}]},"3":{"line":131,"type":"if","locations":[{"start":{"line":131,"column":8},"end":{"line":131,"column":8}},{"start":{"line":131,"column":8},"end":{"line":131,"column":8}}]},"4":{"line":149,"type":"if","locations":[{"start":{"line":149,"column":8},"end":{"line":149,"column":8}},{"start":{"line":149,"column":8},"end":{"line":149,"column":8}}]},"5":{"line":163,"type":"if","locations":[{"start":{"line":163,"column":8},"end":{"line":163,"column":8}},{"start":{"line":163,"column":8},"end":{"line":163,"column":8}}]},"6":{"line":167,"type":"if","locations":[{"start":{"line":167,"column":8},"end":{"line":167,"column":8}},{"start":{"line":167,"column":8},"end":{"line":167,"column":8}}]},"7":{"line":171,"type":"if","locations":[{"start":{"line":171,"column":8},"end":{"line":171,"column":8}},{"start":{"line":171,"column":8},"end":{"line":171,"column":8}}]},"8":{"line":178,"type":"if","locations":[{"start":{"line":178,"column":8},"end":{"line":178,"column":8}},{"start":{"line":178,"column":8},"end":{"line":178,"column":8}}]},"9":{"line":211,"type":"if","locations":[{"start":{"line":211,"column":8},"end":{"line":211,"column":8}},{"start":{"line":211,"column":8},"end":{"line":211,"column":8}}]},"10":{"line":238,"type":"if","locations":[{"start":{"line":238,"column":8},"end":{"line":238,"column":8}},{"start":{"line":238,"column":8},"end":{"line":238,"column":8}}]},"11":{"line":239,"type":"if","locations":[{"start":{"line":239,"column":8},"end":{"line":239,"column":8}},{"start":{"line":239,"column":8},"end":{"line":239,"column":8}}]},"12":{"line":240,"type":"if","locations":[{"start":{"line":240,"column":8},"end":{"line":240,"column":8}},{"start":{"line":240,"column":8},"end":{"line":240,"column":8}}]},"13":{"line":241,"type":"if","locations":[{"start":{"line":241,"column":8},"end":{"line":241,"column":8}},{"start":{"line":241,"column":8},"end":{"line":241,"column":8}}]},"14":{"line":245,"type":"if","locations":[{"start":{"line":245,"column":12},"end":{"line":245,"column":12}},{"start":{"line":245,"column":12},"end":{"line":245,"column":12}}]},"15":{"line":257,"type":"if","locations":[{"start":{"line":257,"column":12},"end":{"line":257,"column":12}},{"start":{"line":257,"column":12},"end":{"line":257,"column":12}}]},"16":{"line":269,"type":"if","locations":[{"start":{"line":269,"column":12},"end":{"line":269,"column":12}},{"start":{"line":269,"column":12},"end":{"line":269,"column":12}}]},"17":{"line":288,"type":"if","locations":[{"start":{"line":288,"column":8},"end":{"line":288,"column":8}},{"start":{"line":288,"column":8},"end":{"line":288,"column":8}}]},"18":{"line":307,"type":"if","locations":[{"start":{"line":307,"column":12},"end":{"line":307,"column":12}},{"start":{"line":307,"column":12},"end":{"line":307,"column":12}}]},"19":{"line":348,"type":"if","locations":[{"start":{"line":348,"column":12},"end":{"line":348,"column":12}},{"start":{"line":348,"column":12},"end":{"line":348,"column":12}}]},"20":{"line":371,"type":"if","locations":[{"start":{"line":371,"column":8},"end":{"line":371,"column":8}},{"start":{"line":371,"column":8},"end":{"line":371,"column":8}}]},"21":{"line":399,"type":"if","locations":[{"start":{"line":399,"column":8},"end":{"line":399,"column":8}},{"start":{"line":399,"column":8},"end":{"line":399,"column":8}}]},"22":{"line":423,"type":"if","locations":[{"start":{"line":423,"column":8},"end":{"line":423,"column":8}},{"start":{"line":423,"column":8},"end":{"line":423,"column":8}}]},"23":{"line":434,"type":"if","locations":[{"start":{"line":434,"column":8},"end":{"line":434,"column":8}},{"start":{"line":434,"column":8},"end":{"line":434,"column":8}}]},"24":{"line":438,"type":"if","locations":[{"start":{"line":438,"column":8},"end":{"line":438,"column":8}},{"start":{"line":438,"column":8},"end":{"line":438,"column":8}}]},"25":{"line":485,"type":"if","locations":[{"start":{"line":485,"column":8},"end":{"line":485,"column":8}},{"start":{"line":485,"column":8},"end":{"line":485,"column":8}}]},"26":{"line":503,"type":"if","locations":[{"start":{"line":503,"column":8},"end":{"line":503,"column":8}},{"start":{"line":503,"column":8},"end":{"line":503,"column":8}}]},"27":{"line":531,"type":"if","locations":[{"start":{"line":531,"column":8},"end":{"line":531,"column":8}},{"start":{"line":531,"column":8},"end":{"line":531,"column":8}}]},"28":{"line":557,"type":"if","locations":[{"start":{"line":557,"column":8},"end":{"line":557,"column":8}},{"start":{"line":557,"column":8},"end":{"line":557,"column":8}}]},"29":{"line":574,"type":"if","locations":[{"start":{"line":574,"column":12},"end":{"line":574,"column":12}},{"start":{"line":574,"column":12},"end":{"line":574,"column":12}}]},"30":{"line":609,"type":"if","locations":[{"start":{"line":609,"column":8},"end":{"line":609,"column":8}},{"start":{"line":609,"column":8},"end":{"line":609,"column":8}}]},"31":{"line":620,"type":"if","locations":[{"start":{"line":620,"column":8},"end":{"line":620,"column":8}},{"start":{"line":620,"column":8},"end":{"line":620,"column":8}}]},"32":{"line":621,"type":"if","locations":[{"start":{"line":621,"column":12},"end":{"line":621,"column":12}},{"start":{"line":621,"column":12},"end":{"line":621,"column":12}}]},"33":{"line":642,"type":"if","locations":[{"start":{"line":642,"column":8},"end":{"line":642,"column":8}},{"start":{"line":642,"column":8},"end":{"line":642,"column":8}}]},"34":{"line":643,"type":"if","locations":[{"start":{"line":643,"column":12},"end":{"line":643,"column":12}},{"start":{"line":643,"column":12},"end":{"line":643,"column":12}}]},"35":{"line":680,"type":"if","locations":[{"start":{"line":680,"column":8},"end":{"line":680,"column":8}},{"start":{"line":680,"column":8},"end":{"line":680,"column":8}}]},"36":{"line":690,"type":"if","locations":[{"start":{"line":690,"column":8},"end":{"line":690,"column":8}},{"start":{"line":690,"column":8},"end":{"line":690,"column":8}}]},"37":{"line":726,"type":"if","locations":[{"start":{"line":726,"column":8},"end":{"line":726,"column":8}},{"start":{"line":726,"column":8},"end":{"line":726,"column":8}}]},"38":{"line":730,"type":"if","locations":[{"start":{"line":730,"column":8},"end":{"line":730,"column":8}},{"start":{"line":730,"column":8},"end":{"line":730,"column":8}}]},"39":{"line":734,"type":"if","locations":[{"start":{"line":734,"column":8},"end":{"line":734,"column":8}},{"start":{"line":734,"column":8},"end":{"line":734,"column":8}}]},"40":{"line":740,"type":"if","locations":[{"start":{"line":740,"column":8},"end":{"line":740,"column":8}},{"start":{"line":740,"column":8},"end":{"line":740,"column":8}}]},"41":{"line":741,"type":"if","locations":[{"start":{"line":741,"column":12},"end":{"line":741,"column":12}},{"start":{"line":741,"column":12},"end":{"line":741,"column":12}}]},"42":{"line":742,"type":"if","locations":[{"start":{"line":742,"column":16},"end":{"line":742,"column":16}},{"start":{"line":742,"column":16},"end":{"line":742,"column":16}}]},"43":{"line":752,"type":"if","locations":[{"start":{"line":752,"column":16},"end":{"line":752,"column":16}},{"start":{"line":752,"column":16},"end":{"line":752,"column":16}}]},"44":{"line":771,"type":"if","locations":[{"start":{"line":771,"column":8},"end":{"line":771,"column":8}},{"start":{"line":771,"column":8},"end":{"line":771,"column":8}}]},"45":{"line":807,"type":"if","locations":[{"start":{"line":807,"column":8},"end":{"line":807,"column":8}},{"start":{"line":807,"column":8},"end":{"line":807,"column":8}}]},"46":{"line":819,"type":"if","locations":[{"start":{"line":819,"column":8},"end":{"line":819,"column":8}},{"start":{"line":819,"column":8},"end":{"line":819,"column":8}}]},"47":{"line":826,"type":"if","locations":[{"start":{"line":826,"column":8},"end":{"line":826,"column":8}},{"start":{"line":826,"column":8},"end":{"line":826,"column":8}}]},"48":{"line":853,"type":"if","locations":[{"start":{"line":853,"column":8},"end":{"line":853,"column":8}},{"start":{"line":853,"column":8},"end":{"line":853,"column":8}}]},"49":{"line":854,"type":"if","locations":[{"start":{"line":854,"column":8},"end":{"line":854,"column":8}},{"start":{"line":854,"column":8},"end":{"line":854,"column":8}}]},"50":{"line":886,"type":"if","locations":[{"start":{"line":886,"column":8},"end":{"line":886,"column":8}},{"start":{"line":886,"column":8},"end":{"line":886,"column":8}}]},"51":{"line":890,"type":"if","locations":[{"start":{"line":890,"column":8},"end":{"line":890,"column":8}},{"start":{"line":890,"column":8},"end":{"line":890,"column":8}}]},"52":{"line":912,"type":"if","locations":[{"start":{"line":912,"column":8},"end":{"line":912,"column":8}},{"start":{"line":912,"column":8},"end":{"line":912,"column":8}}]},"53":{"line":929,"type":"if","locations":[{"start":{"line":929,"column":8},"end":{"line":929,"column":8}},{"start":{"line":929,"column":8},"end":{"line":929,"column":8}}]},"54":{"line":938,"type":"if","locations":[{"start":{"line":938,"column":8},"end":{"line":938,"column":8}},{"start":{"line":938,"column":8},"end":{"line":938,"column":8}}]},"55":{"line":951,"type":"if","locations":[{"start":{"line":951,"column":8},"end":{"line":951,"column":8}},{"start":{"line":951,"column":8},"end":{"line":951,"column":8}}]},"56":{"line":966,"type":"if","locations":[{"start":{"line":966,"column":12},"end":{"line":966,"column":12}},{"start":{"line":966,"column":12},"end":{"line":966,"column":12}}]},"57":{"line":985,"type":"if","locations":[{"start":{"line":985,"column":8},"end":{"line":985,"column":8}},{"start":{"line":985,"column":8},"end":{"line":985,"column":8}}]},"58":{"line":986,"type":"if","locations":[{"start":{"line":986,"column":8},"end":{"line":986,"column":8}},{"start":{"line":986,"column":8},"end":{"line":986,"column":8}}]},"59":{"line":987,"type":"if","locations":[{"start":{"line":987,"column":8},"end":{"line":987,"column":8}},{"start":{"line":987,"column":8},"end":{"line":987,"column":8}}]},"60":{"line":1025,"type":"if","locations":[{"start":{"line":1025,"column":8},"end":{"line":1025,"column":8}},{"start":{"line":1025,"column":8},"end":{"line":1025,"column":8}}]},"61":{"line":1030,"type":"if","locations":[{"start":{"line":1030,"column":8},"end":{"line":1030,"column":8}},{"start":{"line":1030,"column":8},"end":{"line":1030,"column":8}}]},"62":{"line":1049,"type":"if","locations":[{"start":{"line":1049,"column":8},"end":{"line":1049,"column":8}},{"start":{"line":1049,"column":8},"end":{"line":1049,"column":8}}]},"63":{"line":1065,"type":"if","locations":[{"start":{"line":1065,"column":8},"end":{"line":1065,"column":8}},{"start":{"line":1065,"column":8},"end":{"line":1065,"column":8}}]}}}}
