TN:
SF:/home/jasoons/Documents/code/contracts/contracts/ERC20PatronageReceipt_v2.sol
FN:16,constructor
FNF:1
FNH:1
FNDA:62,constructor
LF:0
LH:0
BRF:0
BRH:0
end_of_record
TN:
SF:/home/jasoons/Documents/code/contracts/contracts/ERC721Patronage_v1.sol
FN:24,setup
FN:35,_isApprovedOrOwner
FNF:2
FNH:2
FNDA:62,setup
FNDA:93,_isApprovedOrOwner
DA:25,62
DA:26,62
DA:27,62
DA:28,62
DA:30,62
DA:31,62
DA:32,62
DA:40,93
LF:8
LH:8
BRF:0
BRH:0
end_of_record
TN:
SF:/home/jasoons/Documents/code/contracts/contracts/MintManager_v2.sol
FN:14,onlySteward
FN:23,initialize
FN:33,tokenMint
FNF:3
FNH:3
FNDA:185,onlySteward
FNDA:62,initialize
FNDA:185,tokenMint
DA:15,185
DA:16,185
DA:24,62
DA:25,62
DA:26,62
DA:34,185
DA:35,185
DA:36,185
DA:37,185
LF:9
LH:9
BRDA:15,1,0,185
BRDA:15,1,1,0
BRF:2
BRH:1
end_of_record
TN:
SF:/home/jasoons/Documents/code/contracts/contracts/WildcardSteward_v3.sol
FN:120,onlyPatron
FN:125,onlyAdmin
FN:130,onlyReceivingBenefactorOrAdmin
FN:138,collectPatronageAndSettleBenefactor
FN:143,collectPatronagePatron
FN:148,youCurrentlyAreNotInDefault
FN:157,updateBenefactorBalance
FN:162,priceGreaterThanZero
FN:166,notNullAddress
FN:170,validWildcardsPercentage
FN:190,initialize
FN:202,uintToStr
FN:233,listNewTokens
FN:283,changeReceivingBenefactor
FN:303,changeAdmin
FN:311,changeArtistAddressAndCommission
FN:318,_changeAuctionParameters
FN:339,changeAuctionParameters
FN:347,patronageOwedPatron
FN:360,patronageDueBenefactor
FN:373,foreclosedPatron
FN:381,foreclosed
FN:386,depositAbleToWithdraw
FN:399,foreclosureTimePatron
FN:410,foreclosureTime
FN:416,_collectLoyaltyPatron
FN:437,_collectPatronageAndSettleBenefactor
FN:481,safeSend
FN:495,_updateBenefactorBalance
FN:505,_increaseBenefactorBalance
FN:516,_decreaseBenefactorBalance
FN:527,fundsDueForAuctionPeriodAtCurrentRate
FN:538,withdrawBenefactorFundsTo
FN:553,hasher
FN:568,withdrawBenefactorFundsToValidated
FN:604,_collectPatronagePatron
FN:643,depositWei
FN:647,depositWeiPatron
FN:653,_auctionPrice
FN:692,buy
FN:725,buyAuction
FN:750,_distributeAuctionProceeds
FN:766,_distributePurchaseProceeds
FN:821,changePrice
FN:848,withdrawDeposit
FN:854,withdrawBenefactorFunds
FN:858,exit
FN:862,_withdrawDeposit
FN:873,_foreclose
FN:881,transferAssetTokenTo
FN:919,resetTokenOnForeclosure
FNF:51
FNH:51
FNDA:10,onlyPatron
FNDA:251,onlyAdmin
FNDA:4,onlyReceivingBenefactorOrAdmin
FNDA:98,collectPatronageAndSettleBenefactor
FNDA:100,collectPatronagePatron
FNDA:86,youCurrentlyAreNotInDefault
FNDA:4,updateBenefactorBalance
FNDA:90,priceGreaterThanZero
FNDA:2,notNullAddress
FNDA:86,validWildcardsPercentage
FNDA:62,initialize
FNDA:165,uintToStr
FNDA:66,listNewTokens
FNDA:2,changeReceivingBenefactor
FNDA:1,changeAdmin
FNDA:165,changeArtistAddressAndCommission
FNDA:77,_changeAuctionParameters
FNDA:15,changeAuctionParameters
FNDA:232,patronageOwedPatron
FNDA:122,patronageDueBenefactor
FNDA:6,foreclosedPatron
FNDA:3,foreclosed
FNDA:8,depositAbleToWithdraw
FNDA:3,foreclosureTimePatron
FNDA:2,foreclosureTime
FNDA:208,_collectLoyaltyPatron
FNDA:110,_collectPatronageAndSettleBenefactor
FNDA:4,safeSend
FNDA:108,_updateBenefactorBalance
FNDA:37,_increaseBenefactorBalance
FNDA:1,_decreaseBenefactorBalance
FNDA:2,fundsDueForAuctionPeriodAtCurrentRate
FNDA:2,withdrawBenefactorFundsTo
FNDA:4,hasher
FNDA:4,withdrawBenefactorFundsToValidated
FNDA:208,_collectPatronagePatron
FNDA:5,depositWei
FNDA:6,depositWeiPatron
FNDA:67,_auctionPrice
FNDA:15,buy
FNDA:71,buyAuction
FNDA:65,_distributeAuctionProceeds
FNDA:13,_distributePurchaseProceeds
FNDA:6,changePrice
FNDA:9,withdrawDeposit
FNDA:2,withdrawBenefactorFunds
FNDA:1,exit
FNDA:10,_withdrawDeposit
FNDA:13,_foreclose
FNDA:78,transferAssetTokenTo
FNDA:13,resetTokenOnForeclosure
DA:121,10
DA:122,6
DA:126,251
DA:127,247
DA:131,4
DA:135,2
DA:139,98
DA:140,96
DA:144,100
DA:145,100
DA:149,86
DA:154,86
DA:158,4
DA:159,4
DA:163,90
DA:164,86
DA:167,2
DA:168,2
DA:174,86
DA:179,86
DA:191,62
DA:192,62
DA:193,62
DA:194,62
DA:195,62
DA:207,165
DA:208,61
DA:211,104
DA:212,104
DA:213,104
DA:214,530
DA:215,530
DA:218,104
DA:219,104
DA:220,530
DA:221,530
DA:223,104
DA:234,66
DA:235,66
DA:236,66
DA:237,66
DA:239,66
DA:240,165
DA:241,165
DA:242,165
DA:243,165
DA:244,165
DA:247,165
DA:248,165
DA:249,165
DA:250,165
DA:253,165
DA:254,163
DA:256,2
DA:259,165
DA:265,165
DA:266,165
DA:285,2
DA:287,2
DA:293,2
DA:294,2
DA:296,2
DA:299,2
DA:304,1
DA:312,165
DA:313,165
DA:314,165
DA:315,165
DA:323,77
DA:327,75
DA:329,73
DA:330,73
DA:331,73
DA:332,73
DA:340,15
DA:354,232
DA:367,122
DA:374,6
DA:375,5
DA:377,1
DA:382,3
DA:383,3
DA:391,8
DA:392,8
DA:393,1
DA:395,7
DA:404,3
DA:407,3
DA:411,2
DA:412,2
DA:420,208
DA:421,185
DA:426,185
DA:438,110
DA:439,108
DA:443,108
DA:445,108
DA:446,108
DA:447,13
DA:453,13
DA:456,13
DA:458,13
DA:463,13
DA:464,12
DA:469,1
DA:475,13
DA:477,95
DA:485,4
DA:496,108
DA:498,108
DA:499,25
DA:502,108
DA:509,37
DA:510,37
DA:520,1
DA:521,1
DA:532,2
DA:539,2
DA:541,2
DA:544,2
DA:547,2
DA:559,4
DA:577,4
DA:581,4
DA:585,4
DA:587,4
DA:589,4
DA:591,4
DA:592,4
DA:593,4
DA:594,3
DA:595,3
DA:608,208
DA:610,208
DA:612,208
DA:617,15
DA:619,15
DA:626,15
DA:627,15
DA:628,15
DA:632,193
DA:633,193
DA:634,193
DA:639,208
DA:640,208
DA:644,5
DA:648,6
DA:649,2
DA:650,2
DA:654,67
DA:659,67
DA:660,67
DA:661,4
DA:664,63
DA:667,67
DA:668,3
DA:671,64
DA:694,15
DA:695,13
DA:700,13
DA:702,13
DA:703,13
DA:704,13
DA:705,13
DA:711,13
DA:727,71
DA:731,69
DA:732,67
DA:733,67
DA:735,65
DA:737,65
DA:739,65
DA:740,65
DA:741,65
DA:747,65
DA:751,65
DA:752,65
DA:753,65
DA:754,63
DA:756,2
DA:759,2
DA:762,65
DA:763,65
DA:767,13
DA:768,13
DA:770,13
DA:775,13
DA:776,13
DA:777,11
DA:779,2
DA:782,2
DA:786,13
DA:789,13
DA:793,9
DA:796,9
DA:797,9
DA:800,9
DA:804,9
DA:805,1
DA:810,4
DA:815,13
DA:823,6
DA:824,4
DA:825,2
DA:827,2
DA:830,2
DA:831,2
DA:833,2
DA:838,2
DA:842,2
DA:843,2
DA:851,9
DA:855,2
DA:859,1
DA:863,10
DA:865,6
DA:867,6
DA:868,6
DA:869,2
DA:874,13
DA:875,13
DA:876,13
DA:878,13
DA:887,78
DA:889,78
DA:892,78
DA:894,78
DA:896,78
DA:899,78
DA:900,78
DA:903,78
DA:904,13
DA:907,13
DA:910,13
DA:914,78
DA:916,78
DA:922,13
DA:924,13
DA:927,13
DA:930,13
DA:931,13
DA:934,13
LF:242
LH:242
BRDA:121,1,0,6
BRDA:121,1,1,4
BRDA:126,2,0,247
BRDA:126,2,1,4
BRDA:131,3,0,2
BRDA:131,3,1,2
BRDA:149,4,0,86
BRDA:149,4,1,0
BRDA:163,5,0,86
BRDA:163,5,1,4
BRDA:167,6,0,2
BRDA:167,6,1,0
BRDA:174,7,0,86
BRDA:174,7,1,0
BRDA:207,8,0,61
BRDA:207,8,1,104
BRDA:234,9,0,66
BRDA:234,9,1,0
BRDA:235,10,0,66
BRDA:235,10,1,0
BRDA:236,11,0,66
BRDA:236,11,1,0
BRDA:237,12,0,66
BRDA:237,12,1,0
BRDA:241,13,0,165
BRDA:241,13,1,0
BRDA:253,14,0,163
BRDA:253,14,1,2
BRDA:265,15,0,165
BRDA:265,15,1,0
BRDA:287,16,0,2
BRDA:287,16,1,0
BRDA:312,17,0,165
BRDA:312,17,1,0
BRDA:323,18,0,75
BRDA:323,18,1,2
BRDA:327,19,0,73
BRDA:327,19,1,2
BRDA:374,20,0,5
BRDA:374,20,1,1
BRDA:392,21,0,1
BRDA:392,21,1,7
BRDA:420,22,0,185
BRDA:420,22,1,23
BRDA:446,23,0,13
BRDA:446,23,1,95
BRDA:463,24,0,12
BRDA:463,24,1,1
BRDA:498,25,0,25
BRDA:498,25,1,83
BRDA:509,26,0,37
BRDA:509,26,1,0
BRDA:520,27,0,1
BRDA:520,27,1,0
BRDA:547,28,0,0
BRDA:547,28,1,2
BRDA:577,29,0,4
BRDA:577,29,1,0
BRDA:581,30,0,4
BRDA:581,30,1,0
BRDA:585,31,0,4
BRDA:585,31,1,0
BRDA:591,32,0,4
BRDA:591,32,1,0
BRDA:592,33,0,4
BRDA:592,33,1,0
BRDA:593,34,0,3
BRDA:593,34,1,1
BRDA:612,35,0,15
BRDA:612,35,1,193
BRDA:648,36,0,2
BRDA:648,36,1,4
BRDA:660,37,0,4
BRDA:660,37,1,63
BRDA:667,38,0,3
BRDA:667,38,1,64
BRDA:694,39,0,13
BRDA:694,39,1,2
BRDA:695,40,0,13
BRDA:695,40,1,0
BRDA:727,41,0,69
BRDA:727,41,1,2
BRDA:731,42,0,67
BRDA:731,42,1,2
BRDA:753,43,0,63
BRDA:753,43,1,2
BRDA:776,44,0,11
BRDA:776,44,1,2
BRDA:789,45,0,9
BRDA:789,45,1,4
BRDA:804,46,0,1
BRDA:804,46,1,8
BRDA:823,47,0,4
BRDA:823,47,1,2
BRDA:824,48,0,2
BRDA:824,48,1,2
BRDA:825,49,0,2
BRDA:825,49,1,0
BRDA:863,50,0,6
BRDA:863,50,1,4
BRDA:868,51,0,2
BRDA:868,51,1,4
BRDA:887,52,0,78
BRDA:887,52,1,0
BRDA:903,53,0,13
BRDA:903,53,1,65
BRF:106
BRH:84
end_of_record
