TN:
SF:/Users/denham/Documents/projects/wildcards/code/contracts/contracts/ERC20PatronageReceipt_v2.sol
FN:16,constructor
FNF:1
FNH:1
FNDA:62,constructor
LF:0
LH:0
BRF:0
BRH:0
end_of_record
TN:
SF:/Users/denham/Documents/projects/wildcards/code/contracts/contracts/ERC721Patronage_v1.sol
FN:24,setup
FN:35,_isApprovedOrOwner
FNF:2
FNH:2
FNDA:62,setup
FNDA:93,_isApprovedOrOwner
DA:25,62
DA:26,62
DA:27,62
DA:28,62
DA:30,62
DA:31,62
DA:32,62
DA:40,93
LF:8
LH:8
BRF:0
BRH:0
end_of_record
TN:
SF:/Users/denham/Documents/projects/wildcards/code/contracts/contracts/MintManager_v2.sol
FN:14,onlySteward
FN:23,initialize
FN:33,tokenMint
FNF:3
FNH:3
FNDA:182,onlySteward
FNDA:62,initialize
FNDA:182,tokenMint
DA:15,182
DA:16,182
DA:24,62
DA:25,62
DA:26,62
DA:34,182
DA:35,182
DA:36,182
DA:37,182
LF:9
LH:9
BRDA:15,1,0,182
BRDA:15,1,1,0
BRF:2
BRH:1
end_of_record
TN:
SF:/Users/denham/Documents/projects/wildcards/code/contracts/contracts/previousVersions/ERC721Patronage_v0.sol
FN:24,setup
FN:35,_isApprovedOrOwner
FNF:2
FNH:0
FNDA:0,setup
FNDA:0,_isApprovedOrOwner
DA:25,0
DA:26,0
DA:27,0
DA:28,0
DA:30,0
DA:31,0
DA:32,0
DA:40,0
LF:8
LH:0
BRF:0
BRH:0
end_of_record
TN:
SF:/Users/denham/Documents/projects/wildcards/code/contracts/contracts/previousVersions/WildcardSteward_v0.sol
FN:55,onlyPatron
FN:65,onlyAdmin
FN:70,onlyReceivingBenefactorOrAdmin
FN:78,collectPatronage
FN:83,collectPatronageAddress
FN:92,initialize
FN:103,listNewTokens
FN:117,changeReceivingBenefactor
FN:124,changeAdmin
FN:129,patronageOwed
FN:144,patronageOwedWithTimestamp
FN:153,patronageOwedPatron
FN:168,patronageOwedPatronWithTimestamp
FN:176,foreclosedPatron
FN:187,foreclosed
FN:196,depositAbleToWithdraw
FN:213,foreclosureTimePatron
FN:225,foreclosureTime
FN:232,_collectPatronage
FN:292,_collectPatronagePatron
FN:322,depositWei
FN:326,depositWeiPatron
FN:335,buy
FN:379,changePrice
FN:395,withdrawDeposit
FN:401,withdrawBenefactorFunds
FN:405,withdrawBenefactorFundsTo
FN:411,exit
FN:416,_withdrawDeposit
FN:424,_foreclose
FN:441,transferAssetTokenTo
FNF:31
FNH:0
FNDA:0,onlyPatron
FNDA:0,onlyAdmin
FNDA:0,onlyReceivingBenefactorOrAdmin
FNDA:0,collectPatronage
FNDA:0,collectPatronageAddress
FNDA:0,initialize
FNDA:0,listNewTokens
FNDA:0,changeReceivingBenefactor
FNDA:0,changeAdmin
FNDA:0,patronageOwed
FNDA:0,patronageOwedWithTimestamp
FNDA:0,patronageOwedPatron
FNDA:0,patronageOwedPatronWithTimestamp
FNDA:0,foreclosedPatron
FNDA:0,foreclosed
FNDA:0,depositAbleToWithdraw
FNDA:0,foreclosureTimePatron
FNDA:0,foreclosureTime
FNDA:0,_collectPatronage
FNDA:0,_collectPatronagePatron
FNDA:0,depositWei
FNDA:0,depositWeiPatron
FNDA:0,buy
FNDA:0,changePrice
FNDA:0,withdrawDeposit
FNDA:0,withdrawBenefactorFunds
FNDA:0,withdrawBenefactorFundsTo
FNDA:0,exit
FNDA:0,_withdrawDeposit
FNDA:0,_foreclose
FNDA:0,transferAssetTokenTo
DA:56,0
DA:57,0
DA:66,0
DA:67,0
DA:71,0
DA:75,0
DA:79,0
DA:80,0
DA:84,0
DA:85,0
DA:93,0
DA:94,0
DA:95,0
DA:104,0
DA:105,0
DA:106,0
DA:107,0
DA:108,0
DA:109,0
DA:110,0
DA:118,0
DA:119,0
DA:120,0
DA:121,0
DA:125,0
DA:134,0
DA:136,0
DA:149,0
DA:158,0
DA:161,0
DA:173,0
DA:180,0
DA:181,0
DA:183,0
DA:191,0
DA:192,0
DA:201,0
DA:202,0
DA:203,0
DA:205,0
DA:219,0
DA:222,0
DA:226,0
DA:227,0
DA:234,0
DA:235,0
DA:236,0
DA:237,0
DA:240,0
DA:243,0
DA:247,0
DA:256,0
DA:257,0
DA:258,0
DA:264,0
DA:265,0
DA:268,0
DA:273,0
DA:274,0
DA:275,0
DA:278,0
DA:282,0
DA:283,0
DA:284,0
DA:287,0
DA:293,0
DA:294,0
DA:299,0
DA:302,0
DA:309,0
DA:310,0
DA:312,0
DA:313,0
DA:318,0
DA:323,0
DA:327,0
DA:328,0
DA:337,0
DA:338,0
DA:339,0
DA:340,0
DA:342,0
DA:343,0
DA:345,0
DA:349,0
DA:350,0
DA:354,0
DA:357,0
DA:359,0
DA:360,0
DA:363,0
DA:366,0
DA:373,0
DA:381,0
DA:382,0
DA:384,0
DA:389,0
DA:390,0
DA:398,0
DA:402,0
DA:406,0
DA:407,0
DA:408,0
DA:412,0
DA:418,0
DA:420,0
DA:421,0
DA:426,0
DA:427,0
DA:428,0
DA:435,0
DA:436,0
DA:438,0
DA:449,0
DA:451,0
DA:455,0
DA:458,0
DA:460,0
DA:462,0
DA:463,0
DA:464,0
LF:121
LH:0
BRDA:56,1,0,0
BRDA:56,1,1,0
BRDA:66,2,0,0
BRDA:66,2,1,0
BRDA:71,3,0,0
BRDA:71,3,1,0
BRDA:104,4,0,0
BRDA:104,4,1,0
BRDA:106,5,0,0
BRDA:106,5,1,0
BRDA:134,6,0,0
BRDA:134,6,1,0
BRDA:158,7,0,0
BRDA:158,7,1,0
BRDA:180,8,0,0
BRDA:180,8,1,0
BRDA:202,9,0,0
BRDA:202,9,1,0
BRDA:234,10,0,0
BRDA:234,10,1,0
BRDA:243,11,0,0
BRDA:243,11,1,0
BRDA:294,12,0,0
BRDA:294,12,1,0
BRDA:327,13,0,0
BRDA:327,13,1,0
BRDA:337,14,0,0
BRDA:337,14,1,0
BRDA:338,15,0,0
BRDA:338,15,1,0
BRDA:342,16,0,0
BRDA:342,16,1,0
BRDA:345,17,0,0
BRDA:345,17,1,0
BRDA:358,18,0,0
BRDA:358,18,1,0
BRDA:381,19,0,0
BRDA:381,19,1,0
BRDA:382,20,0,0
BRDA:382,20,1,0
BRDA:406,21,0,0
BRDA:406,21,1,0
BRDA:418,22,0,0
BRDA:418,22,1,0
BRF:44
BRH:0
end_of_record
TN:
SF:/Users/denham/Documents/projects/wildcards/code/contracts/contracts/previousVersions/WildcardSteward_v1.sol
FN:61,onlyPatron
FN:66,onlyAdmin
FN:71,onlyReceivingBenefactorOrAdmin
FN:79,collectPatronage
FN:84,collectPatronageAddress
FN:93,initialize
FN:104,listNewTokens
FN:118,changeReceivingBenefactor
FN:125,changeAdmin
FN:130,patronageOwed
FN:145,patronageOwedWithTimestamp
FN:154,patronageOwedPatron
FN:169,patronageOwedPatronWithTimestamp
FN:177,foreclosedPatron
FN:188,foreclosed
FN:197,depositAbleToWithdraw
FN:214,foreclosureTimePatron
FN:226,foreclosureTime
FN:233,_collectPatronage
FN:299,_collectPatronagePatron
FN:329,depositWei
FN:333,depositWeiPatron
FN:343,buy
FN:388,changePrice
FN:404,withdrawDeposit
FN:410,withdrawBenefactorFunds
FN:414,withdrawBenefactorFundsTo
FN:420,exit
FN:425,_withdrawDeposit
FN:433,_foreclose
FN:450,transferAssetTokenTo
FNF:31
FNH:0
FNDA:0,onlyPatron
FNDA:0,onlyAdmin
FNDA:0,onlyReceivingBenefactorOrAdmin
FNDA:0,collectPatronage
FNDA:0,collectPatronageAddress
FNDA:0,initialize
FNDA:0,listNewTokens
FNDA:0,changeReceivingBenefactor
FNDA:0,changeAdmin
FNDA:0,patronageOwed
FNDA:0,patronageOwedWithTimestamp
FNDA:0,patronageOwedPatron
FNDA:0,patronageOwedPatronWithTimestamp
FNDA:0,foreclosedPatron
FNDA:0,foreclosed
FNDA:0,depositAbleToWithdraw
FNDA:0,foreclosureTimePatron
FNDA:0,foreclosureTime
FNDA:0,_collectPatronage
FNDA:0,_collectPatronagePatron
FNDA:0,depositWei
FNDA:0,depositWeiPatron
FNDA:0,buy
FNDA:0,changePrice
FNDA:0,withdrawDeposit
FNDA:0,withdrawBenefactorFunds
FNDA:0,withdrawBenefactorFundsTo
FNDA:0,exit
FNDA:0,_withdrawDeposit
FNDA:0,_foreclose
FNDA:0,transferAssetTokenTo
DA:62,0
DA:63,0
DA:67,0
DA:68,0
DA:72,0
DA:76,0
DA:80,0
DA:81,0
DA:85,0
DA:86,0
DA:94,0
DA:95,0
DA:96,0
DA:105,0
DA:106,0
DA:107,0
DA:108,0
DA:109,0
DA:110,0
DA:111,0
DA:119,0
DA:120,0
DA:121,0
DA:122,0
DA:126,0
DA:135,0
DA:137,0
DA:150,0
DA:159,0
DA:162,0
DA:174,0
DA:181,0
DA:182,0
DA:184,0
DA:192,0
DA:193,0
DA:202,0
DA:203,0
DA:204,0
DA:206,0
DA:220,0
DA:223,0
DA:227,0
DA:228,0
DA:235,0
DA:236,0
DA:237,0
DA:240,0
DA:243,0
DA:246,0
DA:259,0
DA:260,0
DA:261,0
DA:267,0
DA:268,0
DA:271,0
DA:276,0
DA:277,0
DA:278,0
DA:281,0
DA:284,0
DA:285,0
DA:286,0
DA:289,0
DA:300,0
DA:301,0
DA:306,0
DA:309,0
DA:316,0
DA:317,0
DA:319,0
DA:320,0
DA:325,0
DA:330,0
DA:334,0
DA:335,0
DA:336,0
DA:345,0
DA:346,0
DA:347,0
DA:348,0
DA:350,0
DA:351,0
DA:353,0
DA:357,0
DA:358,0
DA:362,0
DA:365,0
DA:367,0
DA:368,0
DA:369,0
DA:372,0
DA:375,0
DA:382,0
DA:390,0
DA:391,0
DA:393,0
DA:398,0
DA:399,0
DA:407,0
DA:411,0
DA:415,0
DA:416,0
DA:417,0
DA:421,0
DA:427,0
DA:429,0
DA:430,0
DA:435,0
DA:436,0
DA:437,0
DA:444,0
DA:445,0
DA:447,0
DA:458,0
DA:460,0
DA:464,0
DA:466,0
DA:467,0
DA:469,0
DA:470,0
DA:471,0
LF:122
LH:0
BRDA:62,1,0,0
BRDA:62,1,1,0
BRDA:67,2,0,0
BRDA:67,2,1,0
BRDA:72,3,0,0
BRDA:72,3,1,0
BRDA:105,4,0,0
BRDA:105,4,1,0
BRDA:107,5,0,0
BRDA:107,5,1,0
BRDA:135,6,0,0
BRDA:135,6,1,0
BRDA:159,7,0,0
BRDA:159,7,1,0
BRDA:181,8,0,0
BRDA:181,8,1,0
BRDA:203,9,0,0
BRDA:203,9,1,0
BRDA:235,10,0,0
BRDA:235,10,1,0
BRDA:243,11,0,0
BRDA:243,11,1,0
BRDA:301,12,0,0
BRDA:301,12,1,0
BRDA:334,13,0,0
BRDA:334,13,1,0
BRDA:345,14,0,0
BRDA:345,14,1,0
BRDA:346,15,0,0
BRDA:346,15,1,0
BRDA:350,16,0,0
BRDA:350,16,1,0
BRDA:353,17,0,0
BRDA:353,17,1,0
BRDA:366,18,0,0
BRDA:366,18,1,0
BRDA:390,19,0,0
BRDA:390,19,1,0
BRDA:391,20,0,0
BRDA:391,20,1,0
BRDA:415,21,0,0
BRDA:415,21,1,0
BRDA:427,22,0,0
BRDA:427,22,1,0
BRF:44
BRH:0
end_of_record
TN:
SF:/Users/denham/Documents/projects/wildcards/code/contracts/contracts/previousVersions/WildcardSteward_v2.sol
FN:77,onlyPatron
FN:82,onlyAdmin
FN:87,onlyReceivingBenefactorOrAdmin
FN:95,collectPatronage
FN:100,collectPatronageAddress
FN:109,initialize
FN:121,listNewTokens
FN:140,addTokenGenerationRateToExistingTokens
FN:152,setMintManager
FN:160,updateToV2
FN:172,changeReceivingBenefactor
FN:179,changeAdmin
FN:184,patronageOwed
FN:199,patronageOwedWithTimestamp
FN:208,patronageOwedPatron
FN:222,patronageOwedPatronWithTimestamp
FN:230,foreclosedPatron
FN:241,foreclosed
FN:250,depositAbleToWithdraw
FN:263,foreclosureTimePatron
FN:275,foreclosureTime
FN:281,_collectLoyalty
FN:313,_collectPatronage
FN:377,_collectPatronagePatron
FN:407,depositWei
FN:411,depositWeiPatron
FN:421,buy
FN:472,changePrice
FN:488,withdrawDeposit
FN:494,withdrawBenefactorFunds
FN:498,withdrawBenefactorFundsTo
FN:511,exit
FN:516,_withdrawDeposit
FN:529,_foreclose
FN:546,transferAssetTokenTo
FNF:35
FNH:0
FNDA:0,onlyPatron
FNDA:0,onlyAdmin
FNDA:0,onlyReceivingBenefactorOrAdmin
FNDA:0,collectPatronage
FNDA:0,collectPatronageAddress
FNDA:0,initialize
FNDA:0,listNewTokens
FNDA:0,addTokenGenerationRateToExistingTokens
FNDA:0,setMintManager
FNDA:0,updateToV2
FNDA:0,changeReceivingBenefactor
FNDA:0,changeAdmin
FNDA:0,patronageOwed
FNDA:0,patronageOwedWithTimestamp
FNDA:0,patronageOwedPatron
FNDA:0,patronageOwedPatronWithTimestamp
FNDA:0,foreclosedPatron
FNDA:0,foreclosed
FNDA:0,depositAbleToWithdraw
FNDA:0,foreclosureTimePatron
FNDA:0,foreclosureTime
FNDA:0,_collectLoyalty
FNDA:0,_collectPatronage
FNDA:0,_collectPatronagePatron
FNDA:0,depositWei
FNDA:0,depositWeiPatron
FNDA:0,buy
FNDA:0,changePrice
FNDA:0,withdrawDeposit
FNDA:0,withdrawBenefactorFunds
FNDA:0,withdrawBenefactorFundsTo
FNDA:0,exit
FNDA:0,_withdrawDeposit
FNDA:0,_foreclose
FNDA:0,transferAssetTokenTo
DA:78,0
DA:79,0
DA:83,0
DA:84,0
DA:88,0
DA:92,0
DA:96,0
DA:97,0
DA:101,0
DA:102,0
DA:110,0
DA:111,0
DA:112,0
DA:122,0
DA:123,0
DA:124,0
DA:126,0
DA:127,0
DA:128,0
DA:129,0
DA:130,0
DA:131,0
DA:132,0
DA:144,0
DA:145,0
DA:146,0
DA:148,0
DA:153,0
DA:157,0
DA:165,0
DA:166,0
DA:173,0
DA:174,0
DA:175,0
DA:176,0
DA:180,0
DA:189,0
DA:191,0
DA:204,0
DA:213,0
DA:215,0
DA:227,0
DA:234,0
DA:235,0
DA:237,0
DA:245,0
DA:246,0
DA:255,0
DA:256,0
DA:257,0
DA:259,0
DA:269,0
DA:272,0
DA:276,0
DA:277,0
DA:284,0
DA:285,0
DA:286,0
DA:287,0
DA:289,0
DA:290,0
DA:298,0
DA:302,0
DA:304,0
DA:309,0
DA:315,0
DA:316,0
DA:317,0
DA:318,0
DA:321,0
DA:322,0
DA:325,0
DA:327,0
DA:336,0
DA:337,0
DA:338,0
DA:343,0
DA:344,0
DA:346,0
DA:352,0
DA:353,0
DA:354,0
DA:357,0
DA:361,0
DA:362,0
DA:363,0
DA:367,0
DA:378,0
DA:379,0
DA:384,0
DA:387,0
DA:394,0
DA:395,0
DA:397,0
DA:398,0
DA:403,0
DA:408,0
DA:412,0
DA:413,0
DA:414,0
DA:423,0
DA:424,0
DA:425,0
DA:426,0
DA:428,0
DA:429,0
DA:431,0
DA:435,0
DA:436,0
DA:440,0
DA:443,0
DA:447,0
DA:448,0
DA:451,0
DA:452,0
DA:453,0
DA:456,0
DA:459,0
DA:466,0
DA:474,0
DA:475,0
DA:477,0
DA:482,0
DA:483,0
DA:491,0
DA:495,0
DA:499,0
DA:500,0
DA:501,0
DA:503,0
DA:506,0
DA:507,0
DA:512,0
DA:518,0
DA:520,0
DA:523,0
DA:524,0
DA:525,0
DA:531,0
DA:532,0
DA:533,0
DA:540,0
DA:541,0
DA:543,0
DA:553,0
DA:555,0
DA:559,0
DA:561,0
DA:562,0
DA:564,0
DA:565,0
DA:566,0
LF:152
LH:0
BRDA:78,1,0,0
BRDA:78,1,1,0
BRDA:83,2,0,0
BRDA:83,2,1,0
BRDA:88,3,0,0
BRDA:88,3,1,0
BRDA:122,4,0,0
BRDA:122,4,1,0
BRDA:123,5,0,0
BRDA:123,5,1,0
BRDA:124,6,0,0
BRDA:124,6,1,0
BRDA:127,7,0,0
BRDA:127,7,1,0
BRDA:144,8,0,0
BRDA:144,8,1,0
BRDA:146,9,0,0
BRDA:146,9,1,0
BRDA:153,10,0,0
BRDA:153,10,1,0
BRDA:189,11,0,0
BRDA:189,11,1,0
BRDA:213,12,0,0
BRDA:213,12,1,0
BRDA:234,13,0,0
BRDA:234,13,1,0
BRDA:256,14,0,0
BRDA:256,14,1,0
BRDA:289,15,0,0
BRDA:289,15,1,0
BRDA:315,16,0,0
BRDA:315,16,1,0
BRDA:325,17,0,0
BRDA:325,17,1,0
BRDA:379,18,0,0
BRDA:379,18,1,0
BRDA:412,19,0,0
BRDA:412,19,1,0
BRDA:423,20,0,0
BRDA:423,20,1,0
BRDA:424,21,0,0
BRDA:424,21,1,0
BRDA:428,22,0,0
BRDA:428,22,1,0
BRDA:431,23,0,0
BRDA:431,23,1,0
BRDA:447,24,0,0
BRDA:447,24,1,0
BRDA:450,25,0,0
BRDA:450,25,1,0
BRDA:474,26,0,0
BRDA:474,26,1,0
BRDA:475,27,0,0
BRDA:475,27,1,0
BRDA:499,28,0,0
BRDA:499,28,1,0
BRDA:506,29,0,0
BRDA:506,29,1,0
BRDA:518,30,0,0
BRDA:518,30,1,0
BRDA:524,31,0,0
BRDA:524,31,1,0
BRF:62
BRH:0
end_of_record
TN:
SF:/Users/denham/Documents/projects/wildcards/code/contracts/contracts/WildcardSteward_v3.sol
FN:120,onlyPatron
FN:125,onlyAdmin
FN:130,onlyReceivingBenefactorOrAdmin
FN:138,collectPatronageAndSettleBenefactor
FN:143,collectPatronagePatron
FN:148,youCurrentlyAreNotInDefault
FN:157,updateBenefactorBalance
FN:162,priceGreaterThanZero
FN:166,notNullAddress
FN:170,notSameAddress
FN:174,validWildcardsPercentage
FN:194,initialize
FN:206,uintToStr
FN:237,listNewTokens
FN:285,upgradeToV3
FN:367,changeReceivingBenefactor
FN:397,changeReceivingBenefactorDeposit
FN:406,changeAdmin
FN:413,changeWithdrawCheckerAdmin
FN:422,changeArtistAddressAndCommission
FN:429,_changeAuctionParameters
FN:450,changeAuctionParameters
FN:458,patronageOwedPatron
FN:471,patronageDueBenefactor
FN:484,foreclosedPatron
FN:492,foreclosed
FN:497,depositAbleToWithdraw
FN:510,foreclosureTimePatron
FN:521,foreclosureTime
FN:527,_collectLoyaltyPatron
FN:548,_collectPatronageAndSettleBenefactor
FN:592,safeSend
FN:606,_updateBenefactorBalance
FN:616,_increaseBenefactorBalance
FN:638,_decreaseBenefactorBalance
FN:660,fundsDueForAuctionPeriodAtCurrentRate
FN:671,withdrawBenefactorFundsTo
FN:702,hasher
FN:717,withdrawBenefactorFundsToValidated
FN:763,_collectPatronagePatron
FN:802,depositWei
FN:806,depositWeiPatron
FN:812,_auctionPrice
FN:851,buy
FN:884,buyAuction
FN:909,_distributeAuctionProceeds
FN:925,_distributePurchaseProceeds
FN:983,changePrice
FN:1010,withdrawDeposit
FN:1016,withdrawBenefactorFunds
FN:1020,exit
FN:1024,_withdrawDeposit
FN:1035,_foreclose
FN:1043,transferAssetTokenTo
FN:1081,resetTokenOnForeclosure
FNF:55
FNH:51
FNDA:10,onlyPatron
FNDA:251,onlyAdmin
FNDA:4,onlyReceivingBenefactorOrAdmin
FNDA:98,collectPatronageAndSettleBenefactor
FNDA:100,collectPatronagePatron
FNDA:86,youCurrentlyAreNotInDefault
FNDA:4,updateBenefactorBalance
FNDA:90,priceGreaterThanZero
FNDA:2,notNullAddress
FNDA:0,notSameAddress
FNDA:86,validWildcardsPercentage
FNDA:62,initialize
FNDA:165,uintToStr
FNDA:66,listNewTokens
FNDA:0,upgradeToV3
FNDA:2,changeReceivingBenefactor
FNDA:0,changeReceivingBenefactorDeposit
FNDA:1,changeAdmin
FNDA:0,changeWithdrawCheckerAdmin
FNDA:165,changeArtistAddressAndCommission
FNDA:77,_changeAuctionParameters
FNDA:15,changeAuctionParameters
FNDA:232,patronageOwedPatron
FNDA:122,patronageDueBenefactor
FNDA:6,foreclosedPatron
FNDA:3,foreclosed
FNDA:8,depositAbleToWithdraw
FNDA:3,foreclosureTimePatron
FNDA:2,foreclosureTime
FNDA:208,_collectLoyaltyPatron
FNDA:110,_collectPatronageAndSettleBenefactor
FNDA:4,safeSend
FNDA:108,_updateBenefactorBalance
FNDA:36,_increaseBenefactorBalance
FNDA:1,_decreaseBenefactorBalance
FNDA:2,fundsDueForAuctionPeriodAtCurrentRate
FNDA:2,withdrawBenefactorFundsTo
FNDA:4,hasher
FNDA:4,withdrawBenefactorFundsToValidated
FNDA:208,_collectPatronagePatron
FNDA:5,depositWei
FNDA:6,depositWeiPatron
FNDA:67,_auctionPrice
FNDA:15,buy
FNDA:71,buyAuction
FNDA:65,_distributeAuctionProceeds
FNDA:13,_distributePurchaseProceeds
FNDA:6,changePrice
FNDA:9,withdrawDeposit
FNDA:2,withdrawBenefactorFunds
FNDA:1,exit
FNDA:10,_withdrawDeposit
FNDA:13,_foreclose
FNDA:78,transferAssetTokenTo
FNDA:13,resetTokenOnForeclosure
DA:121,10
DA:122,6
DA:126,251
DA:127,247
DA:131,4
DA:135,2
DA:139,98
DA:140,96
DA:144,100
DA:145,100
DA:149,86
DA:154,86
DA:158,4
DA:159,4
DA:163,90
DA:164,86
DA:167,2
DA:168,2
DA:171,0
DA:172,0
DA:178,86
DA:183,86
DA:195,62
DA:196,62
DA:197,62
DA:198,62
DA:199,62
DA:211,165
DA:212,61
DA:215,104
DA:216,104
DA:217,104
DA:218,530
DA:219,530
DA:222,104
DA:223,104
DA:224,530
DA:225,530
DA:227,104
DA:238,66
DA:239,66
DA:240,66
DA:241,66
DA:243,66
DA:244,165
DA:245,165
DA:246,165
DA:247,165
DA:248,165
DA:251,165
DA:252,165
DA:253,165
DA:254,165
DA:257,165
DA:258,163
DA:260,2
DA:263,165
DA:269,165
DA:270,165
DA:286,0
DA:288,0
DA:289,0
DA:291,0
DA:292,0
DA:293,0
DA:295,0
DA:300,0
DA:307,0
DA:309,0
DA:313,0
DA:317,0
DA:321,0
DA:329,0
DA:334,0
DA:340,0
DA:343,0
DA:345,0
DA:348,0
DA:349,0
DA:352,0
DA:369,2
DA:371,2
DA:377,2
DA:378,2
DA:380,2
DA:383,2
DA:399,0
DA:401,0
DA:403,0
DA:407,1
DA:415,0
DA:423,165
DA:424,165
DA:425,165
DA:426,165
DA:434,77
DA:438,75
DA:440,73
DA:441,73
DA:442,73
DA:443,73
DA:451,15
DA:465,232
DA:478,122
DA:485,6
DA:486,5
DA:488,1
DA:493,3
DA:494,3
DA:502,8
DA:503,8
DA:504,1
DA:506,7
DA:515,3
DA:518,3
DA:522,2
DA:523,2
DA:531,208
DA:532,182
DA:537,182
DA:549,110
DA:550,108
DA:554,108
DA:556,108
DA:557,108
DA:558,13
DA:564,13
DA:567,13
DA:569,13
DA:574,13
DA:575,12
DA:580,1
DA:586,13
DA:588,95
DA:596,4
DA:607,108
DA:609,108
DA:610,24
DA:613,108
DA:620,36
DA:621,0
DA:622,0
DA:626,0
DA:629,0
DA:632,36
DA:642,1
DA:643,0
DA:644,0
DA:648,0
DA:651,0
DA:654,1
DA:665,2
DA:672,2
DA:674,2
DA:677,2
DA:680,2
DA:686,0
DA:689,0
DA:690,0
DA:691,0
DA:696,0
DA:708,4
DA:726,4
DA:730,4
DA:734,4
DA:736,4
DA:738,4
DA:740,4
DA:741,4
DA:742,0
DA:743,0
DA:746,0
DA:752,4
DA:753,3
DA:754,3
DA:767,208
DA:769,208
DA:771,208
DA:776,15
DA:778,15
DA:785,15
DA:786,15
DA:787,15
DA:791,193
DA:792,193
DA:793,193
DA:798,208
DA:799,208
DA:803,5
DA:807,6
DA:808,2
DA:809,2
DA:813,67
DA:818,67
DA:819,67
DA:820,4
DA:823,63
DA:826,67
DA:827,3
DA:830,64
DA:853,15
DA:854,13
DA:859,13
DA:861,13
DA:862,13
DA:863,13
DA:864,13
DA:870,13
DA:886,71
DA:890,69
DA:891,67
DA:892,67
DA:894,65
DA:896,65
DA:898,65
DA:899,65
DA:900,65
DA:906,65
DA:910,65
DA:911,65
DA:912,65
DA:913,63
DA:915,2
DA:918,2
DA:921,65
DA:922,65
DA:926,13
DA:927,13
DA:929,13
DA:930,0
DA:932,13
DA:937,13
DA:938,13
DA:939,11
DA:941,2
DA:944,2
DA:948,13
DA:951,13
DA:955,9
DA:958,9
DA:959,9
DA:962,9
DA:966,9
DA:967,1
DA:972,4
DA:977,13
DA:985,6
DA:986,4
DA:987,2
DA:989,2
DA:992,2
DA:993,2
DA:995,2
DA:1000,2
DA:1004,2
DA:1005,2
DA:1013,9
DA:1017,2
DA:1021,1
DA:1025,10
DA:1027,6
DA:1029,6
DA:1030,6
DA:1031,2
DA:1036,13
DA:1037,13
DA:1038,13
DA:1040,13
DA:1049,78
DA:1051,78
DA:1054,78
DA:1056,78
DA:1058,78
DA:1061,78
DA:1062,78
DA:1065,78
DA:1066,13
DA:1069,13
DA:1072,13
DA:1076,78
DA:1078,78
DA:1084,13
DA:1086,13
DA:1089,13
DA:1092,13
DA:1093,13
DA:1096,13
LF:287
LH:243
BRDA:121,1,0,6
BRDA:121,1,1,4
BRDA:126,2,0,247
BRDA:126,2,1,4
BRDA:131,3,0,2
BRDA:131,3,1,2
BRDA:149,4,0,86
BRDA:149,4,1,0
BRDA:163,5,0,86
BRDA:163,5,1,4
BRDA:167,6,0,2
BRDA:167,6,1,0
BRDA:171,7,0,0
BRDA:171,7,1,0
BRDA:178,8,0,86
BRDA:178,8,1,0
BRDA:211,9,0,61
BRDA:211,9,1,104
BRDA:238,10,0,66
BRDA:238,10,1,0
BRDA:239,11,0,66
BRDA:239,11,1,0
BRDA:240,12,0,66
BRDA:240,12,1,0
BRDA:241,13,0,66
BRDA:241,13,1,0
BRDA:245,14,0,165
BRDA:245,14,1,0
BRDA:257,15,0,163
BRDA:257,15,1,2
BRDA:269,16,0,165
BRDA:269,16,1,0
BRDA:288,17,0,0
BRDA:288,17,1,0
BRDA:307,18,0,0
BRDA:307,18,1,0
BRDA:348,19,0,0
BRDA:348,19,1,0
BRDA:371,20,0,2
BRDA:371,20,1,0
BRDA:399,21,0,0
BRDA:399,21,1,0
BRDA:423,22,0,165
BRDA:423,22,1,0
BRDA:434,23,0,75
BRDA:434,23,1,2
BRDA:438,24,0,73
BRDA:438,24,1,2
BRDA:485,25,0,5
BRDA:485,25,1,1
BRDA:503,26,0,1
BRDA:503,26,1,7
BRDA:531,27,0,182
BRDA:531,27,1,26
BRDA:557,28,0,13
BRDA:557,28,1,95
BRDA:574,29,0,12
BRDA:574,29,1,1
BRDA:609,30,0,24
BRDA:609,30,1,84
BRDA:620,31,0,0
BRDA:620,31,1,36
BRDA:621,32,0,0
BRDA:621,32,1,0
BRDA:642,33,0,0
BRDA:642,33,1,1
BRDA:643,34,0,0
BRDA:643,34,1,0
BRDA:680,35,0,0
BRDA:680,35,1,2
BRDA:690,36,0,0
BRDA:690,36,1,0
BRDA:726,37,0,4
BRDA:726,37,1,0
BRDA:730,38,0,4
BRDA:730,38,1,0
BRDA:734,39,0,4
BRDA:734,39,1,0
BRDA:740,40,0,4
BRDA:740,40,1,0
BRDA:741,41,0,0
BRDA:741,41,1,4
BRDA:742,42,0,0
BRDA:742,42,1,0
BRDA:752,43,0,3
BRDA:752,43,1,1
BRDA:771,44,0,15
BRDA:771,44,1,193
BRDA:807,45,0,2
BRDA:807,45,1,4
BRDA:819,46,0,4
BRDA:819,46,1,63
BRDA:826,47,0,3
BRDA:826,47,1,64
BRDA:853,48,0,13
BRDA:853,48,1,2
BRDA:854,49,0,13
BRDA:854,49,1,0
BRDA:886,50,0,69
BRDA:886,50,1,2
BRDA:890,51,0,67
BRDA:890,51,1,2
BRDA:912,52,0,63
BRDA:912,52,1,2
BRDA:929,53,0,0
BRDA:929,53,1,13
BRDA:938,54,0,11
BRDA:938,54,1,2
BRDA:951,55,0,9
BRDA:951,55,1,4
BRDA:966,56,0,1
BRDA:966,56,1,8
BRDA:985,57,0,4
BRDA:985,57,1,2
BRDA:986,58,0,2
BRDA:986,58,1,2
BRDA:987,59,0,2
BRDA:987,59,1,0
BRDA:1025,60,0,6
BRDA:1025,60,1,4
BRDA:1030,61,0,2
BRDA:1030,61,1,4
BRDA:1049,62,0,78
BRDA:1049,62,1,0
BRDA:1065,63,0,13
BRDA:1065,63,1,65
BRF:126
BRH:85
end_of_record
